<?xml version="1.0" encoding="UTF-8"?>
<robot generator="Robot 4.1.3 (Python 3.8.5 on win32)" generated="20220419 02:05:54.424" rpa="false" schemaversion="2">
<suite id="s1" name="Testcase" source="C:\AppDocument\PyCharm\automation-robot-ui\Testcase">
<suite id="s1-s1" name="MP" source="C:\AppDocument\PyCharm\automation-robot-ui\Testcase\MP">
<suite id="s1-s1-s1" name="107 SellerDashboardCase" source="C:\AppDocument\PyCharm\automation-robot-ui\Testcase\MP\107_SellerDashboardCase.robot">
<kw name="Run Keywords" library="BuiltIn" type="SETUP">
<arg>Initial Data And Open Browser</arg>
<arg>${URL_MIK_SIGNIN}${Return_Url}</arg>
<arg>SellerDashboard</arg>
<arg>AND</arg>
<arg>User Sign In - MP</arg>
<arg>${SELLER_EMAIL}</arg>
<arg>${SELLER_PWD}</arg>
<arg>${SELLER_NAME}</arg>
<arg>AND</arg>
<arg>API - Seller Sign In</arg>
<doc>Executes all the given keywords in a sequence.</doc>
<kw name="Initial Data And Open Browser" library="CommonKeywords">
<arg>${URL_MIK_SIGNIN}${Return_Url}</arg>
<arg>SellerDashboard</arg>
<kw name="Initial Env Data" library="CommonKeywords">
<kw name="Set Library Search Order" library="BuiltIn">
<arg>CustomSeleniumKeywords</arg>
<doc>Sets the resolution order to use when a name matches multiple keywords.</doc>
<status status="PASS" starttime="20220419 02:05:56.758" endtime="20220419 02:05:56.758"/>
</kw>
<kw name="Set Selenium Timeout" library="CustomSeleniumKeywords">
<arg>${TIME_OUT}</arg>
<doc>Sets the timeout that is used by various keywords.</doc>
<status status="PASS" starttime="20220419 02:05:56.759" endtime="20220419 02:05:56.759"/>
</kw>
<kw name="Get Config Ini" library="CommonLibrary">
<var>${config}</var>
<arg>${ENV}</arg>
<arg>${config_name}</arg>
<msg timestamp="20220419 02:05:56.760" level="INFO">${config} = {'seller_email': 'ui_seller_03@snapmail.cc', 'seller_name': 'UITestSeller', 'seller_pwd': 'Password123', 'seller_store_name': 'storeseller03', 'seller_store_id': '6120385227812626432', 'seller_lst_ema...</msg>
<status status="PASS" starttime="20220419 02:05:56.759" endtime="20220419 02:05:56.760"/>
</kw>
<kw name="Set Variable" library="BuiltIn">
<var>${item}</var>
<doc>Returns the given values which can then be assigned to a variables.</doc>
<msg timestamp="20220419 02:05:56.761" level="INFO">${item} = </msg>
<status status="PASS" starttime="20220419 02:05:56.761" endtime="20220419 02:05:56.761"/>
</kw>
<for flavor="IN">
<var>${item}</var>
<value>&amp;{config}</value>
<iter>
<var name="${item}">('seller_email', 'ui_seller_03@snapmail.cc')</var>
<kw name="Log" library="BuiltIn">
<arg>${item[0]}</arg>
<doc>Logs the given message with the given level.</doc>
<msg timestamp="20220419 02:05:56.763" level="INFO">seller_email</msg>
<status status="PASS" starttime="20220419 02:05:56.761" endtime="20220419 02:05:56.763"/>
</kw>
<kw name="Set Suite Variable" library="BuiltIn">
<arg>${${item[0]}}</arg>
<arg>${item[1]}</arg>
<doc>Makes a variable available everywhere within the scope of the current suite.</doc>
<msg timestamp="20220419 02:05:56.766" level="INFO">${seller_email} = ui_seller_03@snapmail.cc</msg>
<status status="PASS" starttime="20220419 02:05:56.763" endtime="20220419 02:05:56.767"/>
</kw>
<status status="PASS" starttime="20220419 02:05:56.761" endtime="20220419 02:05:56.767"/>
</iter>
<iter>
<var name="${item}">('seller_name', 'UITestSeller')</var>
<kw name="Log" library="BuiltIn">
<arg>${item[0]}</arg>
<doc>Logs the given message with the given level.</doc>
<msg timestamp="20220419 02:05:56.768" level="INFO">seller_name</msg>
<status status="PASS" starttime="20220419 02:05:56.767" endtime="20220419 02:05:56.768"/>
</kw>
<kw name="Set Suite Variable" library="BuiltIn">
<arg>${${item[0]}}</arg>
<arg>${item[1]}</arg>
<doc>Makes a variable available everywhere within the scope of the current suite.</doc>
<msg timestamp="20220419 02:05:56.772" level="INFO">${seller_name} = UITestSeller</msg>
<status status="PASS" starttime="20220419 02:05:56.768" endtime="20220419 02:05:56.772"/>
</kw>
<status status="PASS" starttime="20220419 02:05:56.767" endtime="20220419 02:05:56.772"/>
</iter>
<iter>
<var name="${item}">('seller_pwd', 'Password123')</var>
<kw name="Log" library="BuiltIn">
<arg>${item[0]}</arg>
<doc>Logs the given message with the given level.</doc>
<msg timestamp="20220419 02:05:56.774" level="INFO">seller_pwd</msg>
<status status="PASS" starttime="20220419 02:05:56.773" endtime="20220419 02:05:56.774"/>
</kw>
<kw name="Set Suite Variable" library="BuiltIn">
<arg>${${item[0]}}</arg>
<arg>${item[1]}</arg>
<doc>Makes a variable available everywhere within the scope of the current suite.</doc>
<msg timestamp="20220419 02:05:56.779" level="INFO">${seller_pwd} = Password123</msg>
<status status="PASS" starttime="20220419 02:05:56.774" endtime="20220419 02:05:56.779"/>
</kw>
<status status="PASS" starttime="20220419 02:05:56.772" endtime="20220419 02:05:56.779"/>
</iter>
<iter>
<var name="${item}">('seller_store_name', 'storeseller03')</var>
<kw name="Log" library="BuiltIn">
<arg>${item[0]}</arg>
<doc>Logs the given message with the given level.</doc>
<msg timestamp="20220419 02:05:56.781" level="INFO">seller_store_name</msg>
<status status="PASS" starttime="20220419 02:05:56.779" endtime="20220419 02:05:56.781"/>
</kw>
<kw name="Set Suite Variable" library="BuiltIn">
<arg>${${item[0]}}</arg>
<arg>${item[1]}</arg>
<doc>Makes a variable available everywhere within the scope of the current suite.</doc>
<msg timestamp="20220419 02:05:56.786" level="INFO">${seller_store_name} = storeseller03</msg>
<status status="PASS" starttime="20220419 02:05:56.782" endtime="20220419 02:05:56.786"/>
</kw>
<status status="PASS" starttime="20220419 02:05:56.779" endtime="20220419 02:05:56.786"/>
</iter>
<iter>
<var name="${item}">('seller_store_id', '6120385227812626432')</var>
<kw name="Log" library="BuiltIn">
<arg>${item[0]}</arg>
<doc>Logs the given message with the given level.</doc>
<msg timestamp="20220419 02:05:56.788" level="INFO">seller_store_id</msg>
<status status="PASS" starttime="20220419 02:05:56.786" endtime="20220419 02:05:56.788"/>
</kw>
<kw name="Set Suite Variable" library="BuiltIn">
<arg>${${item[0]}}</arg>
<arg>${item[1]}</arg>
<doc>Makes a variable available everywhere within the scope of the current suite.</doc>
<msg timestamp="20220419 02:05:56.792" level="INFO">${seller_store_id} = 6120385227812626432</msg>
<status status="PASS" starttime="20220419 02:05:56.788" endtime="20220419 02:05:56.792"/>
</kw>
<status status="PASS" starttime="20220419 02:05:56.786" endtime="20220419 02:05:56.792"/>
</iter>
<iter>
<var name="${item}">('seller_lst_email', 'au_jilwql_qa@snapmail.cc')</var>
<kw name="Log" library="BuiltIn">
<arg>${item[0]}</arg>
<doc>Logs the given message with the given level.</doc>
<msg timestamp="20220419 02:05:56.794" level="INFO">seller_lst_email</msg>
<status status="PASS" starttime="20220419 02:05:56.792" endtime="20220419 02:05:56.794"/>
</kw>
<kw name="Set Suite Variable" library="BuiltIn">
<arg>${${item[0]}}</arg>
<arg>${item[1]}</arg>
<doc>Makes a variable available everywhere within the scope of the current suite.</doc>
<msg timestamp="20220419 02:05:56.800" level="INFO">${seller_lst_email} = au_jilwql_qa@snapmail.cc</msg>
<status status="PASS" starttime="20220419 02:05:56.794" endtime="20220419 02:05:56.800"/>
</kw>
<status status="PASS" starttime="20220419 02:05:56.792" endtime="20220419 02:05:56.800"/>
</iter>
<iter>
<var name="${item}">('seller_lst_name', 'JILWQL')</var>
<kw name="Log" library="BuiltIn">
<arg>${item[0]}</arg>
<doc>Logs the given message with the given level.</doc>
<msg timestamp="20220419 02:05:56.802" level="INFO">seller_lst_name</msg>
<status status="PASS" starttime="20220419 02:05:56.800" endtime="20220419 02:05:56.802"/>
</kw>
<kw name="Set Suite Variable" library="BuiltIn">
<arg>${${item[0]}}</arg>
<arg>${item[1]}</arg>
<doc>Makes a variable available everywhere within the scope of the current suite.</doc>
<msg timestamp="20220419 02:05:56.809" level="INFO">${seller_lst_name} = JILWQL</msg>
<status status="PASS" starttime="20220419 02:05:56.802" endtime="20220419 02:05:56.809"/>
</kw>
<status status="PASS" starttime="20220419 02:05:56.800" endtime="20220419 02:05:56.809"/>
</iter>
<iter>
<var name="${item}">('seller_act_email', 'au_qjlryub_qa@snapmail.cc')</var>
<kw name="Log" library="BuiltIn">
<arg>${item[0]}</arg>
<doc>Logs the given message with the given level.</doc>
<msg timestamp="20220419 02:05:56.811" level="INFO">seller_act_email</msg>
<status status="PASS" starttime="20220419 02:05:56.809" endtime="20220419 02:05:56.811"/>
</kw>
<kw name="Set Suite Variable" library="BuiltIn">
<arg>${${item[0]}}</arg>
<arg>${item[1]}</arg>
<doc>Makes a variable available everywhere within the scope of the current suite.</doc>
<msg timestamp="20220419 02:05:56.817" level="INFO">${seller_act_email} = au_qjlryub_qa@snapmail.cc</msg>
<status status="PASS" starttime="20220419 02:05:56.811" endtime="20220419 02:05:56.817"/>
</kw>
<status status="PASS" starttime="20220419 02:05:56.809" endtime="20220419 02:05:56.817"/>
</iter>
<iter>
<var name="${item}">('seller_act_name', 'QJLRYUB')</var>
<kw name="Log" library="BuiltIn">
<arg>${item[0]}</arg>
<doc>Logs the given message with the given level.</doc>
<msg timestamp="20220419 02:05:56.819" level="INFO">seller_act_name</msg>
<status status="PASS" starttime="20220419 02:05:56.818" endtime="20220419 02:05:56.819"/>
</kw>
<kw name="Set Suite Variable" library="BuiltIn">
<arg>${${item[0]}}</arg>
<arg>${item[1]}</arg>
<doc>Makes a variable available everywhere within the scope of the current suite.</doc>
<msg timestamp="20220419 02:05:56.826" level="INFO">${seller_act_name} = QJLRYUB</msg>
<status status="PASS" starttime="20220419 02:05:56.820" endtime="20220419 02:05:56.826"/>
</kw>
<status status="PASS" starttime="20220419 02:05:56.818" endtime="20220419 02:05:56.826"/>
</iter>
<iter>
<var name="${item}">('buyer_email', 'ui_buyer_03@snapmail.cc')</var>
<kw name="Log" library="BuiltIn">
<arg>${item[0]}</arg>
<doc>Logs the given message with the given level.</doc>
<msg timestamp="20220419 02:05:56.828" level="INFO">buyer_email</msg>
<status status="PASS" starttime="20220419 02:05:56.826" endtime="20220419 02:05:56.828"/>
</kw>
<kw name="Set Suite Variable" library="BuiltIn">
<arg>${${item[0]}}</arg>
<arg>${item[1]}</arg>
<doc>Makes a variable available everywhere within the scope of the current suite.</doc>
<msg timestamp="20220419 02:05:56.835" level="INFO">${buyer_email} = ui_buyer_03@snapmail.cc</msg>
<status status="PASS" starttime="20220419 02:05:56.828" endtime="20220419 02:05:56.835"/>
</kw>
<status status="PASS" starttime="20220419 02:05:56.826" endtime="20220419 02:05:56.835"/>
</iter>
<iter>
<var name="${item}">('buyer_name', 'UITestBuyer')</var>
<kw name="Log" library="BuiltIn">
<arg>${item[0]}</arg>
<doc>Logs the given message with the given level.</doc>
<msg timestamp="20220419 02:05:56.838" level="INFO">buyer_name</msg>
<status status="PASS" starttime="20220419 02:05:56.836" endtime="20220419 02:05:56.838"/>
</kw>
<kw name="Set Suite Variable" library="BuiltIn">
<arg>${${item[0]}}</arg>
<arg>${item[1]}</arg>
<doc>Makes a variable available everywhere within the scope of the current suite.</doc>
<msg timestamp="20220419 02:05:56.845" level="INFO">${buyer_name} = UITestBuyer</msg>
<status status="PASS" starttime="20220419 02:05:56.838" endtime="20220419 02:05:56.845"/>
</kw>
<status status="PASS" starttime="20220419 02:05:56.835" endtime="20220419 02:05:56.845"/>
</iter>
<iter>
<var name="${item}">('buyer_pwd', 'Password123')</var>
<kw name="Log" library="BuiltIn">
<arg>${item[0]}</arg>
<doc>Logs the given message with the given level.</doc>
<msg timestamp="20220419 02:05:56.846" level="INFO">buyer_pwd</msg>
<status status="PASS" starttime="20220419 02:05:56.845" endtime="20220419 02:05:56.846"/>
</kw>
<kw name="Set Suite Variable" library="BuiltIn">
<arg>${${item[0]}}</arg>
<arg>${item[1]}</arg>
<doc>Makes a variable available everywhere within the scope of the current suite.</doc>
<msg timestamp="20220419 02:05:56.855" level="INFO">${buyer_pwd} = Password123</msg>
<status status="PASS" starttime="20220419 02:05:56.847" endtime="20220419 02:05:56.855"/>
</kw>
<status status="PASS" starttime="20220419 02:05:56.845" endtime="20220419 02:05:56.855"/>
</iter>
<iter>
<var name="${item}">('buyer_pwd_new', 'Password1234')</var>
<kw name="Log" library="BuiltIn">
<arg>${item[0]}</arg>
<doc>Logs the given message with the given level.</doc>
<msg timestamp="20220419 02:05:56.857" level="INFO">buyer_pwd_new</msg>
<status status="PASS" starttime="20220419 02:05:56.855" endtime="20220419 02:05:56.857"/>
</kw>
<kw name="Set Suite Variable" library="BuiltIn">
<arg>${${item[0]}}</arg>
<arg>${item[1]}</arg>
<doc>Makes a variable available everywhere within the scope of the current suite.</doc>
<msg timestamp="20220419 02:05:56.865" level="INFO">${buyer_pwd_new} = Password1234</msg>
<status status="PASS" starttime="20220419 02:05:56.857" endtime="20220419 02:05:56.865"/>
</kw>
<status status="PASS" starttime="20220419 02:05:56.855" endtime="20220419 02:05:56.865"/>
</iter>
<iter>
<var name="${item}">('map_email', 'john493@michaels.com')</var>
<kw name="Log" library="BuiltIn">
<arg>${item[0]}</arg>
<doc>Logs the given message with the given level.</doc>
<msg timestamp="20220419 02:05:56.868" level="INFO">map_email</msg>
<status status="PASS" starttime="20220419 02:05:56.865" endtime="20220419 02:05:56.868"/>
</kw>
<kw name="Set Suite Variable" library="BuiltIn">
<arg>${${item[0]}}</arg>
<arg>${item[1]}</arg>
<doc>Makes a variable available everywhere within the scope of the current suite.</doc>
<msg timestamp="20220419 02:05:56.875" level="INFO">${map_email} = john493@michaels.com</msg>
<status status="PASS" starttime="20220419 02:05:56.868" endtime="20220419 02:05:56.875"/>
</kw>
<status status="PASS" starttime="20220419 02:05:56.865" endtime="20220419 02:05:56.875"/>
</iter>
<iter>
<var name="${item}">('map_pwd', 'Qq123456')</var>
<kw name="Log" library="BuiltIn">
<arg>${item[0]}</arg>
<doc>Logs the given message with the given level.</doc>
<msg timestamp="20220419 02:05:56.877" level="INFO">map_pwd</msg>
<status status="PASS" starttime="20220419 02:05:56.875" endtime="20220419 02:05:56.877"/>
</kw>
<kw name="Set Suite Variable" library="BuiltIn">
<arg>${${item[0]}}</arg>
<arg>${item[1]}</arg>
<doc>Makes a variable available everywhere within the scope of the current suite.</doc>
<msg timestamp="20220419 02:05:56.884" level="INFO">${map_pwd} = Qq123456</msg>
<status status="PASS" starttime="20220419 02:05:56.878" endtime="20220419 02:05:56.884"/>
</kw>
<status status="PASS" starttime="20220419 02:05:56.875" endtime="20220419 02:05:56.884"/>
</iter>
<status status="PASS" starttime="20220419 02:05:56.761" endtime="20220419 02:05:56.884"/>
</for>
<kw name="Return Or Enter Key" library="CommonLibrary">
<var>${RETURN_OR_ENTER}</var>
<msg timestamp="20220419 02:05:56.884" level="INFO">${RETURN_OR_ENTER} = RETURN</msg>
<status status="PASS" starttime="20220419 02:05:56.884" endtime="20220419 02:05:56.884"/>
</kw>
<kw name="Set Suite Variable" library="BuiltIn">
<arg>${RETURN_OR_ENTER}</arg>
<arg>${RETURN_OR_ENTER}</arg>
<doc>Makes a variable available everywhere within the scope of the current suite.</doc>
<msg timestamp="20220419 02:05:56.885" level="INFO">${RETURN_OR_ENTER} = RETURN</msg>
<status status="PASS" starttime="20220419 02:05:56.884" endtime="20220419 02:05:56.885"/>
</kw>
<kw name="Ctrl Or Command Key" library="CommonLibrary">
<var>${CTRL_OR_COMMAND}</var>
<msg timestamp="20220419 02:05:56.885" level="INFO">${CTRL_OR_COMMAND} = CONTROL</msg>
<status status="PASS" starttime="20220419 02:05:56.885" endtime="20220419 02:05:56.885"/>
</kw>
<kw name="Set Suite Variable" library="BuiltIn">
<arg>${CTRL_OR_COMMAND}</arg>
<arg>${CTRL_OR_COMMAND}</arg>
<doc>Makes a variable available everywhere within the scope of the current suite.</doc>
<msg timestamp="20220419 02:05:56.885" level="INFO">${CTRL_OR_COMMAND} = CONTROL</msg>
<status status="PASS" starttime="20220419 02:05:56.885" endtime="20220419 02:05:56.885"/>
</kw>
<status status="PASS" starttime="20220419 02:05:56.758" endtime="20220419 02:05:56.886"/>
</kw>
<kw name="Set Selenium Timeout" library="CustomSeleniumKeywords">
<arg>${TIME_OUT}</arg>
<doc>Sets the timeout that is used by various keywords.</doc>
<status status="PASS" starttime="20220419 02:05:56.886" endtime="20220419 02:05:56.886"/>
</kw>
<kw name="Open Browser" library="CustomSeleniumKeywords">
<arg>${url}</arg>
<arg>${BROWSER}</arg>
<arg>${brower_name}</arg>
<doc>Opens a new browser instance to the optional ``url``.</doc>
<msg timestamp="20220419 02:05:56.887" level="INFO">Opening browser 'Chrome' to base url 'https://mik.qa.platform.michaels.com/signin?returnUrl=/mp/sellertools/dashboard'.</msg>
<status status="PASS" starttime="20220419 02:05:56.886" endtime="20220419 02:06:29.533"/>
</kw>
<kw name="Sleep" library="BuiltIn">
<arg>1</arg>
<doc>Pauses the test executed for the given time.</doc>
<msg timestamp="20220419 02:06:30.536" level="INFO">Slept 1 second</msg>
<status status="PASS" starttime="20220419 02:06:29.533" endtime="20220419 02:06:30.536"/>
</kw>
<kw name="Maximize Browser Window" library="CustomSeleniumKeywords">
<doc>Maximizes current browser window.</doc>
<status status="PASS" starttime="20220419 02:06:30.536" endtime="20220419 02:06:30.674"/>
</kw>
<status status="PASS" starttime="20220419 02:05:56.757" endtime="20220419 02:06:30.674"/>
</kw>
<kw name="User Sign In - MP" library="CommonKeywords">
<arg>${SELLER_EMAIL}</arg>
<arg>${SELLER_PWD}</arg>
<arg>${SELLER_NAME}</arg>
<kw name="Sleep" library="BuiltIn">
<arg>3</arg>
<doc>Pauses the test executed for the given time.</doc>
<msg timestamp="20220419 02:06:33.690" level="INFO">Slept 3 seconds</msg>
<status status="PASS" starttime="20220419 02:06:30.675" endtime="20220419 02:06:33.690"/>
</kw>
<kw name="Get Element Count" library="CustomSeleniumKeywords">
<var>${count}</var>
<arg>//p[text()='Sign In']</arg>
<doc>Returns the number of elements matching ``locator``.</doc>
<msg timestamp="20220419 02:06:33.701" level="INFO">${count} = 1</msg>
<status status="PASS" starttime="20220419 02:06:33.690" endtime="20220419 02:06:33.701"/>
</kw>
<if>
<branch type="IF" condition="'${count}'=='1'">
<kw name="Wait Until Element Is Visible" library="CustomSeleniumKeywords">
<arg>//p[text()='Sign In']</arg>
<doc>Waits until the element ``locator`` is visible.</doc>
<status status="PASS" starttime="20220419 02:06:33.701" endtime="20220419 02:06:33.723"/>
</kw>
<kw name="Click Element" library="CustomSeleniumKeywords">
<arg>//*[text()='Sign In']</arg>
<msg timestamp="20220419 02:06:33.775" level="INFO">Click Element //*[text()='Sign In'].</msg>
<status status="PASS" starttime="20220419 02:06:33.723" endtime="20220419 02:06:33.775"/>
</kw>
<status status="PASS" starttime="20220419 02:06:33.701" endtime="20220419 02:06:33.775"/>
</branch>
<status status="PASS" starttime="20220419 02:06:33.701" endtime="20220419 02:06:33.775"/>
</if>
<kw name="Wait Until Element Is Visible" library="CustomSeleniumKeywords">
<arg>//input[@id="email"]</arg>
<doc>Waits until the element ``locator`` is visible.</doc>
<status status="PASS" starttime="20220419 02:06:33.776" endtime="20220419 02:06:33.799"/>
</kw>
<kw name="Input Text" library="CustomSeleniumKeywords">
<arg>//input[@id="email"]</arg>
<arg>${email}</arg>
<msg timestamp="20220419 02:06:34.145" level="INFO">Input ui_seller_03@snapmail.cc To Element //input[@id="email"].</msg>
<status status="PASS" starttime="20220419 02:06:33.799" endtime="20220419 02:06:34.145"/>
</kw>
<kw name="Sleep" library="BuiltIn">
<arg>1</arg>
<doc>Pauses the test executed for the given time.</doc>
<msg timestamp="20220419 02:06:35.147" level="INFO">Slept 1 second</msg>
<status status="PASS" starttime="20220419 02:06:34.145" endtime="20220419 02:06:35.147"/>
</kw>
<kw name="Input Text" library="CustomSeleniumKeywords">
<arg>//input[@id="password"]</arg>
<arg>${pwd}</arg>
<msg timestamp="20220419 02:06:35.314" level="INFO">Input Password123 To Element //input[@id="password"].</msg>
<status status="PASS" starttime="20220419 02:06:35.147" endtime="20220419 02:06:35.314"/>
</kw>
<kw name="Sleep" library="BuiltIn">
<arg>1</arg>
<doc>Pauses the test executed for the given time.</doc>
<msg timestamp="20220419 02:06:36.318" level="INFO">Slept 1 second</msg>
<status status="PASS" starttime="20220419 02:06:35.314" endtime="20220419 02:06:36.318"/>
</kw>
<kw name="Click Element" library="CustomSeleniumKeywords">
<arg>//div[text()="SIGN IN"]/parent::button[@type="submit"]</arg>
<msg timestamp="20220419 02:06:36.402" level="INFO">Click Element //div[text()="SIGN IN"]/parent::button[@type="submit"].</msg>
<status status="PASS" starttime="20220419 02:06:36.318" endtime="20220419 02:06:36.403"/>
</kw>
<kw name="Set Suite Variable" library="BuiltIn">
<arg>${Cur_User_Name}</arg>
<arg>${name}</arg>
<doc>Makes a variable available everywhere within the scope of the current suite.</doc>
<msg timestamp="20220419 02:06:36.403" level="INFO">${Cur_User_Name} = UITestSeller</msg>
<status status="PASS" starttime="20220419 02:06:36.403" endtime="20220419 02:06:36.403"/>
</kw>
<kw name="Wait Until Page Contains Elements Ignore Ad" library="CustomSeleniumKeywords">
<arg>//p[text()='${Cur_User_Name}']</arg>
<arg>30</arg>
<msg timestamp="20220419 02:06:53.989" level="INFO">Find element: //p[text()='UITestSeller'] success!</msg>
<status status="PASS" starttime="20220419 02:06:36.404" endtime="20220419 02:06:53.989"/>
</kw>
<status status="PASS" starttime="20220419 02:06:30.674" endtime="20220419 02:06:53.990"/>
</kw>
<kw name="API - Seller Sign In" library="EAInitialSellerDataAPiKeywords">
<if>
<branch type="IF" condition="&quot;${email}&quot;==&quot;${None}&quot;">
<kw name="Mik - User Sign In By Secure - POST" library="CommonApiKeywords">
<var>${data}</var>
<arg>${SELLER_EMAIL}</arg>
<arg>${SELLER_PWD}</arg>
<kw name="Create Dictionary" library="BuiltIn">
<var>${user_account}</var>
<arg>email=${email}</arg>
<arg>password=${pwd}</arg>
<doc>Creates and returns a dictionary based on the given ``items``.</doc>
<msg timestamp="20220419 02:06:53.992" level="INFO">${user_account} = {'email': 'ui_seller_03@snapmail.cc', 'password': 'Password123'}</msg>
<status status="PASS" starttime="20220419 02:06:53.991" endtime="20220419 02:06:53.992"/>
</kw>
<kw name="Mik - Get Public Key And Encrypt Account Info" library="CommonApiKeywords">
<arg>${user_account}</arg>
<kw name="Send Get Request" library="CommonApiKeywords">
<var>${res}</var>
<arg>${API_HOST_MIK}</arg>
<arg>/usr/user/get-public-key</arg>
<if>
<branch type="IF" condition="&quot;${headers}&quot;==&quot;${None}&quot;">
<kw name="Set Get Headers" library="CommonApiKeywords">
<var>${headers}</var>
<arg>${None}</arg>
<kw name="Create Dictionary" library="BuiltIn">
<var>${headers}</var>
<arg>Content-Type=text/html;charset=utf-8</arg>
<arg>User-Agent=Custom</arg>
<doc>Creates and returns a dictionary based on the given ``items``.</doc>
<msg timestamp="20220419 02:06:53.993" level="INFO">${headers} = {'Content-Type': 'text/html;charset=utf-8', 'User-Agent': 'Custom'}</msg>
<status status="PASS" starttime="20220419 02:06:53.993" endtime="20220419 02:06:53.993"/>
</kw>
<if>
<branch type="IF" condition="&quot;${token}&quot;!=&quot;${None}&quot;">
<kw name="Set To Dictionary" library="Collections">
<arg>${headers}</arg>
<arg>Authorization</arg>
<arg>Bearer ${token}</arg>
<doc>Adds the given ``key_value_pairs`` and ``items`` to the ``dictionary``.</doc>
<status status="NOT RUN" starttime="20220419 02:06:53.994" endtime="20220419 02:06:53.994"/>
</kw>
<status status="NOT RUN" starttime="20220419 02:06:53.994" endtime="20220419 02:06:53.994"/>
</branch>
<status status="PASS" starttime="20220419 02:06:53.993" endtime="20220419 02:06:53.994"/>
</if>
<msg timestamp="20220419 02:06:53.994" level="INFO">${headers} = {'Content-Type': 'text/html;charset=utf-8', 'User-Agent': 'Custom'}</msg>
<status status="PASS" starttime="20220419 02:06:53.993" endtime="20220419 02:06:53.994"/>
</kw>
<status status="PASS" starttime="20220419 02:06:53.993" endtime="20220419 02:06:53.994"/>
</branch>
<status status="PASS" starttime="20220419 02:06:53.992" endtime="20220419 02:06:53.994"/>
</if>
<kw name="Create Session" library="RequestsLibrary">
<arg>alias</arg>
<arg>url=${url}</arg>
<arg>headers=${headers}</arg>
<arg>verify=${True}</arg>
<arg>timeout=${timeout}</arg>
<doc>Create Session: create a HTTP session to a server</doc>
<msg timestamp="20220419 02:06:53.995" level="INFO">Creating Session using : alias=alias, url=https://mik.qa.platform.michaels.com/api, headers={'Content-Type': 'text/html;charset=utf-8', 'User-Agent': 'Custom'},                     cookies={}, auth=None, timeout=15, proxies=None, verify=True,                     debug=0 </msg>
<status status="PASS" starttime="20220419 02:06:53.994" endtime="20220419 02:06:53.995"/>
</kw>
<kw name="GET On Session" library="RequestsLibrary">
<var>${response}</var>
<arg>alias</arg>
<arg>${path}</arg>
<arg>params=${data}</arg>
<arg>verify=${False}</arg>
<arg>expected_status=${status}</arg>
<doc>Sends a GET request on a previously created HTTP Session.</doc>
<msg timestamp="20220419 02:06:54.311" level="INFO">GET Request : url=https://mik.qa.platform.michaels.com/api/usr/user/get-public-key 
 path_url=/api/usr/user/get-public-key 
 headers={'User-Agent': 'Custom', 'Accept-Encoding': 'gzip, deflate', 'Accept': '*/*', 'Connection': 'keep-alive', 'Content-Type': 'text/html;charset=utf-8'} 
 body=None 
 </msg>
<msg timestamp="20220419 02:06:54.311" level="INFO">GET Response : url=https://mik.qa.platform.michaels.com/api/usr/user/get-public-key 
 status=200, reason= 
 headers={'Content-Type': 'application/json', 'Transfer-Encoding': 'chunked', 'X-Frame-Options': 'DENY', 'X-Content-Type-Options': 'nosniff', 'X-XSS-Protection': '1; mode=block', 'Vary': 'Origin, Access-Control-Request-Method, Access-Control-Request-Headers, Origin', 'Date': 'Tue, 19 Apr 2022 07:06:53 GMT', 'Server': 'Tomcat', 'Strict-Transport-Security': 'max-age=31536000', 'Cache-Control': 'no-cache=Set-Cookie, no-store, private', 'Access-Control-Allow-Credentials': 'true', 'Via': '1.1 google', 'Alt-Svc': 'clear'} 
 body={"code":"200","message":"Succeeded","data":{"publicKey":"MIIBIjANBgkqhkiG9w0BAQEFAAOCAQ8AMIIBCgKCAQEArZjXir6We1d63GNmQXphs3TupULeSeJXQ0OFi7IR+g3FW2iHbjRraP+oajI+2ArxX4cKE2jYsycnS4VpsNKwZv/kF+SARVXVL4QLZ1RGeGI+Ml3JKLjfFZuHMRES3bW91Ilo7ZuhO/CKWyVqxfAEMd5WXxlNruG97/kmcM/e2iP4MHbgbvRIvP95kvn/xp+yoLGiTwS+CjlUBeoYc9O4l2OakMJTysk8ghkhhkAkOYMkz5OjIYk8R9YseeDxlAE7amcYB3fpHVpSfSBE+A5KxmrK9kikr+fSfqetGsN6Q7tJBZXBsg4fqPLxVkwcdDC7ghgHiwP2vV+yxtajUDm91QIDAQAB","serverTime":"1650352013560"}} 
 </msg>
<msg timestamp="20220419 02:06:54.311" level="INFO">${response} = &lt;Response [200]&gt;</msg>
<status status="PASS" starttime="20220419 02:06:53.995" endtime="20220419 02:06:54.311"/>
</kw>
<kw name="Should Not Be Empty" library="BuiltIn">
<arg>${response.text}</arg>
<doc>Verifies that the given item is not empty.</doc>
<msg timestamp="20220419 02:06:54.313" level="INFO">Length is 481</msg>
<status status="PASS" starttime="20220419 02:06:54.311" endtime="20220419 02:06:54.313"/>
</kw>
<msg timestamp="20220419 02:06:54.313" level="INFO">${res} = &lt;Response [200]&gt;</msg>
<status status="PASS" starttime="20220419 02:06:53.992" endtime="20220419 02:06:54.314"/>
</kw>
<kw name="Get Json Value" library="CommonLibrary">
<var>${mik_public_data}</var>
<arg>${res.json()}</arg>
<arg>data</arg>
<doc>根据传入的key值，返回 data,key|2 表示去list下标为2的key的值
:param data:
:param args:
:return:</doc>
<msg timestamp="20220419 02:06:54.317" level="INFO">${mik_public_data} = {'publicKey': 'MIIBIjANBgkqhkiG9w0BAQEFAAOCAQ8AMIIBCgKCAQEArZjXir6We1d63GNmQXphs3TupULeSeJXQ0OFi7IR+g3FW2iHbjRraP+oajI+2ArxX4cKE2jYsycnS4VpsNKwZv/kF+SARVXVL4QLZ1RGeGI+Ml3JKLjfFZuHMRES3bW91Ilo7ZuhO/CKW...</msg>
<status status="PASS" starttime="20220419 02:06:54.314" endtime="20220419 02:06:54.317"/>
</kw>
<kw name="Get Json Value" library="CommonLibrary">
<var>${public_key}</var>
<arg>${mik_public_data}</arg>
<arg>publicKey</arg>
<doc>根据传入的key值，返回 data,key|2 表示去list下标为2的key的值
:param data:
:param args:
:return:</doc>
<msg timestamp="20220419 02:06:54.318" level="INFO">${public_key} = MIIBIjANBgkqhkiG9w0BAQEFAAOCAQ8AMIIBCgKCAQEArZjXir6We1d63GNmQXphs3TupULeSeJXQ0OFi7IR+g3FW2iHbjRraP+oajI+2ArxX4cKE2jYsycnS4VpsNKwZv/kF+SARVXVL4QLZ1RGeGI+Ml3JKLjfFZuHMRES3bW91Ilo7ZuhO/CKWyVqxfAEMd5WXxlN...</msg>
<status status="PASS" starttime="20220419 02:06:54.317" endtime="20220419 02:06:54.318"/>
</kw>
<kw name="Get Json Value" library="CommonLibrary">
<var>${server_time}</var>
<arg>${mik_public_data}</arg>
<arg>serverTime</arg>
<doc>根据传入的key值，返回 data,key|2 表示去list下标为2的key的值
:param data:
:param args:
:return:</doc>
<msg timestamp="20220419 02:06:54.318" level="INFO">${server_time} = 1650352013560</msg>
<status status="PASS" starttime="20220419 02:06:54.318" endtime="20220419 02:06:54.318"/>
</kw>
<kw name="Set To Dictionary" library="Collections">
<arg>${user}</arg>
<arg>serverTime</arg>
<arg>${server_time}</arg>
<doc>Adds the given ``key_value_pairs`` and ``items`` to the ``dictionary``.</doc>
<status status="PASS" starttime="20220419 02:06:54.319" endtime="20220419 02:06:54.319"/>
</kw>
<kw name="Rsa Encrypt Sha256 Msg By Key" library="CommonRSA">
<var>${rsa_email_pwd}</var>
<arg>${public_key}</arg>
<arg>${user}</arg>
<msg timestamp="20220419 02:06:54.358" level="INFO">{'email': 'ui_seller_03@snapmail.cc', 'password': 'Password123', 'serverTime': '1650352013560'}</msg>
<msg timestamp="20220419 02:06:54.358" level="INFO">${rsa_email_pwd} = HKKxcO3zFmF58SaGN2sNW+z4YYKvxGH+Qc7tDmDdyPGA9z1QxN7c1HaYlNfyccUimD/O818bJa8rFccyxRSCNFj3bNA8FrKfl12Dm/Q0pV9DjJUXbVbtBWVV2rLsbLFQMuctWAI14Ej7t2nXcQg9h6Wz3loYxK8Ldr19c8+QXiTdvN8YmGIViEXnbtHYlUPI8GL8Esrj...</msg>
<status status="PASS" starttime="20220419 02:06:54.319" endtime="20220419 02:06:54.358"/>
</kw>
<kw name="Str To Url Encode" library="CommonRSA">
<var>${rsa_email_pwd}</var>
<arg>${rsa_email_pwd}</arg>
<msg timestamp="20220419 02:06:54.359" level="INFO">${rsa_email_pwd} = HKKxcO3zFmF58SaGN2sNW%2Bz4YYKvxGH%2BQc7tDmDdyPGA9z1QxN7c1HaYlNfyccUimD/O818bJa8rFccyxRSCNFj3bNA8FrKfl12Dm/Q0pV9DjJUXbVbtBWVV2rLsbLFQMuctWAI14Ej7t2nXcQg9h6Wz3loYxK8Ldr19c8%2BQXiTdvN8YmGIViEXnbtHYlUPI8G...</msg>
<status status="PASS" starttime="20220419 02:06:54.358" endtime="20220419 02:06:54.359"/>
</kw>
<kw name="Set Suite Variable" library="BuiltIn">
<arg>${Rsa_Email_Pwd}</arg>
<arg>${rsa_email_pwd}</arg>
<doc>Makes a variable available everywhere within the scope of the current suite.</doc>
<msg timestamp="20220419 02:06:54.359" level="INFO">${Rsa_Email_Pwd} = HKKxcO3zFmF58SaGN2sNW%2Bz4YYKvxGH%2BQc7tDmDdyPGA9z1QxN7c1HaYlNfyccUimD/O818bJa8rFccyxRSCNFj3bNA8FrKfl12Dm/Q0pV9DjJUXbVbtBWVV2rLsbLFQMuctWAI14Ej7t2nXcQg9h6Wz3loYxK8Ldr19c8%2BQXiTdvN8YmGIViEXnbtHYlUPI8G...</msg>
<status status="PASS" starttime="20220419 02:06:54.359" endtime="20220419 02:06:54.359"/>
</kw>
<status status="PASS" starttime="20220419 02:06:53.992" endtime="20220419 02:06:54.359"/>
</kw>
<kw name="Create Dictionary" library="BuiltIn">
<var>${body}</var>
<arg>emailPassword=${rsa_email_pwd}</arg>
<arg>deviceUuid="79185788-882b-47db-b355-91a0a2ed9339"</arg>
<arg>deviceType=0</arg>
<arg>deviceName="Chrome"</arg>
<arg>loginAddress="172.105.37.5"</arg>
<doc>Creates and returns a dictionary based on the given ``items``.</doc>
<msg timestamp="20220419 02:06:54.360" level="INFO">${body} = {'emailPassword': 'HKKxcO3zFmF58SaGN2sNW%2Bz4YYKvxGH%2BQc7tDmDdyPGA9z1QxN7c1HaYlNfyccUimD/O818bJa8rFccyxRSCNFj3bNA8FrKfl12Dm/Q0pV9DjJUXbVbtBWVV2rLsbLFQMuctWAI14Ej7t2nXcQg9h6Wz3loYxK8Ldr19c8%2BQXiTdvN8...</msg>
<status status="PASS" starttime="20220419 02:06:54.360" endtime="20220419 02:06:54.360"/>
</kw>
<kw name="Send Post Request" library="CommonApiKeywords">
<var>${res}</var>
<arg>${API_HOST_MIK}</arg>
<arg>/usr/user/sign-in-secure</arg>
<arg>${body}</arg>
<if>
<branch type="IF" condition="&quot;${headers}&quot;==&quot;${None}&quot;">
<kw name="Set Post Headers" library="CommonApiKeywords">
<var>${headers}</var>
<arg>${None}</arg>
<kw name="Create Dictionary" library="BuiltIn">
<var>${headers}</var>
<arg>Content-Type=application/json;charset=UTF-8</arg>
<arg>User-Agent=Custom</arg>
<doc>Creates and returns a dictionary based on the given ``items``.</doc>
<msg timestamp="20220419 02:06:54.362" level="INFO">${headers} = {'Content-Type': 'application/json;charset=UTF-8', 'User-Agent': 'Custom'}</msg>
<status status="PASS" starttime="20220419 02:06:54.361" endtime="20220419 02:06:54.362"/>
</kw>
<if>
<branch type="IF" condition="&quot;${token}&quot;!=&quot;${None}&quot;">
<kw name="Set To Dictionary" library="Collections">
<arg>${headers}</arg>
<arg>Authorization</arg>
<arg>Bearer ${token}</arg>
<doc>Adds the given ``key_value_pairs`` and ``items`` to the ``dictionary``.</doc>
<status status="NOT RUN" starttime="20220419 02:06:54.363" endtime="20220419 02:06:54.363"/>
</kw>
<status status="NOT RUN" starttime="20220419 02:06:54.362" endtime="20220419 02:06:54.363"/>
</branch>
<status status="PASS" starttime="20220419 02:06:54.362" endtime="20220419 02:06:54.363"/>
</if>
<msg timestamp="20220419 02:06:54.364" level="INFO">${headers} = {'Content-Type': 'application/json;charset=UTF-8', 'User-Agent': 'Custom'}</msg>
<status status="PASS" starttime="20220419 02:06:54.361" endtime="20220419 02:06:54.364"/>
</kw>
<status status="PASS" starttime="20220419 02:06:54.361" endtime="20220419 02:06:54.364"/>
</branch>
<status status="PASS" starttime="20220419 02:06:54.361" endtime="20220419 02:06:54.364"/>
</if>
<kw name="Create Session" library="RequestsLibrary">
<arg>alias</arg>
<arg>url=${url}</arg>
<arg>headers=${headers}</arg>
<arg>verify=${True}</arg>
<arg>timeout=${timeout}</arg>
<doc>Create Session: create a HTTP session to a server</doc>
<msg timestamp="20220419 02:06:54.365" level="INFO">Creating Session using : alias=alias, url=https://mik.qa.platform.michaels.com/api, headers={'Content-Type': 'application/json;charset=UTF-8', 'User-Agent': 'Custom'},                     cookies={}, auth=None, timeout=15, proxies=None, verify=True,                     debug=0 </msg>
<status status="PASS" starttime="20220419 02:06:54.364" endtime="20220419 02:06:54.365"/>
</kw>
<kw name="POST On Session" library="RequestsLibrary">
<var>${response}</var>
<arg>alias</arg>
<arg>${path}</arg>
<arg>json=${data}</arg>
<arg>verify=${False}</arg>
<arg>expected_status=${status}</arg>
<doc>Sends a POST request on a previously created HTTP Session.</doc>
<msg timestamp="20220419 02:06:54.901" level="INFO">POST Request : url=https://mik.qa.platform.michaels.com/api/usr/user/sign-in-secure 
 path_url=/api/usr/user/sign-in-secure 
 headers={'User-Agent': 'Custom', 'Accept-Encoding': 'gzip, deflate', 'Accept': '*/*', 'Connection': 'keep-alive', 'Content-Type': 'application/json;charset=UTF-8', 'Content-Length': '522'} 
 body=b'{"emailPassword": "HKKxcO3zFmF58SaGN2sNW%2Bz4YYKvxGH%2BQc7tDmDdyPGA9z1QxN7c1HaYlNfyccUimD/O818bJa8rFccyxRSCNFj3bNA8FrKfl12Dm/Q0pV9DjJUXbVbtBWVV2rLsbLFQMuctWAI14Ej7t2nXcQg9h6Wz3loYxK8Ldr19c8%2BQXiTdvN8YmGIViEXnbtHYlUPI8GL8Esrj5Ko9AKQ83iI85lFNhpEA9QFT%2BWnfcG1T3Pdq5cQxpc7qyfVHKlvzhhwRS%2BH8vF7yEBlwjPjaCNK9Uayj8lOAoAU1odQIkDqKw9UwIz0gJRPQHIX4vlLzBfDhLlXHFLUv2m8xcbKQbN%2BGOA%3D%3D", "deviceUuid": "\\"79185788-882b-47db-b355-91a0a2ed9339\\"", "deviceType": "0", "deviceName": "\\"Chrome\\"", "loginAddress": "\\"172.105.37.5\\""}' 
 </msg>
<msg timestamp="20220419 02:06:54.901" level="INFO">POST Response : url=https://mik.qa.platform.michaels.com/api/usr/user/sign-in-secure 
 status=200, reason= 
 headers={'Content-Type': 'application/json', 'Transfer-Encoding': 'chunked', 'X-Frame-Options': 'DENY', 'X-Content-Type-Options': 'nosniff', 'X-XSS-Protection': '1; mode=block', 'Vary': 'Origin, Access-Control-Request-Method, Access-Control-Request-Headers, Origin', 'Date': 'Tue, 19 Apr 2022 07:06:53 GMT', 'Server': 'Tomcat', 'Strict-Transport-Security': 'max-age=31536000', 'Cache-Control': 'no-cache=Set-Cookie, no-store, private', 'Access-Control-Allow-Credentials': 'true', 'Via': '1.1 google', 'Alt-Svc': 'clear'} 
 body={"code":"200","message":"Succeeded","data":{"user":{"id":"115448890980757","email":"ui_seller_03@snapmail.cc","mobilePhone":"","accountStatus":1,"firstName":"UITestSeller","lastName":"Auto","dateOfBirth":null,"zipCode":null,"localMichaelsStoreId":null,"enableTwoStepVerification":false,"twoStepVerificationMethod":0,"userAvatarUrl":null,"defaultShippingAddressId":null,"confirmedAccount":true,"anonymous":false,"userTags":"","b2bUser":false,"fgmSeller":false,"thirdPartySeller":true,"buyerDisabled":false,"registrationType":0,"joinedMichaelsRewards":false,"emailSubscription":false,"smsSubscription":false,"lastLoginIp":"116.6.232.251","emailCaseSensitive":"ui_seller_03@snapmail.cc","lastLoginTime":"1650352013989"},"sellerStoreProfile":{"_id":"61dbe23e0cd84e008a58457e","sellerStoreId":"6120385227812626432","userId":"115448890980757","sellerPlanId":"0","storeName":"storeSeller03","storeNameForUnique":null,"displayName":null,"storeType":0,"storeLogo":"https://static.platform.michaels.com/tst03/6413222523324489736.jpeg","setupDashboardFlag":true,"startMarketplaceStep":null,"storeOpenTimeStatus":0,"domainName1":"https://storeseller03.michaels.com","domainName2":"https://www.michaels.com/storeseller03","sellerPreference":0,"sellerCategories":["Storage","Kids","Crafts","Decor"],"description":"Store Discription, 2022-04-18 23:02:16.","depositFrequence":0,"nationalId":null,"nationalIdPicUrls":null,"customerService":{"emails":null,"phones":null,"fax":null,"addressId":null,"privacyNotice":"Privacy Notice\nThis privacy statement describes how [seller name] collects and uses the personal information you provide on Michaels.com.  It also describes the choices available to you regarding our use of your personal information and how you can access and update this information.\n\nCollection and Use of Personal Information\n\nWe collect the following personal information from you:\n* Order Information such as name, mailing address, phone number, order number\n\nWe use this information to:\n* Fulfill your order\n* Respond to customer service requests\n\nInformation Sharing\nWe will share your personal information with third parties only in the ways that are described in this privacy statement. We do not sell your personal information to third parties. We may provide your personal information to companies that provide services to help us with our business activities such as shipping your order or offering customer service. These companies are authorized to use your personal information only as necessary to provide these services to us. We may also disclose your personal information as required by law such as to comply with a subpoena, or similar legal process.\n\nSecurity\nThe security of your personal information is important to us. We follow generally accepted industry standards to protect the personal information submitted to us, both during transmission and once we receive it.","phoneDefaultContact":false},"returnPolicyOption":null,"returnPolicyNotice":null,"setting":null,"status":2,"rejectReason":null,"tags":null,"quickLinkEdit":null,"socialMediaLink":null,"processedBy":null,"createdTime":"2022-01-10T07:37:34.453+00:00","updatedTime":"2022-04-13T01:57:21.269+00:00","storeNameList":null,"storeNameForUniqueList":["store seller 03","storeseller03"],"storeNameUpdateCount":1},"sessionId":"yGMYFcLuY9no8LfQddLM7gewEaVBMUgH","token":"eyJhbGciOiJIUzUxMiJ9.eyJjbGllbnRJZCI6InVzciIsIl91c2VySWQiOiIxMTU0NDg4OTA5ODA3NTciLCJfc2VsbGVyU3RvcmVJZCI6IjYxMjAzODUyMjc4MTI2MjY0MzIiLCJfZGV2aWNlVXVpZCI6IlwiNzkxODU3ODgtODgyYi00N2RiLWIzNTUtOTFhMGEyZWQ5MzM5XCIiLCJfZGV2aWNlTmFtZSI6IlwiQ2hyb21lXCIiLCJfY3JlYXRlVGltZSI6IjE2NTAzNTIwMTQwMDEiLCJfZXhwaXJlVGltZSI6IjE2NTA2MTEyMTQwMDEiLCJzdWIiOiIxMTU0NDg4OTA5ODA3NTciLCJpYXQiOjE2NTAzNTIwMTQsImV4cCI6MTY1MDYxMTIxNCwiYXVkIjoidXNlciIsImp0aSI6IiJ9.Mi8p9h4ScNQq8csP5lHSrWf-Hq6fiZYxdVfYw4JzSiXjJYVMyQp0AjQMbTrQ637w98WaeSCRXtVOVYX9pDEoHA","requireTwoFactorAuth":false,"twoFactorAuthToken":null,"userAccessRestrictions":[]}} 
 </msg>
<msg timestamp="20220419 02:06:54.901" level="INFO">${response} = &lt;Response [200]&gt;</msg>
<status status="PASS" starttime="20220419 02:06:54.365" endtime="20220419 02:06:54.901"/>
</kw>
<msg timestamp="20220419 02:06:54.902" level="INFO">${res} = &lt;Response [200]&gt;</msg>
<status status="PASS" starttime="20220419 02:06:54.360" endtime="20220419 02:06:54.902"/>
</kw>
<kw name="Get Json Value" library="CommonLibrary">
<var>${data}</var>
<arg>${res.json()}</arg>
<arg>data</arg>
<doc>根据传入的key值，返回 data,key|2 表示去list下标为2的key的值
:param data:
:param args:
:return:</doc>
<msg timestamp="20220419 02:06:54.905" level="INFO">${data} = {'user': {'id': '115448890980757', 'email': 'ui_seller_03@snapmail.cc', 'mobilePhone': '', 'accountStatus': 1, 'firstName': 'UITestSeller', 'lastName': 'Auto', 'dateOfBirth': None, 'zipCode': None, 'l...</msg>
<status status="PASS" starttime="20220419 02:06:54.902" endtime="20220419 02:06:54.905"/>
</kw>
<msg timestamp="20220419 02:06:54.905" level="INFO">${data} = {'user': {'id': '115448890980757', 'email': 'ui_seller_03@snapmail.cc', 'mobilePhone': '', 'accountStatus': 1, 'firstName': 'UITestSeller', 'lastName': 'Auto', 'dateOfBirth': None, 'zipCode': None, 'l...</msg>
<status status="PASS" starttime="20220419 02:06:53.991" endtime="20220419 02:06:54.905"/>
</kw>
<status status="PASS" starttime="20220419 02:06:53.991" endtime="20220419 02:06:54.905"/>
</branch>
<branch type="ELSE">
<kw name="Mik - User Sign In By Secure - POST" library="CommonApiKeywords">
<var>${data}</var>
<arg>${email}</arg>
<arg>${pwd}</arg>
<status status="NOT RUN" starttime="20220419 02:06:54.905" endtime="20220419 02:06:54.905"/>
</kw>
<status status="NOT RUN" starttime="20220419 02:06:54.905" endtime="20220419 02:06:54.905"/>
</branch>
<status status="PASS" starttime="20220419 02:06:53.990" endtime="20220419 02:06:54.905"/>
</if>
<kw name="Mik - Set Seller Suite Variables" library="CommonApiKeywords">
<arg>${data}</arg>
<kw name="Get Json Value" library="CommonLibrary">
<var>${token}</var>
<arg>${data}</arg>
<arg>token</arg>
<doc>根据传入的key值，返回 data,key|2 表示去list下标为2的key的值
:param data:
:param args:
:return:</doc>
<msg timestamp="20220419 02:06:54.906" level="INFO">${token} = eyJhbGciOiJIUzUxMiJ9.eyJjbGllbnRJZCI6InVzciIsIl91c2VySWQiOiIxMTU0NDg4OTA5ODA3NTciLCJfc2VsbGVyU3RvcmVJZCI6IjYxMjAzODUyMjc4MTI2MjY0MzIiLCJfZGV2aWNlVXVpZCI6IlwiNzkxODU3ODgtODgyYi00N2RiLWIzNTUtOTFhMGEyZWQ...</msg>
<status status="PASS" starttime="20220419 02:06:54.906" endtime="20220419 02:06:54.906"/>
</kw>
<kw name="Set Get Headers" library="CommonApiKeywords">
<var>${Headers_Get_Seller}</var>
<arg>${token}</arg>
<kw name="Create Dictionary" library="BuiltIn">
<var>${headers}</var>
<arg>Content-Type=text/html;charset=utf-8</arg>
<arg>User-Agent=Custom</arg>
<doc>Creates and returns a dictionary based on the given ``items``.</doc>
<msg timestamp="20220419 02:06:54.907" level="INFO">${headers} = {'Content-Type': 'text/html;charset=utf-8', 'User-Agent': 'Custom'}</msg>
<status status="PASS" starttime="20220419 02:06:54.907" endtime="20220419 02:06:54.907"/>
</kw>
<if>
<branch type="IF" condition="&quot;${token}&quot;!=&quot;${None}&quot;">
<kw name="Set To Dictionary" library="Collections">
<arg>${headers}</arg>
<arg>Authorization</arg>
<arg>Bearer ${token}</arg>
<doc>Adds the given ``key_value_pairs`` and ``items`` to the ``dictionary``.</doc>
<status status="PASS" starttime="20220419 02:06:54.908" endtime="20220419 02:06:54.908"/>
</kw>
<status status="PASS" starttime="20220419 02:06:54.908" endtime="20220419 02:06:54.908"/>
</branch>
<status status="PASS" starttime="20220419 02:06:54.907" endtime="20220419 02:06:54.908"/>
</if>
<msg timestamp="20220419 02:06:54.909" level="INFO">${Headers_Get_Seller} = {'Content-Type': 'text/html;charset=utf-8', 'User-Agent': 'Custom', 'Authorization': 'Bearer eyJhbGciOiJIUzUxMiJ9.eyJjbGllbnRJZCI6InVzciIsIl91c2VySWQiOiIxMTU0NDg4OTA5ODA3NTciLCJfc2VsbGVyU3RvcmVJZCI6Ij...</msg>
<status status="PASS" starttime="20220419 02:06:54.907" endtime="20220419 02:06:54.909"/>
</kw>
<kw name="Set Post Headers" library="CommonApiKeywords">
<var>${Headers_Post_Seller}</var>
<arg>${token}</arg>
<kw name="Create Dictionary" library="BuiltIn">
<var>${headers}</var>
<arg>Content-Type=application/json;charset=UTF-8</arg>
<arg>User-Agent=Custom</arg>
<doc>Creates and returns a dictionary based on the given ``items``.</doc>
<msg timestamp="20220419 02:06:54.910" level="INFO">${headers} = {'Content-Type': 'application/json;charset=UTF-8', 'User-Agent': 'Custom'}</msg>
<status status="PASS" starttime="20220419 02:06:54.909" endtime="20220419 02:06:54.910"/>
</kw>
<if>
<branch type="IF" condition="&quot;${token}&quot;!=&quot;${None}&quot;">
<kw name="Set To Dictionary" library="Collections">
<arg>${headers}</arg>
<arg>Authorization</arg>
<arg>Bearer ${token}</arg>
<doc>Adds the given ``key_value_pairs`` and ``items`` to the ``dictionary``.</doc>
<status status="PASS" starttime="20220419 02:06:54.910" endtime="20220419 02:06:54.910"/>
</kw>
<status status="PASS" starttime="20220419 02:06:54.910" endtime="20220419 02:06:54.910"/>
</branch>
<status status="PASS" starttime="20220419 02:06:54.910" endtime="20220419 02:06:54.911"/>
</if>
<msg timestamp="20220419 02:06:54.911" level="INFO">${Headers_Post_Seller} = {'Content-Type': 'application/json;charset=UTF-8', 'User-Agent': 'Custom', 'Authorization': 'Bearer eyJhbGciOiJIUzUxMiJ9.eyJjbGllbnRJZCI6InVzciIsIl91c2VySWQiOiIxMTU0NDg4OTA5ODA3NTciLCJfc2VsbGVyU3RvcmV...</msg>
<status status="PASS" starttime="20220419 02:06:54.909" endtime="20220419 02:06:54.911"/>
</kw>
<kw name="Get Json Value" library="CommonLibrary">
<var>${Seller_Store_Id}</var>
<arg>${data}</arg>
<arg>sellerStoreProfile</arg>
<arg>sellerStoreId</arg>
<doc>根据传入的key值，返回 data,key|2 表示去list下标为2的key的值
:param data:
:param args:
:return:</doc>
<msg timestamp="20220419 02:06:54.911" level="INFO">${Seller_Store_Id} = 6120385227812626432</msg>
<status status="PASS" starttime="20220419 02:06:54.911" endtime="20220419 02:06:54.911"/>
</kw>
<kw name="Set Suite Variable" library="BuiltIn">
<arg>${Headers_Get_Seller}</arg>
<arg>${Headers_Get_Seller}</arg>
<doc>Makes a variable available everywhere within the scope of the current suite.</doc>
<msg timestamp="20220419 02:06:54.912" level="INFO">${Headers_Get_Seller} = {'Content-Type': 'text/html;charset=utf-8', 'User-Agent': 'Custom', 'Authorization': 'Bearer eyJhbGciOiJIUzUxMiJ9.eyJjbGllbnRJZCI6InVzciIsIl91c2VySWQiOiIxMTU0NDg4OTA5ODA3NTciLCJfc2VsbGVyU3RvcmVJZCI6Ij...</msg>
<status status="PASS" starttime="20220419 02:06:54.911" endtime="20220419 02:06:54.912"/>
</kw>
<kw name="Set Suite Variable" library="BuiltIn">
<arg>${Headers_Post_Seller}</arg>
<arg>${Headers_Post_Seller}</arg>
<doc>Makes a variable available everywhere within the scope of the current suite.</doc>
<msg timestamp="20220419 02:06:54.912" level="INFO">${Headers_Post_Seller} = {'Content-Type': 'application/json;charset=UTF-8', 'User-Agent': 'Custom', 'Authorization': 'Bearer eyJhbGciOiJIUzUxMiJ9.eyJjbGllbnRJZCI6InVzciIsIl91c2VySWQiOiIxMTU0NDg4OTA5ODA3NTciLCJfc2VsbGVyU3RvcmV...</msg>
<status status="PASS" starttime="20220419 02:06:54.912" endtime="20220419 02:06:54.912"/>
</kw>
<kw name="Set Suite Variable" library="BuiltIn">
<arg>${Seller_Store_Id}</arg>
<arg>${Seller_Store_Id}</arg>
<doc>Makes a variable available everywhere within the scope of the current suite.</doc>
<msg timestamp="20220419 02:06:54.913" level="INFO">${Seller_Store_Id} = 6120385227812626432</msg>
<status status="PASS" starttime="20220419 02:06:54.913" endtime="20220419 02:06:54.913"/>
</kw>
<kw name="Set Suite Variable" library="BuiltIn">
<arg>${Seller_Info}</arg>
<arg>${data}</arg>
<doc>Makes a variable available everywhere within the scope of the current suite.</doc>
<msg timestamp="20220419 02:06:54.917" level="INFO">${Seller_Info} = {'user': {'id': '115448890980757', 'email': 'ui_seller_03@snapmail.cc', 'mobilePhone': '', 'accountStatus': 1, 'firstName': 'UITestSeller', 'lastName': 'Auto', 'dateOfBirth': None, 'zipCode': None, 'l...</msg>
<status status="PASS" starttime="20220419 02:06:54.913" endtime="20220419 02:06:54.917"/>
</kw>
<status status="PASS" starttime="20220419 02:06:54.906" endtime="20220419 02:06:54.917"/>
</kw>
<status status="PASS" starttime="20220419 02:06:53.990" endtime="20220419 02:06:54.917"/>
</kw>
<status status="PASS" starttime="20220419 02:05:56.757" endtime="20220419 02:06:54.917"/>
</kw>
<test id="s1-s1-s1-t1" name="Test Check Dashboard Fixed Element Text">
<kw name="Store Left Menu - Dashboard" library="MenuKeywords" type="SETUP">
<kw name="Wait Until Element Is Visible" library="CustomSeleniumKeywords">
<arg>//p[text()="Dashboard"]/parent::button</arg>
<doc>Waits until the element ``locator`` is visible.</doc>
<status status="PASS" starttime="20220419 02:06:54.919" endtime="20220419 02:06:54.942"/>
</kw>
<kw name="Click Element" library="CustomSeleniumKeywords">
<arg>//p[text()="Dashboard"]/parent::button</arg>
<msg timestamp="20220419 02:06:55.134" level="INFO">Click Element //p[text()="Dashboard"]/parent::button.</msg>
<status status="PASS" starttime="20220419 02:06:54.943" endtime="20220419 02:06:55.134"/>
</kw>
<kw name="Wait Until Element Is Visible" library="CustomSeleniumKeywords">
<arg>//h2[starts-with(text(),"Welcome to your Dashboard")]</arg>
<doc>Waits until the element ``locator`` is visible.</doc>
<status status="PASS" starttime="20220419 02:06:55.135" endtime="20220419 02:06:55.156"/>
</kw>
<kw name="Sleep" library="BuiltIn">
<arg>2</arg>
<doc>Pauses the test executed for the given time.</doc>
<msg timestamp="20220419 02:06:57.169" level="INFO">Slept 2 seconds</msg>
<status status="PASS" starttime="20220419 02:06:55.156" endtime="20220419 02:06:57.169"/>
</kw>
<status status="PASS" starttime="20220419 02:06:54.919" endtime="20220419 02:06:57.169"/>
</kw>
<kw name="Get Ea Fixed Element" library="CommonLibrary">
<var>${fixed_ele}</var>
<arg>FixedElement_SellerDashboard.json</arg>
<msg timestamp="20220419 02:06:57.173" level="INFO">${fixed_ele} = {'p': ['Every part is designed to help you track all of your growth, and help your business operations run smoothly, from daily analytics to messaging.', 'Visit your live store here', 'Your First Prod...</msg>
<status status="PASS" starttime="20220419 02:06:57.170" endtime="20220419 02:06:57.173"/>
</kw>
<kw name="Common - Check Page Contain Fixed Element" library="CommonKeywords">
<arg>${fixed_ele}</arg>
<kw name="Set Variable" library="BuiltIn">
<var>${item}</var>
<doc>Returns the given values which can then be assigned to a variables.</doc>
<msg timestamp="20220419 02:06:57.174" level="INFO">${item} = </msg>
<status status="PASS" starttime="20220419 02:06:57.174" endtime="20220419 02:06:57.174"/>
</kw>
<for flavor="IN">
<var>${item}</var>
<value>@{fixed_ele}</value>
<iter>
<var name="${item}">p</var>
<kw name="Set Variable" library="BuiltIn">
<var>${item_ele}</var>
<arg>${fixed_ele}[${item}]</arg>
<doc>Returns the given values which can then be assigned to a variables.</doc>
<msg timestamp="20220419 02:06:57.175" level="INFO">${item_ele} = ['Every part is designed to help you track all of your growth, and help your business operations run smoothly, from daily analytics to messaging.', 'Visit your live store here', 'Your First Product Li...</msg>
<status status="PASS" starttime="20220419 02:06:57.174" endtime="20220419 02:06:57.175"/>
</kw>
<kw name="Set Variable" library="BuiltIn">
<var>${ele}</var>
<doc>Returns the given values which can then be assigned to a variables.</doc>
<msg timestamp="20220419 02:06:57.175" level="INFO">${ele} = </msg>
<status status="PASS" starttime="20220419 02:06:57.175" endtime="20220419 02:06:57.175"/>
</kw>
<kw name="Evaluate" library="BuiltIn">
<var>${is_attrs}</var>
<arg>'${item}'.startswith("@")</arg>
<doc>Evaluates the given expression in Python and returns the result.</doc>
<msg timestamp="20220419 02:06:57.175" level="INFO">${is_attrs} = False</msg>
<status status="PASS" starttime="20220419 02:06:57.175" endtime="20220419 02:06:57.175"/>
</kw>
<kw name="Evaluate" library="BuiltIn">
<var>${is_status}</var>
<arg>'${item}'.startswith("!status")</arg>
<doc>Evaluates the given expression in Python and returns the result.</doc>
<msg timestamp="20220419 02:06:57.176" level="INFO">${is_status} = False</msg>
<status status="PASS" starttime="20220419 02:06:57.175" endtime="20220419 02:06:57.176"/>
</kw>
<if>
<branch type="IF" condition="&quot;${is_attrs}&quot;==&quot;${True}&quot;">
<for flavor="IN">
<var>${ele}</var>
<value>@{item_ele}</value>
<iter>
<var name="${ele}">${ele}</var>
<kw name="Page Should Contain Element" library="CustomSeleniumKeywords">
<arg>//*\[${item}="${ele}"\]</arg>
<doc>Verifies that element ``locator`` is found on the current page.</doc>
<status status="NOT RUN" starttime="20220419 02:06:57.176" endtime="20220419 02:06:57.176"/>
</kw>
<status status="NOT RUN" starttime="20220419 02:06:57.176" endtime="20220419 02:06:57.176"/>
</iter>
<status status="NOT RUN" starttime="20220419 02:06:57.176" endtime="20220419 02:06:57.176"/>
</for>
<status status="NOT RUN" starttime="20220419 02:06:57.176" endtime="20220419 02:06:57.176"/>
</branch>
<branch type="ELSE IF" condition="'${is_status}'=='${True}'">
<kw name="Get Json Value" library="CommonLibrary">
<var>${status_fixed_ele}</var>
<arg>${fixed_ele}</arg>
<arg>!status</arg>
<arg>${status}</arg>
<doc>根据传入的key值，返回 data,key|2 表示去list下标为2的key的值
:param data:
:param args:
:return:</doc>
<status status="NOT RUN" starttime="20220419 02:06:57.176" endtime="20220419 02:06:57.176"/>
</kw>
<if>
<branch type="IF" condition="${status_fixed_ele}!=${None}">
<kw name="Common - Check Page Contain Fixed Element" library="CommonKeywords">
<arg>${status_fixed_ele}</arg>
<status status="NOT RUN" starttime="20220419 02:06:57.177" endtime="20220419 02:06:57.177"/>
</kw>
<status status="NOT RUN" starttime="20220419 02:06:57.176" endtime="20220419 02:06:57.177"/>
</branch>
<status status="NOT RUN" starttime="20220419 02:06:57.176" endtime="20220419 02:06:57.177"/>
</if>
<status status="NOT RUN" starttime="20220419 02:06:57.176" endtime="20220419 02:06:57.177"/>
</branch>
<branch type="ELSE IF" condition="'${item}'=='!contains'">
<for flavor="IN">
<var>${ele}</var>
<value>@{item_ele}</value>
<iter>
<var name="${ele}">${ele}</var>
<kw name="Page Should Contain Element" library="CustomSeleniumKeywords">
<arg>//*[contains(text(),"${ele}")]</arg>
<doc>Verifies that element ``locator`` is found on the current page.</doc>
<status status="NOT RUN" starttime="20220419 02:06:57.177" endtime="20220419 02:06:57.177"/>
</kw>
<status status="NOT RUN" starttime="20220419 02:06:57.177" endtime="20220419 02:06:57.177"/>
</iter>
<status status="NOT RUN" starttime="20220419 02:06:57.177" endtime="20220419 02:06:57.177"/>
</for>
<status status="NOT RUN" starttime="20220419 02:06:57.177" endtime="20220419 02:06:57.177"/>
</branch>
<branch type="ELSE IF" condition="'${item}'=='!remove'">
<for flavor="IN">
<var>${ele}</var>
<value>@{item_ele}</value>
<iter>
<var name="${ele}">${ele}</var>
<kw name="Page Should Not Contain Element" library="CustomSeleniumKeywords">
<arg>//*[contains(text(),"${ele}")]</arg>
<doc>Verifies that element ``locator`` is not found on the current page.</doc>
<status status="NOT RUN" starttime="20220419 02:06:57.177" endtime="20220419 02:06:57.177"/>
</kw>
<status status="NOT RUN" starttime="20220419 02:06:57.177" endtime="20220419 02:06:57.177"/>
</iter>
<status status="NOT RUN" starttime="20220419 02:06:57.177" endtime="20220419 02:06:57.177"/>
</for>
<status status="NOT RUN" starttime="20220419 02:06:57.177" endtime="20220419 02:06:57.177"/>
</branch>
<branch type="ELSE">
<for flavor="IN">
<var>${ele}</var>
<value>@{item_ele}</value>
<iter>
<var name="${ele}">Every part is designed to help you track all of your growth, and help your business operations run smoothly, from daily analytics to messaging.</var>
<kw name="Page Should Contain Element" library="CustomSeleniumKeywords">
<arg>//${item}\[text()="${ele}"\]</arg>
<doc>Verifies that element ``locator`` is found on the current page.</doc>
<msg timestamp="20220419 02:06:57.188" level="INFO">Current page contains element '//p[text()="Every part is designed to help you track all of your growth, and help your business operations run smoothly, from daily analytics to messaging."]'.</msg>
<status status="PASS" starttime="20220419 02:06:57.178" endtime="20220419 02:06:57.188"/>
</kw>
<status status="PASS" starttime="20220419 02:06:57.178" endtime="20220419 02:06:57.188"/>
</iter>
<iter>
<var name="${ele}">Visit your live store here</var>
<kw name="Page Should Contain Element" library="CustomSeleniumKeywords">
<arg>//${item}\[text()="${ele}"\]</arg>
<doc>Verifies that element ``locator`` is found on the current page.</doc>
<msg timestamp="20220419 02:06:57.197" level="INFO">Current page contains element '//p[text()="Visit your live store here"]'.</msg>
<status status="PASS" starttime="20220419 02:06:57.188" endtime="20220419 02:06:57.197"/>
</kw>
<status status="PASS" starttime="20220419 02:06:57.188" endtime="20220419 02:06:57.197"/>
</iter>
<iter>
<var name="${ele}">Your First Product Listings at Marketplace</var>
<kw name="Page Should Contain Element" library="CustomSeleniumKeywords">
<arg>//${item}\[text()="${ele}"\]</arg>
<doc>Verifies that element ``locator`` is found on the current page.</doc>
<msg timestamp="20220419 02:06:57.213" level="INFO">Current page contains element '//p[text()="Your First Product Listings at Marketplace"]'.</msg>
<status status="PASS" starttime="20220419 02:06:57.197" endtime="20220419 02:06:57.213"/>
</kw>
<status status="PASS" starttime="20220419 02:06:57.197" endtime="20220419 02:06:57.213"/>
</iter>
<iter>
<var name="${ele}">After you've created a product listing for your storefront, we'll make sure that they're seen by the right customers. Start your Marketplace journey.</var>
<kw name="Page Should Contain Element" library="CustomSeleniumKeywords">
<arg>//${item}\[text()="${ele}"\]</arg>
<doc>Verifies that element ``locator`` is found on the current page.</doc>
<msg timestamp="20220419 02:06:57.224" level="INFO">Current page contains element '//p[text()="After you've created a product listing for your storefront, we'll make sure that they're seen by the right customers. Start your Marketplace journey."]'.</msg>
<status status="PASS" starttime="20220419 02:06:57.214" endtime="20220419 02:06:57.224"/>
</kw>
<status status="PASS" starttime="20220419 02:06:57.213" endtime="20220419 02:06:57.224"/>
</iter>
<iter>
<var name="${ele}">Create Listing</var>
<kw name="Page Should Contain Element" library="CustomSeleniumKeywords">
<arg>//${item}\[text()="${ele}"\]</arg>
<doc>Verifies that element ``locator`` is found on the current page.</doc>
<msg timestamp="20220419 02:06:57.235" level="INFO">Current page contains element '//p[text()="Create Listing"]'.</msg>
<status status="PASS" starttime="20220419 02:06:57.225" endtime="20220419 02:06:57.235"/>
</kw>
<status status="PASS" starttime="20220419 02:06:57.224" endtime="20220419 02:06:57.235"/>
</iter>
<iter>
<var name="${ele}">Set up the Developer API Today!</var>
<kw name="Page Should Contain Element" library="CustomSeleniumKeywords">
<arg>//${item}\[text()="${ele}"\]</arg>
<doc>Verifies that element ``locator`` is found on the current page.</doc>
<msg timestamp="20220419 02:06:57.244" level="INFO">Current page contains element '//p[text()="Set up the Developer API Today!"]'.</msg>
<status status="PASS" starttime="20220419 02:06:57.235" endtime="20220419 02:06:57.244"/>
</kw>
<status status="PASS" starttime="20220419 02:06:57.235" endtime="20220419 02:06:57.244"/>
</iter>
<iter>
<var name="${ele}">Implement the suite of Michaels APIs to help manage your business, including listings, pricing, inventory, orders, returns, and more.</var>
<kw name="Page Should Contain Element" library="CustomSeleniumKeywords">
<arg>//${item}\[text()="${ele}"\]</arg>
<doc>Verifies that element ``locator`` is found on the current page.</doc>
<msg timestamp="20220419 02:06:57.260" level="INFO">Current page contains element '//p[text()="Implement the suite of Michaels APIs to help manage your business, including listings, pricing, inventory, orders, returns, and more."]'.</msg>
<status status="PASS" starttime="20220419 02:06:57.245" endtime="20220419 02:06:57.260"/>
</kw>
<status status="PASS" starttime="20220419 02:06:57.245" endtime="20220419 02:06:57.260"/>
</iter>
<iter>
<var name="${ele}">Start the Developer API Registration</var>
<kw name="Page Should Contain Element" library="CustomSeleniumKeywords">
<arg>//${item}\[text()="${ele}"\]</arg>
<doc>Verifies that element ``locator`` is found on the current page.</doc>
<msg timestamp="20220419 02:06:57.270" level="INFO">Current page contains element '//p[text()="Start the Developer API Registration"]'.</msg>
<status status="PASS" starttime="20220419 02:06:57.260" endtime="20220419 02:06:57.270"/>
</kw>
<status status="PASS" starttime="20220419 02:06:57.260" endtime="20220419 02:06:57.270"/>
</iter>
<iter>
<var name="${ele}">Need help?</var>
<kw name="Page Should Contain Element" library="CustomSeleniumKeywords">
<arg>//${item}\[text()="${ele}"\]</arg>
<doc>Verifies that element ``locator`` is found on the current page.</doc>
<msg timestamp="20220419 02:06:57.285" level="INFO">Current page contains element '//p[text()="Need help?"]'.</msg>
<status status="PASS" starttime="20220419 02:06:57.271" endtime="20220419 02:06:57.285"/>
</kw>
<status status="PASS" starttime="20220419 02:06:57.271" endtime="20220419 02:06:57.285"/>
</iter>
<iter>
<var name="${ele}">Email the Michaels Support Team with any questions need answers on now.</var>
<kw name="Page Should Contain Element" library="CustomSeleniumKeywords">
<arg>//${item}\[text()="${ele}"\]</arg>
<doc>Verifies that element ``locator`` is found on the current page.</doc>
<msg timestamp="20220419 02:06:57.301" level="INFO">Current page contains element '//p[text()="Email the Michaels Support Team with any questions need answers on now."]'.</msg>
<status status="PASS" starttime="20220419 02:06:57.285" endtime="20220419 02:06:57.301"/>
</kw>
<status status="PASS" starttime="20220419 02:06:57.285" endtime="20220419 02:06:57.301"/>
</iter>
<iter>
<var name="${ele}">Email to Michaels Support Team</var>
<kw name="Page Should Contain Element" library="CustomSeleniumKeywords">
<arg>//${item}\[text()="${ele}"\]</arg>
<doc>Verifies that element ``locator`` is found on the current page.</doc>
<msg timestamp="20220419 02:06:57.315" level="INFO">Current page contains element '//p[text()="Email to Michaels Support Team"]'.</msg>
<status status="PASS" starttime="20220419 02:06:57.301" endtime="20220419 02:06:57.315"/>
</kw>
<status status="PASS" starttime="20220419 02:06:57.301" endtime="20220419 02:06:57.315"/>
</iter>
<iter>
<var name="${ele}">Store Activities</var>
<kw name="Page Should Contain Element" library="CustomSeleniumKeywords">
<arg>//${item}\[text()="${ele}"\]</arg>
<doc>Verifies that element ``locator`` is found on the current page.</doc>
<msg timestamp="20220419 02:06:57.328" level="INFO">Current page contains element '//p[text()="Store Activities"]'.</msg>
<status status="PASS" starttime="20220419 02:06:57.315" endtime="20220419 02:06:57.328"/>
</kw>
<status status="PASS" starttime="20220419 02:06:57.315" endtime="20220419 02:06:57.328"/>
</iter>
<iter>
<var name="${ele}">View More</var>
<kw name="Page Should Contain Element" library="CustomSeleniumKeywords">
<arg>//${item}\[text()="${ele}"\]</arg>
<doc>Verifies that element ``locator`` is found on the current page.</doc>
<msg timestamp="20220419 02:06:57.341" level="INFO">Current page contains element '//p[text()="View More"]'.</msg>
<status status="PASS" starttime="20220419 02:06:57.329" endtime="20220419 02:06:57.341"/>
</kw>
<status status="PASS" starttime="20220419 02:06:57.328" endtime="20220419 02:06:57.342"/>
</iter>
<iter>
<var name="${ele}">Sales</var>
<kw name="Page Should Contain Element" library="CustomSeleniumKeywords">
<arg>//${item}\[text()="${ele}"\]</arg>
<doc>Verifies that element ``locator`` is found on the current page.</doc>
<msg timestamp="20220419 02:06:57.355" level="INFO">Current page contains element '//p[text()="Sales"]'.</msg>
<status status="PASS" starttime="20220419 02:06:57.342" endtime="20220419 02:06:57.356"/>
</kw>
<status status="PASS" starttime="20220419 02:06:57.342" endtime="20220419 02:06:57.356"/>
</iter>
<iter>
<var name="${ele}">Units Sold</var>
<kw name="Page Should Contain Element" library="CustomSeleniumKeywords">
<arg>//${item}\[text()="${ele}"\]</arg>
<doc>Verifies that element ``locator`` is found on the current page.</doc>
<msg timestamp="20220419 02:06:57.369" level="INFO">Current page contains element '//p[text()="Units Sold"]'.</msg>
<status status="PASS" starttime="20220419 02:06:57.356" endtime="20220419 02:06:57.370"/>
</kw>
<status status="PASS" starttime="20220419 02:06:57.356" endtime="20220419 02:06:57.370"/>
</iter>
<iter>
<var name="${ele}">Available Balance</var>
<kw name="Page Should Contain Element" library="CustomSeleniumKeywords">
<arg>//${item}\[text()="${ele}"\]</arg>
<doc>Verifies that element ``locator`` is found on the current page.</doc>
<msg timestamp="20220419 02:06:57.385" level="INFO">Current page contains element '//p[text()="Available Balance"]'.</msg>
<status status="PASS" starttime="20220419 02:06:57.370" endtime="20220419 02:06:57.386"/>
</kw>
<status status="PASS" starttime="20220419 02:06:57.370" endtime="20220419 02:06:57.386"/>
</iter>
<iter>
<var name="${ele}">Business Actions</var>
<kw name="Page Should Contain Element" library="CustomSeleniumKeywords">
<arg>//${item}\[text()="${ele}"\]</arg>
<doc>Verifies that element ``locator`` is found on the current page.</doc>
<msg timestamp="20220419 02:06:57.402" level="INFO">Current page contains element '//p[text()="Business Actions"]'.</msg>
<status status="PASS" starttime="20220419 02:06:57.386" endtime="20220419 02:06:57.402"/>
</kw>
<status status="PASS" starttime="20220419 02:06:57.386" endtime="20220419 02:06:57.402"/>
</iter>
<iter>
<var name="${ele}">Product Listings</var>
<kw name="Page Should Contain Element" library="CustomSeleniumKeywords">
<arg>//${item}\[text()="${ele}"\]</arg>
<doc>Verifies that element ``locator`` is found on the current page.</doc>
<msg timestamp="20220419 02:06:57.414" level="INFO">Current page contains element '//p[text()="Product Listings"]'.</msg>
<status status="PASS" starttime="20220419 02:06:57.403" endtime="20220419 02:06:57.414"/>
</kw>
<status status="PASS" starttime="20220419 02:06:57.402" endtime="20220419 02:06:57.414"/>
</iter>
<iter>
<var name="${ele}">Orders, Return and Disputes</var>
<kw name="Page Should Contain Element" library="CustomSeleniumKeywords">
<arg>//${item}\[text()="${ele}"\]</arg>
<doc>Verifies that element ``locator`` is found on the current page.</doc>
<msg timestamp="20220419 02:06:57.430" level="INFO">Current page contains element '//p[text()="Orders, Return and Disputes"]'.</msg>
<status status="PASS" starttime="20220419 02:06:57.415" endtime="20220419 02:06:57.431"/>
</kw>
<status status="PASS" starttime="20220419 02:06:57.415" endtime="20220419 02:06:57.431"/>
</iter>
<iter>
<var name="${ele}">Marketing</var>
<kw name="Page Should Contain Element" library="CustomSeleniumKeywords">
<arg>//${item}\[text()="${ele}"\]</arg>
<doc>Verifies that element ``locator`` is found on the current page.</doc>
<msg timestamp="20220419 02:06:57.443" level="INFO">Current page contains element '//p[text()="Marketing"]'.</msg>
<status status="PASS" starttime="20220419 02:06:57.431" endtime="20220419 02:06:57.443"/>
</kw>
<status status="PASS" starttime="20220419 02:06:57.431" endtime="20220419 02:06:57.443"/>
</iter>
<iter>
<var name="${ele}">Store Navigations</var>
<kw name="Page Should Contain Element" library="CustomSeleniumKeywords">
<arg>//${item}\[text()="${ele}"\]</arg>
<doc>Verifies that element ``locator`` is found on the current page.</doc>
<msg timestamp="20220419 02:06:57.453" level="INFO">Current page contains element '//p[text()="Store Navigations"]'.</msg>
<status status="PASS" starttime="20220419 02:06:57.444" endtime="20220419 02:06:57.453"/>
</kw>
<status status="PASS" starttime="20220419 02:06:57.444" endtime="20220419 02:06:57.453"/>
</iter>
<iter>
<var name="${ele}">My Storefront</var>
<kw name="Page Should Contain Element" library="CustomSeleniumKeywords">
<arg>//${item}\[text()="${ele}"\]</arg>
<doc>Verifies that element ``locator`` is found on the current page.</doc>
<msg timestamp="20220419 02:06:57.468" level="INFO">Current page contains element '//p[text()="My Storefront"]'.</msg>
<status status="PASS" starttime="20220419 02:06:57.454" endtime="20220419 02:06:57.468"/>
</kw>
<status status="PASS" starttime="20220419 02:06:57.453" endtime="20220419 02:06:57.468"/>
</iter>
<iter>
<var name="${ele}">Pick the template for your storefront, and setup the product groups</var>
<kw name="Page Should Contain Element" library="CustomSeleniumKeywords">
<arg>//${item}\[text()="${ele}"\]</arg>
<doc>Verifies that element ``locator`` is found on the current page.</doc>
<msg timestamp="20220419 02:06:57.483" level="INFO">Current page contains element '//p[text()="Pick the template for your storefront, and setup the product groups"]'.</msg>
<status status="PASS" starttime="20220419 02:06:57.468" endtime="20220419 02:06:57.483"/>
</kw>
<status status="PASS" starttime="20220419 02:06:57.468" endtime="20220419 02:06:57.483"/>
</iter>
<iter>
<var name="${ele}">Visit Live Store</var>
<kw name="Page Should Contain Element" library="CustomSeleniumKeywords">
<arg>//${item}\[text()="${ele}"\]</arg>
<doc>Verifies that element ``locator`` is found on the current page.</doc>
<msg timestamp="20220419 02:06:57.497" level="INFO">Current page contains element '//p[text()="Visit Live Store"]'.</msg>
<status status="PASS" starttime="20220419 02:06:57.484" endtime="20220419 02:06:57.497"/>
</kw>
<status status="PASS" starttime="20220419 02:06:57.483" endtime="20220419 02:06:57.497"/>
</iter>
<iter>
<var name="${ele}">Select Store Template</var>
<kw name="Page Should Contain Element" library="CustomSeleniumKeywords">
<arg>//${item}\[text()="${ele}"\]</arg>
<doc>Verifies that element ``locator`` is found on the current page.</doc>
<msg timestamp="20220419 02:06:57.512" level="INFO">Current page contains element '//p[text()="Select Store Template"]'.</msg>
<status status="PASS" starttime="20220419 02:06:57.498" endtime="20220419 02:06:57.512"/>
</kw>
<status status="PASS" starttime="20220419 02:06:57.497" endtime="20220419 02:06:57.512"/>
</iter>
<iter>
<var name="${ele}">Setup Product Groups</var>
<kw name="Page Should Contain Element" library="CustomSeleniumKeywords">
<arg>//${item}\[text()="${ele}"\]</arg>
<doc>Verifies that element ``locator`` is found on the current page.</doc>
<msg timestamp="20220419 02:06:57.529" level="INFO">Current page contains element '//p[text()="Setup Product Groups"]'.</msg>
<status status="PASS" starttime="20220419 02:06:57.513" endtime="20220419 02:06:57.529"/>
</kw>
<status status="PASS" starttime="20220419 02:06:57.513" endtime="20220419 02:06:57.529"/>
</iter>
<iter>
<var name="${ele}">Store Setting</var>
<kw name="Page Should Contain Element" library="CustomSeleniumKeywords">
<arg>//${item}\[text()="${ele}"\]</arg>
<doc>Verifies that element ``locator`` is found on the current page.</doc>
<msg timestamp="20220419 02:06:57.543" level="INFO">Current page contains element '//p[text()="Store Setting"]'.</msg>
<status status="PASS" starttime="20220419 02:06:57.530" endtime="20220419 02:06:57.543"/>
</kw>
<status status="PASS" starttime="20220419 02:06:57.530" endtime="20220419 02:06:57.543"/>
</iter>
<iter>
<var name="${ele}">Update your store profile, contact information, privacy notice, fulfillment and return information</var>
<kw name="Page Should Contain Element" library="CustomSeleniumKeywords">
<arg>//${item}\[text()="${ele}"\]</arg>
<doc>Verifies that element ``locator`` is found on the current page.</doc>
<msg timestamp="20220419 02:06:57.556" level="INFO">Current page contains element '//p[text()="Update your store profile, contact information, privacy notice, fulfillment and return information"]'.</msg>
<status status="PASS" starttime="20220419 02:06:57.545" endtime="20220419 02:06:57.556"/>
</kw>
<status status="PASS" starttime="20220419 02:06:57.543" endtime="20220419 02:06:57.556"/>
</iter>
<iter>
<var name="${ele}">Update Store Profile</var>
<kw name="Page Should Contain Element" library="CustomSeleniumKeywords">
<arg>//${item}\[text()="${ele}"\]</arg>
<doc>Verifies that element ``locator`` is found on the current page.</doc>
<msg timestamp="20220419 02:06:57.569" level="INFO">Current page contains element '//p[text()="Update Store Profile"]'.</msg>
<status status="PASS" starttime="20220419 02:06:57.557" endtime="20220419 02:06:57.569"/>
</kw>
<status status="PASS" starttime="20220419 02:06:57.556" endtime="20220419 02:06:57.569"/>
</iter>
<iter>
<var name="${ele}">Update Customer Service</var>
<kw name="Page Should Contain Element" library="CustomSeleniumKeywords">
<arg>//${item}\[text()="${ele}"\]</arg>
<doc>Verifies that element ``locator`` is found on the current page.</doc>
<msg timestamp="20220419 02:06:57.584" level="INFO">Current page contains element '//p[text()="Update Customer Service"]'.</msg>
<status status="PASS" starttime="20220419 02:06:57.570" endtime="20220419 02:06:57.584"/>
</kw>
<status status="PASS" starttime="20220419 02:06:57.569" endtime="20220419 02:06:57.584"/>
</iter>
<iter>
<var name="${ele}">Update Fulfillment Information</var>
<kw name="Page Should Contain Element" library="CustomSeleniumKeywords">
<arg>//${item}\[text()="${ele}"\]</arg>
<doc>Verifies that element ``locator`` is found on the current page.</doc>
<msg timestamp="20220419 02:06:57.594" level="INFO">Current page contains element '//p[text()="Update Fulfillment Information"]'.</msg>
<status status="PASS" starttime="20220419 02:06:57.584" endtime="20220419 02:06:57.594"/>
</kw>
<status status="PASS" starttime="20220419 02:06:57.584" endtime="20220419 02:06:57.594"/>
</iter>
<iter>
<var name="${ele}">Update Return Information</var>
<kw name="Page Should Contain Element" library="CustomSeleniumKeywords">
<arg>//${item}\[text()="${ele}"\]</arg>
<doc>Verifies that element ``locator`` is found on the current page.</doc>
<msg timestamp="20220419 02:06:57.605" level="INFO">Current page contains element '//p[text()="Update Return Information"]'.</msg>
<status status="PASS" starttime="20220419 02:06:57.594" endtime="20220419 02:06:57.605"/>
</kw>
<status status="PASS" starttime="20220419 02:06:57.594" endtime="20220419 02:06:57.605"/>
</iter>
<iter>
<var name="${ele}">Finances</var>
<kw name="Page Should Contain Element" library="CustomSeleniumKeywords">
<arg>//${item}\[text()="${ele}"\]</arg>
<doc>Verifies that element ``locator`` is found on the current page.</doc>
<msg timestamp="20220419 02:06:57.625" level="INFO">Current page contains element '//p[text()="Finances"]'.</msg>
<status status="PASS" starttime="20220419 02:06:57.606" endtime="20220419 02:06:57.625"/>
</kw>
<status status="PASS" starttime="20220419 02:06:57.605" endtime="20220419 02:06:57.625"/>
</iter>
<iter>
<var name="${ele}">Keep track of your all-time trasctions. View your sales and deposits. Manage your credit cards, bank accounts and tax information</var>
<kw name="Page Should Contain Element" library="CustomSeleniumKeywords">
<arg>//${item}\[text()="${ele}"\]</arg>
<doc>Verifies that element ``locator`` is found on the current page.</doc>
<msg timestamp="20220419 02:06:57.634" level="INFO">Current page contains element '//p[text()="Keep track of your all-time trasctions. View your sales and deposits. Manage your credit cards, bank accounts and tax information"]'.</msg>
<status status="PASS" starttime="20220419 02:06:57.625" endtime="20220419 02:06:57.634"/>
</kw>
<status status="PASS" starttime="20220419 02:06:57.625" endtime="20220419 02:06:57.634"/>
</iter>
<iter>
<var name="${ele}">View All Transactions</var>
<kw name="Page Should Contain Element" library="CustomSeleniumKeywords">
<arg>//${item}\[text()="${ele}"\]</arg>
<doc>Verifies that element ``locator`` is found on the current page.</doc>
<msg timestamp="20220419 02:06:57.646" level="INFO">Current page contains element '//p[text()="View All Transactions"]'.</msg>
<status status="PASS" starttime="20220419 02:06:57.634" endtime="20220419 02:06:57.646"/>
</kw>
<status status="PASS" starttime="20220419 02:06:57.634" endtime="20220419 02:06:57.646"/>
</iter>
<iter>
<var name="${ele}">Manage Wallets</var>
<kw name="Page Should Contain Element" library="CustomSeleniumKeywords">
<arg>//${item}\[text()="${ele}"\]</arg>
<doc>Verifies that element ``locator`` is found on the current page.</doc>
<msg timestamp="20220419 02:06:57.657" level="INFO">Current page contains element '//p[text()="Manage Wallets"]'.</msg>
<status status="PASS" starttime="20220419 02:06:57.646" endtime="20220419 02:06:57.657"/>
</kw>
<status status="PASS" starttime="20220419 02:06:57.646" endtime="20220419 02:06:57.657"/>
</iter>
<iter>
<var name="${ele}">Update Business Information</var>
<kw name="Page Should Contain Element" library="CustomSeleniumKeywords">
<arg>//${item}\[text()="${ele}"\]</arg>
<doc>Verifies that element ``locator`` is found on the current page.</doc>
<msg timestamp="20220419 02:06:57.671" level="INFO">Current page contains element '//p[text()="Update Business Information"]'.</msg>
<status status="PASS" starttime="20220419 02:06:57.657" endtime="20220419 02:06:57.671"/>
</kw>
<status status="PASS" starttime="20220419 02:06:57.657" endtime="20220419 02:06:57.671"/>
</iter>
<iter>
<var name="${ele}">Account Setting</var>
<kw name="Page Should Contain Element" library="CustomSeleniumKeywords">
<arg>//${item}\[text()="${ele}"\]</arg>
<doc>Verifies that element ``locator`` is found on the current page.</doc>
<msg timestamp="20220419 02:06:57.682" level="INFO">Current page contains element '//p[text()="Account Setting"]'.</msg>
<status status="PASS" starttime="20220419 02:06:57.672" endtime="20220419 02:06:57.682"/>
</kw>
<status status="PASS" starttime="20220419 02:06:57.671" endtime="20220419 02:06:57.682"/>
</iter>
<iter>
<var name="${ele}">Manage your basic account information, device history or change password</var>
<kw name="Page Should Contain Element" library="CustomSeleniumKeywords">
<arg>//${item}\[text()="${ele}"\]</arg>
<doc>Verifies that element ``locator`` is found on the current page.</doc>
<msg timestamp="20220419 02:06:57.691" level="INFO">Current page contains element '//p[text()="Manage your basic account information, device history or change password"]'.</msg>
<status status="PASS" starttime="20220419 02:06:57.683" endtime="20220419 02:06:57.691"/>
</kw>
<status status="PASS" starttime="20220419 02:06:57.682" endtime="20220419 02:06:57.691"/>
</iter>
<iter>
<var name="${ele}">Change Password</var>
<kw name="Page Should Contain Element" library="CustomSeleniumKeywords">
<arg>//${item}\[text()="${ele}"\]</arg>
<doc>Verifies that element ``locator`` is found on the current page.</doc>
<msg timestamp="20220419 02:06:57.704" level="INFO">Current page contains element '//p[text()="Change Password"]'.</msg>
<status status="PASS" starttime="20220419 02:06:57.692" endtime="20220419 02:06:57.704"/>
</kw>
<status status="PASS" starttime="20220419 02:06:57.692" endtime="20220419 02:06:57.704"/>
</iter>
<iter>
<var name="${ele}">View Device History</var>
<kw name="Page Should Contain Element" library="CustomSeleniumKeywords">
<arg>//${item}\[text()="${ele}"\]</arg>
<doc>Verifies that element ``locator`` is found on the current page.</doc>
<msg timestamp="20220419 02:06:57.716" level="INFO">Current page contains element '//p[text()="View Device History"]'.</msg>
<status status="PASS" starttime="20220419 02:06:57.704" endtime="20220419 02:06:57.716"/>
</kw>
<status status="PASS" starttime="20220419 02:06:57.704" endtime="20220419 02:06:57.716"/>
</iter>
<iter>
<var name="${ele}">Reports</var>
<kw name="Page Should Contain Element" library="CustomSeleniumKeywords">
<arg>//${item}\[text()="${ele}"\]</arg>
<doc>Verifies that element ``locator`` is found on the current page.</doc>
<msg timestamp="20220419 02:06:57.727" level="INFO">Current page contains element '//p[text()="Reports"]'.</msg>
<status status="PASS" starttime="20220419 02:06:57.716" endtime="20220419 02:06:57.727"/>
</kw>
<status status="PASS" starttime="20220419 02:06:57.716" endtime="20220419 02:06:57.727"/>
</iter>
<iter>
<var name="${ele}">Keep track of your store performance and analytics to enhance your marketplace goods growth!</var>
<kw name="Page Should Contain Element" library="CustomSeleniumKeywords">
<arg>//${item}\[text()="${ele}"\]</arg>
<doc>Verifies that element ``locator`` is found on the current page.</doc>
<msg timestamp="20220419 02:06:57.739" level="INFO">Current page contains element '//p[text()="Keep track of your store performance and analytics to enhance your marketplace goods growth!"]'.</msg>
<status status="PASS" starttime="20220419 02:06:57.727" endtime="20220419 02:06:57.739"/>
</kw>
<status status="PASS" starttime="20220419 02:06:57.727" endtime="20220419 02:06:57.739"/>
</iter>
<iter>
<var name="${ele}">View Store Data</var>
<kw name="Page Should Contain Element" library="CustomSeleniumKeywords">
<arg>//${item}\[text()="${ele}"\]</arg>
<doc>Verifies that element ``locator`` is found on the current page.</doc>
<msg timestamp="20220419 02:06:57.750" level="INFO">Current page contains element '//p[text()="View Store Data"]'.</msg>
<status status="PASS" starttime="20220419 02:06:57.740" endtime="20220419 02:06:57.750"/>
</kw>
<status status="PASS" starttime="20220419 02:06:57.740" endtime="20220419 02:06:57.750"/>
</iter>
<iter>
<var name="${ele}">View Your Top Selling List</var>
<kw name="Page Should Contain Element" library="CustomSeleniumKeywords">
<arg>//${item}\[text()="${ele}"\]</arg>
<doc>Verifies that element ``locator`` is found on the current page.</doc>
<msg timestamp="20220419 02:06:57.761" level="INFO">Current page contains element '//p[text()="View Your Top Selling List"]'.</msg>
<status status="PASS" starttime="20220419 02:06:57.751" endtime="20220419 02:06:57.761"/>
</kw>
<status status="PASS" starttime="20220419 02:06:57.751" endtime="20220419 02:06:57.761"/>
</iter>
<iter>
<var name="${ele}">View Top Search Keywords</var>
<kw name="Page Should Contain Element" library="CustomSeleniumKeywords">
<arg>//${item}\[text()="${ele}"\]</arg>
<doc>Verifies that element ``locator`` is found on the current page.</doc>
<msg timestamp="20220419 02:06:57.772" level="INFO">Current page contains element '//p[text()="View Top Search Keywords"]'.</msg>
<status status="PASS" starttime="20220419 02:06:57.762" endtime="20220419 02:06:57.772"/>
</kw>
<status status="PASS" starttime="20220419 02:06:57.762" endtime="20220419 02:06:57.772"/>
</iter>
<iter>
<var name="${ele}">Messages</var>
<kw name="Page Should Contain Element" library="CustomSeleniumKeywords">
<arg>//${item}\[text()="${ele}"\]</arg>
<doc>Verifies that element ``locator`` is found on the current page.</doc>
<msg timestamp="20220419 02:06:57.781" level="INFO">Current page contains element '//p[text()="Messages"]'.</msg>
<status status="PASS" starttime="20220419 02:06:57.773" endtime="20220419 02:06:57.781"/>
</kw>
<status status="PASS" starttime="20220419 02:06:57.772" endtime="20220419 02:06:57.781"/>
</iter>
<iter>
<var name="${ele}">View your recent messages from Michaels customers.</var>
<kw name="Page Should Contain Element" library="CustomSeleniumKeywords">
<arg>//${item}\[text()="${ele}"\]</arg>
<doc>Verifies that element ``locator`` is found on the current page.</doc>
<msg timestamp="20220419 02:06:57.792" level="INFO">Current page contains element '//p[text()="View your recent messages from Michaels customers."]'.</msg>
<status status="PASS" starttime="20220419 02:06:57.782" endtime="20220419 02:06:57.792"/>
</kw>
<status status="PASS" starttime="20220419 02:06:57.781" endtime="20220419 02:06:57.792"/>
</iter>
<iter>
<var name="${ele}">View Messages</var>
<kw name="Page Should Contain Element" library="CustomSeleniumKeywords">
<arg>//${item}\[text()="${ele}"\]</arg>
<doc>Verifies that element ``locator`` is found on the current page.</doc>
<msg timestamp="20220419 02:06:57.805" level="INFO">Current page contains element '//p[text()="View Messages"]'.</msg>
<status status="PASS" starttime="20220419 02:06:57.792" endtime="20220419 02:06:57.805"/>
</kw>
<status status="PASS" starttime="20220419 02:06:57.792" endtime="20220419 02:06:57.805"/>
</iter>
<status status="PASS" starttime="20220419 02:06:57.177" endtime="20220419 02:06:57.805"/>
</for>
<status status="PASS" starttime="20220419 02:06:57.177" endtime="20220419 02:06:57.805"/>
</branch>
<status status="PASS" starttime="20220419 02:06:57.176" endtime="20220419 02:06:57.805"/>
</if>
<status status="PASS" starttime="20220419 02:06:57.174" endtime="20220419 02:06:57.805"/>
</iter>
<iter>
<var name="${item}">!contains</var>
<kw name="Set Variable" library="BuiltIn">
<var>${item_ele}</var>
<arg>${fixed_ele}[${item}]</arg>
<doc>Returns the given values which can then be assigned to a variables.</doc>
<msg timestamp="20220419 02:06:57.806" level="INFO">${item_ele} = ['Welcome to your Dashboard', 'Last Update: ']</msg>
<status status="PASS" starttime="20220419 02:06:57.805" endtime="20220419 02:06:57.806"/>
</kw>
<kw name="Set Variable" library="BuiltIn">
<var>${ele}</var>
<doc>Returns the given values which can then be assigned to a variables.</doc>
<msg timestamp="20220419 02:06:57.806" level="INFO">${ele} = </msg>
<status status="PASS" starttime="20220419 02:06:57.806" endtime="20220419 02:06:57.806"/>
</kw>
<kw name="Evaluate" library="BuiltIn">
<var>${is_attrs}</var>
<arg>'${item}'.startswith("@")</arg>
<doc>Evaluates the given expression in Python and returns the result.</doc>
<msg timestamp="20220419 02:06:57.806" level="INFO">${is_attrs} = False</msg>
<status status="PASS" starttime="20220419 02:06:57.806" endtime="20220419 02:06:57.807"/>
</kw>
<kw name="Evaluate" library="BuiltIn">
<var>${is_status}</var>
<arg>'${item}'.startswith("!status")</arg>
<doc>Evaluates the given expression in Python and returns the result.</doc>
<msg timestamp="20220419 02:06:57.807" level="INFO">${is_status} = False</msg>
<status status="PASS" starttime="20220419 02:06:57.807" endtime="20220419 02:06:57.807"/>
</kw>
<if>
<branch type="IF" condition="&quot;${is_attrs}&quot;==&quot;${True}&quot;">
<for flavor="IN">
<var>${ele}</var>
<value>@{item_ele}</value>
<iter>
<var name="${ele}">${ele}</var>
<kw name="Page Should Contain Element" library="CustomSeleniumKeywords">
<arg>//*\[${item}="${ele}"\]</arg>
<doc>Verifies that element ``locator`` is found on the current page.</doc>
<status status="NOT RUN" starttime="20220419 02:06:57.807" endtime="20220419 02:06:57.807"/>
</kw>
<status status="NOT RUN" starttime="20220419 02:06:57.807" endtime="20220419 02:06:57.807"/>
</iter>
<status status="NOT RUN" starttime="20220419 02:06:57.807" endtime="20220419 02:06:57.807"/>
</for>
<status status="NOT RUN" starttime="20220419 02:06:57.807" endtime="20220419 02:06:57.807"/>
</branch>
<branch type="ELSE IF" condition="'${is_status}'=='${True}'">
<kw name="Get Json Value" library="CommonLibrary">
<var>${status_fixed_ele}</var>
<arg>${fixed_ele}</arg>
<arg>!status</arg>
<arg>${status}</arg>
<doc>根据传入的key值，返回 data,key|2 表示去list下标为2的key的值
:param data:
:param args:
:return:</doc>
<status status="NOT RUN" starttime="20220419 02:06:57.808" endtime="20220419 02:06:57.808"/>
</kw>
<if>
<branch type="IF" condition="${status_fixed_ele}!=${None}">
<kw name="Common - Check Page Contain Fixed Element" library="CommonKeywords">
<arg>${status_fixed_ele}</arg>
<status status="NOT RUN" starttime="20220419 02:06:57.808" endtime="20220419 02:06:57.808"/>
</kw>
<status status="NOT RUN" starttime="20220419 02:06:57.808" endtime="20220419 02:06:57.808"/>
</branch>
<status status="NOT RUN" starttime="20220419 02:06:57.808" endtime="20220419 02:06:57.808"/>
</if>
<status status="NOT RUN" starttime="20220419 02:06:57.808" endtime="20220419 02:06:57.808"/>
</branch>
<branch type="ELSE IF" condition="'${item}'=='!contains'">
<for flavor="IN">
<var>${ele}</var>
<value>@{item_ele}</value>
<iter>
<var name="${ele}">Welcome to your Dashboard</var>
<kw name="Page Should Contain Element" library="CustomSeleniumKeywords">
<arg>//*[contains(text(),"${ele}")]</arg>
<doc>Verifies that element ``locator`` is found on the current page.</doc>
<msg timestamp="20220419 02:06:57.819" level="INFO">Current page contains element '//*[contains(text(),"Welcome to your Dashboard")]'.</msg>
<status status="PASS" starttime="20220419 02:06:57.809" endtime="20220419 02:06:57.819"/>
</kw>
<status status="PASS" starttime="20220419 02:06:57.808" endtime="20220419 02:06:57.819"/>
</iter>
<iter>
<var name="${ele}">Last Update: </var>
<kw name="Page Should Contain Element" library="CustomSeleniumKeywords">
<arg>//*[contains(text(),"${ele}")]</arg>
<doc>Verifies that element ``locator`` is found on the current page.</doc>
<msg timestamp="20220419 02:06:57.829" level="INFO">Current page contains element '//*[contains(text(),"Last Update: ")]'.</msg>
<status status="PASS" starttime="20220419 02:06:57.820" endtime="20220419 02:06:57.829"/>
</kw>
<status status="PASS" starttime="20220419 02:06:57.820" endtime="20220419 02:06:57.829"/>
</iter>
<status status="PASS" starttime="20220419 02:06:57.808" endtime="20220419 02:06:57.829"/>
</for>
<status status="PASS" starttime="20220419 02:06:57.808" endtime="20220419 02:06:57.829"/>
</branch>
<branch type="ELSE IF" condition="'${item}'=='!remove'">
<for flavor="IN">
<var>${ele}</var>
<value>@{item_ele}</value>
<iter>
<var name="${ele}">${ele}</var>
<kw name="Page Should Not Contain Element" library="CustomSeleniumKeywords">
<arg>//*[contains(text(),"${ele}")]</arg>
<doc>Verifies that element ``locator`` is not found on the current page.</doc>
<status status="NOT RUN" starttime="20220419 02:06:57.829" endtime="20220419 02:06:57.830"/>
</kw>
<status status="NOT RUN" starttime="20220419 02:06:57.829" endtime="20220419 02:06:57.830"/>
</iter>
<status status="NOT RUN" starttime="20220419 02:06:57.829" endtime="20220419 02:06:57.830"/>
</for>
<status status="NOT RUN" starttime="20220419 02:06:57.829" endtime="20220419 02:06:57.830"/>
</branch>
<branch type="ELSE">
<for flavor="IN">
<var>${ele}</var>
<value>@{item_ele}</value>
<iter>
<var name="${ele}">${ele}</var>
<kw name="Page Should Contain Element" library="CustomSeleniumKeywords">
<arg>//${item}\[text()="${ele}"\]</arg>
<doc>Verifies that element ``locator`` is found on the current page.</doc>
<status status="NOT RUN" starttime="20220419 02:06:57.830" endtime="20220419 02:06:57.830"/>
</kw>
<status status="NOT RUN" starttime="20220419 02:06:57.830" endtime="20220419 02:06:57.830"/>
</iter>
<status status="NOT RUN" starttime="20220419 02:06:57.830" endtime="20220419 02:06:57.830"/>
</for>
<status status="NOT RUN" starttime="20220419 02:06:57.830" endtime="20220419 02:06:57.830"/>
</branch>
<status status="PASS" starttime="20220419 02:06:57.807" endtime="20220419 02:06:57.830"/>
</if>
<status status="PASS" starttime="20220419 02:06:57.805" endtime="20220419 02:06:57.830"/>
</iter>
<status status="PASS" starttime="20220419 02:06:57.174" endtime="20220419 02:06:57.830"/>
</for>
<status status="PASS" starttime="20220419 02:06:57.173" endtime="20220419 02:06:57.830"/>
</kw>
<doc>Check Fixed Element Text</doc>
<tag>ea-dashboard</tag>
<tag>ea-dashboard-text</tag>
<tag>mp</tag>
<tag>mp-ea</tag>
<status status="PASS" starttime="20220419 02:06:54.917" endtime="20220419 02:06:57.831"/>
</test>
<kw name="Close All Browsers" library="CustomSeleniumKeywords" type="TEARDOWN">
<doc>Closes all open browsers and resets the browser cache.</doc>
<status status="PASS" starttime="20220419 02:06:57.833" endtime="20220419 02:06:59.947"/>
</kw>
<status status="PASS" starttime="20220419 02:05:54.460" endtime="20220419 02:06:59.947"/>
</suite>
<status status="PASS" starttime="20220419 02:05:54.457" endtime="20220419 02:06:59.950"/>
</suite>
<status status="PASS" starttime="20220419 02:05:54.426" endtime="20220419 02:06:59.952"/>
</suite>
<statistics>
<total>
<stat pass="1" fail="0" skip="0">All Tests</stat>
</total>
<tag>
<stat pass="1" fail="0" skip="0">ea-dashboard</stat>
<stat pass="1" fail="0" skip="0">ea-dashboard-text</stat>
<stat pass="1" fail="0" skip="0">mp</stat>
<stat pass="1" fail="0" skip="0">mp-ea</stat>
</tag>
<suite>
<stat pass="1" fail="0" skip="0" id="s1" name="Testcase">Testcase</stat>
<stat pass="1" fail="0" skip="0" id="s1-s1" name="MP">Testcase.MP</stat>
<stat pass="1" fail="0" skip="0" id="s1-s1-s1" name="107 SellerDashboardCase">Testcase.MP.107 SellerDashboardCase</stat>
</suite>
</statistics>
<errors>
</errors>
</robot>
