<?xml version="1.0" encoding="UTF-8"?>
<robot generator="Robot 4.1.2 (Python 3.8.5 on win32)" generated="20220120 19:52:10.197" rpa="false" schemaversion="2">
<suite id="s1" name="TestCase" source="C:\AppDocument\PyCharm\automation-robot-ui\TestCase">
<suite id="s1-s1" name="MP" source="C:\AppDocument\PyCharm\automation-robot-ui\TestCase\MP">
<suite id="s1-s1-s1" name="501 SellerOrderManagementCase" source="C:\AppDocument\PyCharm\automation-robot-ui\TestCase\MP\501_SellerOrderManagementCase.robot">
<kw name="Run Keywords" library="BuiltIn" type="SETUP">
<arg>Initial Data And Open Browser</arg>
<arg>${URL_MIK_SIGNIN}${Return_Url}</arg>
<arg>AND</arg>
<arg>User Sign In - MP</arg>
<arg>${SELLER_EMAIL}</arg>
<arg>${SELLER_PWD}</arg>
<arg>${SELLER_NAME}</arg>
<doc>Executes all the given keywords in a sequence.</doc>
<kw name="Initial Data And Open Browser" library="CommonKeywords">
<arg>${URL_MIK_SIGNIN}${Return_Url}</arg>
<kw name="Initial Env Data" library="CommonKeywords">
<kw name="Set Selenium Timeout" library="Selenium2Library">
<arg>${TIME_OUT}</arg>
<doc>Sets the timeout that is used by various keywords.</doc>
<status status="PASS" starttime="20220120 19:52:12.316" endtime="20220120 19:52:12.316"/>
</kw>
<kw name="Get Config Ini" library="CommonLibrary">
<var>${config}</var>
<arg>${ENV}</arg>
<arg>${config_name}</arg>
<msg timestamp="20220120 19:52:12.318" level="INFO">${config} = {'seller_email': 'ui_seller_03@snapmail.cc', 'seller_name': 'UITestSeller', 'seller_pwd': 'Password123', 'seller_store_name': 'storeseller03', 'seller_store_id': '6120385227812626432', 'buyer_email': ...</msg>
<status status="PASS" starttime="20220120 19:52:12.316" endtime="20220120 19:52:12.318"/>
</kw>
<kw name="Set Variable" library="BuiltIn">
<var>${item}</var>
<doc>Returns the given values which can then be assigned to a variables.</doc>
<msg timestamp="20220120 19:52:12.318" level="INFO">${item} = </msg>
<status status="PASS" starttime="20220120 19:52:12.318" endtime="20220120 19:52:12.318"/>
</kw>
<for flavor="IN">
<var>${item}</var>
<value>&amp;{config}</value>
<iter>
<var name="${item}">('seller_email', 'ui_seller_03@snapmail.cc')</var>
<kw name="Log" library="BuiltIn">
<arg>${item[0]}</arg>
<doc>Logs the given message with the given level.</doc>
<msg timestamp="20220120 19:52:12.320" level="INFO">seller_email</msg>
<status status="PASS" starttime="20220120 19:52:12.319" endtime="20220120 19:52:12.320"/>
</kw>
<kw name="Set Suite Variable" library="BuiltIn">
<arg>${${item[0]}}</arg>
<arg>${item[1]}</arg>
<doc>Makes a variable available everywhere within the scope of the current suite.</doc>
<msg timestamp="20220120 19:52:12.323" level="INFO">${seller_email} = ui_seller_03@snapmail.cc</msg>
<status status="PASS" starttime="20220120 19:52:12.320" endtime="20220120 19:52:12.323"/>
</kw>
<status status="PASS" starttime="20220120 19:52:12.319" endtime="20220120 19:52:12.323"/>
</iter>
<iter>
<var name="${item}">('seller_name', 'UITestSeller')</var>
<kw name="Log" library="BuiltIn">
<arg>${item[0]}</arg>
<doc>Logs the given message with the given level.</doc>
<msg timestamp="20220120 19:52:12.324" level="INFO">seller_name</msg>
<status status="PASS" starttime="20220120 19:52:12.323" endtime="20220120 19:52:12.324"/>
</kw>
<kw name="Set Suite Variable" library="BuiltIn">
<arg>${${item[0]}}</arg>
<arg>${item[1]}</arg>
<doc>Makes a variable available everywhere within the scope of the current suite.</doc>
<msg timestamp="20220120 19:52:12.327" level="INFO">${seller_name} = UITestSeller</msg>
<status status="PASS" starttime="20220120 19:52:12.324" endtime="20220120 19:52:12.327"/>
</kw>
<status status="PASS" starttime="20220120 19:52:12.323" endtime="20220120 19:52:12.327"/>
</iter>
<iter>
<var name="${item}">('seller_pwd', 'Password123')</var>
<kw name="Log" library="BuiltIn">
<arg>${item[0]}</arg>
<doc>Logs the given message with the given level.</doc>
<msg timestamp="20220120 19:52:12.329" level="INFO">seller_pwd</msg>
<status status="PASS" starttime="20220120 19:52:12.328" endtime="20220120 19:52:12.329"/>
</kw>
<kw name="Set Suite Variable" library="BuiltIn">
<arg>${${item[0]}}</arg>
<arg>${item[1]}</arg>
<doc>Makes a variable available everywhere within the scope of the current suite.</doc>
<msg timestamp="20220120 19:52:12.332" level="INFO">${seller_pwd} = Password123</msg>
<status status="PASS" starttime="20220120 19:52:12.329" endtime="20220120 19:52:12.332"/>
</kw>
<status status="PASS" starttime="20220120 19:52:12.327" endtime="20220120 19:52:12.332"/>
</iter>
<iter>
<var name="${item}">('seller_store_name', 'storeseller03')</var>
<kw name="Log" library="BuiltIn">
<arg>${item[0]}</arg>
<doc>Logs the given message with the given level.</doc>
<msg timestamp="20220120 19:52:12.332" level="INFO">seller_store_name</msg>
<status status="PASS" starttime="20220120 19:52:12.332" endtime="20220120 19:52:12.332"/>
</kw>
<kw name="Set Suite Variable" library="BuiltIn">
<arg>${${item[0]}}</arg>
<arg>${item[1]}</arg>
<doc>Makes a variable available everywhere within the scope of the current suite.</doc>
<msg timestamp="20220120 19:52:12.335" level="INFO">${seller_store_name} = storeseller03</msg>
<status status="PASS" starttime="20220120 19:52:12.333" endtime="20220120 19:52:12.335"/>
</kw>
<status status="PASS" starttime="20220120 19:52:12.332" endtime="20220120 19:52:12.335"/>
</iter>
<iter>
<var name="${item}">('seller_store_id', '6120385227812626432')</var>
<kw name="Log" library="BuiltIn">
<arg>${item[0]}</arg>
<doc>Logs the given message with the given level.</doc>
<msg timestamp="20220120 19:52:12.336" level="INFO">seller_store_id</msg>
<status status="PASS" starttime="20220120 19:52:12.335" endtime="20220120 19:52:12.336"/>
</kw>
<kw name="Set Suite Variable" library="BuiltIn">
<arg>${${item[0]}}</arg>
<arg>${item[1]}</arg>
<doc>Makes a variable available everywhere within the scope of the current suite.</doc>
<msg timestamp="20220120 19:52:12.338" level="INFO">${seller_store_id} = 6120385227812626432</msg>
<status status="PASS" starttime="20220120 19:52:12.336" endtime="20220120 19:52:12.338"/>
</kw>
<status status="PASS" starttime="20220120 19:52:12.335" endtime="20220120 19:52:12.338"/>
</iter>
<iter>
<var name="${item}">('buyer_email', 'ui_buyer_03@snapmail.cc')</var>
<kw name="Log" library="BuiltIn">
<arg>${item[0]}</arg>
<doc>Logs the given message with the given level.</doc>
<msg timestamp="20220120 19:52:12.339" level="INFO">buyer_email</msg>
<status status="PASS" starttime="20220120 19:52:12.338" endtime="20220120 19:52:12.339"/>
</kw>
<kw name="Set Suite Variable" library="BuiltIn">
<arg>${${item[0]}}</arg>
<arg>${item[1]}</arg>
<doc>Makes a variable available everywhere within the scope of the current suite.</doc>
<msg timestamp="20220120 19:52:12.343" level="INFO">${buyer_email} = ui_buyer_03@snapmail.cc</msg>
<status status="PASS" starttime="20220120 19:52:12.339" endtime="20220120 19:52:12.343"/>
</kw>
<status status="PASS" starttime="20220120 19:52:12.338" endtime="20220120 19:52:12.343"/>
</iter>
<iter>
<var name="${item}">('buyer_name', 'UITestBuyer')</var>
<kw name="Log" library="BuiltIn">
<arg>${item[0]}</arg>
<doc>Logs the given message with the given level.</doc>
<msg timestamp="20220120 19:52:12.344" level="INFO">buyer_name</msg>
<status status="PASS" starttime="20220120 19:52:12.343" endtime="20220120 19:52:12.344"/>
</kw>
<kw name="Set Suite Variable" library="BuiltIn">
<arg>${${item[0]}}</arg>
<arg>${item[1]}</arg>
<doc>Makes a variable available everywhere within the scope of the current suite.</doc>
<msg timestamp="20220120 19:52:12.348" level="INFO">${buyer_name} = UITestBuyer</msg>
<status status="PASS" starttime="20220120 19:52:12.344" endtime="20220120 19:52:12.348"/>
</kw>
<status status="PASS" starttime="20220120 19:52:12.343" endtime="20220120 19:52:12.348"/>
</iter>
<iter>
<var name="${item}">('buyer_pwd', 'Password123')</var>
<kw name="Log" library="BuiltIn">
<arg>${item[0]}</arg>
<doc>Logs the given message with the given level.</doc>
<msg timestamp="20220120 19:52:12.350" level="INFO">buyer_pwd</msg>
<status status="PASS" starttime="20220120 19:52:12.349" endtime="20220120 19:52:12.350"/>
</kw>
<kw name="Set Suite Variable" library="BuiltIn">
<arg>${${item[0]}}</arg>
<arg>${item[1]}</arg>
<doc>Makes a variable available everywhere within the scope of the current suite.</doc>
<msg timestamp="20220120 19:52:12.355" level="INFO">${buyer_pwd} = Password123</msg>
<status status="PASS" starttime="20220120 19:52:12.350" endtime="20220120 19:52:12.355"/>
</kw>
<status status="PASS" starttime="20220120 19:52:12.348" endtime="20220120 19:52:12.355"/>
</iter>
<iter>
<var name="${item}">('buyer_pwd_new', 'Password1234')</var>
<kw name="Log" library="BuiltIn">
<arg>${item[0]}</arg>
<doc>Logs the given message with the given level.</doc>
<msg timestamp="20220120 19:52:12.357" level="INFO">buyer_pwd_new</msg>
<status status="PASS" starttime="20220120 19:52:12.356" endtime="20220120 19:52:12.357"/>
</kw>
<kw name="Set Suite Variable" library="BuiltIn">
<arg>${${item[0]}}</arg>
<arg>${item[1]}</arg>
<doc>Makes a variable available everywhere within the scope of the current suite.</doc>
<msg timestamp="20220120 19:52:12.362" level="INFO">${buyer_pwd_new} = Password1234</msg>
<status status="PASS" starttime="20220120 19:52:12.357" endtime="20220120 19:52:12.362"/>
</kw>
<status status="PASS" starttime="20220120 19:52:12.355" endtime="20220120 19:52:12.362"/>
</iter>
<iter>
<var name="${item}">('map_email', 'shengyuan@michaels.com')</var>
<kw name="Log" library="BuiltIn">
<arg>${item[0]}</arg>
<doc>Logs the given message with the given level.</doc>
<msg timestamp="20220120 19:52:12.364" level="INFO">map_email</msg>
<status status="PASS" starttime="20220120 19:52:12.362" endtime="20220120 19:52:12.364"/>
</kw>
<kw name="Set Suite Variable" library="BuiltIn">
<arg>${${item[0]}}</arg>
<arg>${item[1]}</arg>
<doc>Makes a variable available everywhere within the scope of the current suite.</doc>
<msg timestamp="20220120 19:52:12.367" level="INFO">${map_email} = shengyuan@michaels.com</msg>
<status status="PASS" starttime="20220120 19:52:12.364" endtime="20220120 19:52:12.367"/>
</kw>
<status status="PASS" starttime="20220120 19:52:12.362" endtime="20220120 19:52:12.367"/>
</iter>
<iter>
<var name="${item}">('map_pwd', 'Hello543207a')</var>
<kw name="Log" library="BuiltIn">
<arg>${item[0]}</arg>
<doc>Logs the given message with the given level.</doc>
<msg timestamp="20220120 19:52:12.368" level="INFO">map_pwd</msg>
<status status="PASS" starttime="20220120 19:52:12.367" endtime="20220120 19:52:12.368"/>
</kw>
<kw name="Set Suite Variable" library="BuiltIn">
<arg>${${item[0]}}</arg>
<arg>${item[1]}</arg>
<doc>Makes a variable available everywhere within the scope of the current suite.</doc>
<msg timestamp="20220120 19:52:12.371" level="INFO">${map_pwd} = Hello543207a</msg>
<status status="PASS" starttime="20220120 19:52:12.368" endtime="20220120 19:52:12.371"/>
</kw>
<status status="PASS" starttime="20220120 19:52:12.367" endtime="20220120 19:52:12.371"/>
</iter>
<status status="PASS" starttime="20220120 19:52:12.318" endtime="20220120 19:52:12.371"/>
</for>
<kw name="Return Or Enter Key" library="CommonLibrary">
<var>${RETURN_OR_ENTER}</var>
<msg timestamp="20220120 19:52:12.371" level="INFO">${RETURN_OR_ENTER} = ENTER</msg>
<status status="PASS" starttime="20220120 19:52:12.371" endtime="20220120 19:52:12.371"/>
</kw>
<kw name="Set Suite Variable" library="BuiltIn">
<arg>${RETURN_OR_ENTER}</arg>
<arg>${RETURN_OR_ENTER}</arg>
<doc>Makes a variable available everywhere within the scope of the current suite.</doc>
<msg timestamp="20220120 19:52:12.372" level="INFO">${RETURN_OR_ENTER} = ENTER</msg>
<status status="PASS" starttime="20220120 19:52:12.371" endtime="20220120 19:52:12.372"/>
</kw>
<kw name="Ctrl Or Command Key" library="CommonLibrary">
<var>${CTRL_OR_COMMAND}</var>
<msg timestamp="20220120 19:52:12.372" level="INFO">${CTRL_OR_COMMAND} = CONTROL</msg>
<status status="PASS" starttime="20220120 19:52:12.372" endtime="20220120 19:52:12.372"/>
</kw>
<kw name="Set Suite Variable" library="BuiltIn">
<arg>${CTRL_OR_COMMAND}</arg>
<arg>${CTRL_OR_COMMAND}</arg>
<doc>Makes a variable available everywhere within the scope of the current suite.</doc>
<msg timestamp="20220120 19:52:12.373" level="INFO">${CTRL_OR_COMMAND} = CONTROL</msg>
<status status="PASS" starttime="20220120 19:52:12.372" endtime="20220120 19:52:12.373"/>
</kw>
<status status="PASS" starttime="20220120 19:52:12.316" endtime="20220120 19:52:12.373"/>
</kw>
<kw name="Set Selenium Timeout" library="Selenium2Library">
<arg>${TIME_OUT}</arg>
<doc>Sets the timeout that is used by various keywords.</doc>
<status status="PASS" starttime="20220120 19:52:12.373" endtime="20220120 19:52:12.373"/>
</kw>
<kw name="Open Browser" library="Selenium2Library">
<arg>${url}</arg>
<arg>${BROWSER}</arg>
<arg>${brower_name}</arg>
<doc>Opens a new browser instance to the optional ``url``.</doc>
<msg timestamp="20220120 19:52:12.374" level="INFO">Opening browser 'Chrome' to base url 'https://mik.tst03.platform.michaels.com/signin?returnUrl=/mp/sellertools/order-management'.</msg>
<status status="PASS" starttime="20220120 19:52:12.373" endtime="20220120 19:52:16.812"/>
</kw>
<kw name="Sleep" library="BuiltIn">
<arg>1</arg>
<doc>Pauses the test executed for the given time.</doc>
<msg timestamp="20220120 19:52:17.814" level="INFO">Slept 1 second</msg>
<status status="PASS" starttime="20220120 19:52:16.812" endtime="20220120 19:52:17.814"/>
</kw>
<kw name="Maximize Browser Window" library="Selenium2Library">
<doc>Maximizes current browser window.</doc>
<status status="PASS" starttime="20220120 19:52:17.814" endtime="20220120 19:52:17.942"/>
</kw>
<status status="PASS" starttime="20220120 19:52:12.316" endtime="20220120 19:52:17.942"/>
</kw>
<kw name="User Sign In - MP" library="CommonKeywords">
<arg>${SELLER_EMAIL}</arg>
<arg>${SELLER_PWD}</arg>
<arg>${SELLER_NAME}</arg>
<kw name="Sleep" library="BuiltIn">
<arg>3</arg>
<doc>Pauses the test executed for the given time.</doc>
<msg timestamp="20220120 19:52:20.948" level="INFO">Slept 3 seconds</msg>
<status status="PASS" starttime="20220120 19:52:17.944" endtime="20220120 19:52:20.948"/>
</kw>
<kw name="Get Element Count" library="Selenium2Library">
<var>${count}</var>
<arg>//p[text()='Sign In']</arg>
<doc>Returns the number of elements matching ``locator``.</doc>
<msg timestamp="20220120 19:52:20.959" level="INFO">${count} = 0</msg>
<status status="PASS" starttime="20220120 19:52:20.949" endtime="20220120 19:52:20.959"/>
</kw>
<if>
<branch type="IF" condition="'${count}'=='1'">
<kw name="Wait Until Element Is Visible" library="Selenium2Library">
<arg>//p[text()='Sign In']</arg>
<doc>Waits until the element ``locator`` is visible.</doc>
<status status="NOT RUN" starttime="20220120 19:52:20.959" endtime="20220120 19:52:20.959"/>
</kw>
<kw name="Click Element" library="Selenium2Library">
<arg>//*[text()='Sign In']</arg>
<doc>Click the element identified by ``locator``.</doc>
<status status="NOT RUN" starttime="20220120 19:52:20.960" endtime="20220120 19:52:20.960"/>
</kw>
<status status="NOT RUN" starttime="20220120 19:52:20.959" endtime="20220120 19:52:20.960"/>
</branch>
<status status="PASS" starttime="20220120 19:52:20.959" endtime="20220120 19:52:20.960"/>
</if>
<kw name="Wait Until Element Is Visible" library="Selenium2Library">
<arg>//input[@id="email"]</arg>
<doc>Waits until the element ``locator`` is visible.</doc>
<status status="PASS" starttime="20220120 19:52:20.960" endtime="20220120 19:52:20.986"/>
</kw>
<kw name="Input Text" library="Selenium2Library">
<arg>//input[@id="email"]</arg>
<arg>${email}</arg>
<doc>Types the given ``text`` into the text field identified by ``locator``.</doc>
<msg timestamp="20220120 19:52:20.986" level="INFO">Typing text 'ui_seller_03@snapmail.cc' into text field '//input[@id="email"]'.</msg>
<status status="PASS" starttime="20220120 19:52:20.986" endtime="20220120 19:52:21.369"/>
</kw>
<kw name="Sleep" library="BuiltIn">
<arg>1</arg>
<doc>Pauses the test executed for the given time.</doc>
<msg timestamp="20220120 19:52:22.379" level="INFO">Slept 1 second</msg>
<status status="PASS" starttime="20220120 19:52:21.369" endtime="20220120 19:52:22.379"/>
</kw>
<kw name="Input Text" library="Selenium2Library">
<arg>//input[@id="password"]</arg>
<arg>${pwd}</arg>
<doc>Types the given ``text`` into the text field identified by ``locator``.</doc>
<msg timestamp="20220120 19:52:22.380" level="INFO">Typing text 'Password123' into text field '//input[@id="password"]'.</msg>
<status status="PASS" starttime="20220120 19:52:22.379" endtime="20220120 19:52:22.506"/>
</kw>
<kw name="Sleep" library="BuiltIn">
<arg>1</arg>
<doc>Pauses the test executed for the given time.</doc>
<msg timestamp="20220120 19:52:23.517" level="INFO">Slept 1 second</msg>
<status status="PASS" starttime="20220120 19:52:22.506" endtime="20220120 19:52:23.517"/>
</kw>
<kw name="Click Element" library="Selenium2Library">
<arg>//div[text()="SIGN IN"]/parent::button[@type="submit"]</arg>
<doc>Click the element identified by ``locator``.</doc>
<msg timestamp="20220120 19:52:23.518" level="INFO">Clicking element '//div[text()="SIGN IN"]/parent::button[@type="submit"]'.</msg>
<status status="PASS" starttime="20220120 19:52:23.518" endtime="20220120 19:52:23.558"/>
</kw>
<kw name="Set Suite Variable" library="BuiltIn">
<arg>${Cur_User_Name}</arg>
<arg>${name}</arg>
<doc>Makes a variable available everywhere within the scope of the current suite.</doc>
<msg timestamp="20220120 19:52:23.559" level="INFO">${Cur_User_Name} = UITestSeller</msg>
<status status="PASS" starttime="20220120 19:52:23.558" endtime="20220120 19:52:23.559"/>
</kw>
<kw name="Wait Until Element Is Visible" library="Selenium2Library">
<arg>//p[text()='${Cur_User_Name}']</arg>
<doc>Waits until the element ``locator`` is visible.</doc>
<status status="PASS" starttime="20220120 19:52:23.559" endtime="20220120 19:52:27.590"/>
</kw>
<status status="PASS" starttime="20220120 19:52:17.942" endtime="20220120 19:52:27.591"/>
</kw>
<status status="PASS" starttime="20220120 19:52:12.315" endtime="20220120 19:52:27.591"/>
</kw>
<test id="s1-s1-s1-t1" name="Test Confirm First Order Which Status Is Pending Confirmation On Fisrt Page">
<kw name="Store Left Menu - Order Management - Overview" library="MenuKeywords">
<kw name="Store Left Menu - Open Order Management" library="MenuKeywords">
<kw name="Wait Until Element Is Visible" library="Selenium2Library">
<arg>//p[text()="Order Management"]/../..</arg>
<doc>Waits until the element ``locator`` is visible.</doc>
<status status="PASS" starttime="20220120 19:52:27.593" endtime="20220120 19:52:27.826"/>
</kw>
<kw name="Get Element Count" library="Selenium2Library">
<var>${count}</var>
<arg>//p[text()="Order Management"]/../parent::button[@aria-expanded="false"]</arg>
<doc>Returns the number of elements matching ``locator``.</doc>
<msg timestamp="20220120 19:52:27.837" level="INFO">${count} = 1</msg>
<status status="PASS" starttime="20220120 19:52:27.826" endtime="20220120 19:52:27.837"/>
</kw>
<kw name="Run Keyword If" library="BuiltIn">
<arg>'${count}'=='1'</arg>
<arg>Click Element</arg>
<arg>//p[text()="Order Management"]/../..</arg>
<doc>Runs the given keyword with the given arguments, if ``condition`` is true.</doc>
<kw name="Click Element" library="Selenium2Library">
<arg>//p[text()="Order Management"]/../..</arg>
<doc>Click the element identified by ``locator``.</doc>
<msg timestamp="20220120 19:52:27.838" level="INFO">Clicking element '//p[text()="Order Management"]/../..'.</msg>
<status status="PASS" starttime="20220120 19:52:27.837" endtime="20220120 19:52:27.944"/>
</kw>
<status status="PASS" starttime="20220120 19:52:27.837" endtime="20220120 19:52:27.944"/>
</kw>
<kw name="Run Keyword If" library="BuiltIn">
<arg>'${count}'=='1'</arg>
<arg>Wait Until Element Is Visible</arg>
<arg>//p[text()="Overview"]/parent::button</arg>
<doc>Runs the given keyword with the given arguments, if ``condition`` is true.</doc>
<kw name="Wait Until Element Is Visible" library="Selenium2Library">
<arg>//p[text()="Overview"]/parent::button</arg>
<doc>Waits until the element ``locator`` is visible.</doc>
<status status="PASS" starttime="20220120 19:52:27.945" endtime="20220120 19:52:27.967"/>
</kw>
<status status="PASS" starttime="20220120 19:52:27.945" endtime="20220120 19:52:27.968"/>
</kw>
<status status="PASS" starttime="20220120 19:52:27.593" endtime="20220120 19:52:27.968"/>
</kw>
<kw name="Click Element" library="Selenium2Library">
<arg>//p[text()="Overview"]/parent::button</arg>
<doc>Click the element identified by ``locator``.</doc>
<msg timestamp="20220120 19:52:27.969" level="INFO">Clicking element '//p[text()="Overview"]/parent::button'.</msg>
<status status="PASS" starttime="20220120 19:52:27.969" endtime="20220120 19:52:28.118"/>
</kw>
<kw name="Wait Until Element Is Visible" library="Selenium2Library">
<arg>//h2[text()="Order Management"]</arg>
<doc>Waits until the element ``locator`` is visible.</doc>
<status status="PASS" starttime="20220120 19:52:28.118" endtime="20220120 19:52:28.139"/>
</kw>
<kw name="Wait Until Element Is Visible" library="Selenium2Library">
<arg>//p[text()="Filters "]</arg>
<doc>Waits until the element ``locator`` is visible.</doc>
<status status="PASS" starttime="20220120 19:52:28.139" endtime="20220120 19:52:28.909"/>
</kw>
<status status="PASS" starttime="20220120 19:52:27.592" endtime="20220120 19:52:28.909"/>
</kw>
<kw name="Flow - Seller Order - Confirm All Items By Buyer Name" library="SellerOrderManagementKeywords">
<arg>${BUYER_NAME}</arg>
<arg>1</arg>
<kw name="Seller Order - Filters - Clear All Filters" library="SellerOrderManagementKeywords">
<kw name="Click Element" library="Selenium2Library">
<arg>//p[starts-with(text(),"Filters")]/following-sibling::button</arg>
<doc>Click the element identified by ``locator``.</doc>
<msg timestamp="20220120 19:52:28.910" level="INFO">Clicking element '//p[starts-with(text(),"Filters")]/following-sibling::button'.</msg>
<status status="PASS" starttime="20220120 19:52:28.910" endtime="20220120 19:52:29.057"/>
</kw>
<kw name="Wait Until Element Is Visible" library="Selenium2Library">
<arg>//header[text()="Filters"]</arg>
<doc>Waits until the element ``locator`` is visible.</doc>
<status status="PASS" starttime="20220120 19:52:29.058" endtime="20220120 19:52:29.082"/>
</kw>
<kw name="Click Element" library="Selenium2Library">
<arg>//div[text()="Clear All"]/parent::button</arg>
<doc>Click the element identified by ``locator``.</doc>
<msg timestamp="20220120 19:52:29.082" level="INFO">Clicking element '//div[text()="Clear All"]/parent::button'.</msg>
<status status="PASS" starttime="20220120 19:52:29.082" endtime="20220120 19:52:29.236"/>
</kw>
<kw name="Wait Until Element Is Not Visible" library="Selenium2Library">
<arg>//header[text()="Filters"]</arg>
<doc>Waits until the element ``locator`` is not visible.</doc>
<status status="PASS" starttime="20220120 19:52:29.236" endtime="20220120 19:52:29.254"/>
</kw>
<kw name="Wait Until Element Is Visible" library="Selenium2Library">
<arg>//p[text()="Customer Name"]</arg>
<doc>Waits until the element ``locator`` is visible.</doc>
<status status="PASS" starttime="20220120 19:52:29.254" endtime="20220120 19:52:29.285"/>
</kw>
<status status="PASS" starttime="20220120 19:52:28.910" endtime="20220120 19:52:29.285"/>
</kw>
<kw name="Seller Order - Filters - Search Order By Status Single" library="SellerOrderManagementKeywords">
<arg>Pending Confirmation</arg>
<doc>Pending Confirmation,Ready to Ship,Partial Shipped,
Shipped, Delivered, Cancelled,Completed</doc>
<kw name="Click Element" library="Selenium2Library">
<arg>//p[starts-with(text(),"Filters")]/following-sibling::button</arg>
<doc>Click the element identified by ``locator``.</doc>
<msg timestamp="20220120 19:52:29.286" level="INFO">Clicking element '//p[starts-with(text(),"Filters")]/following-sibling::button'.</msg>
<status status="PASS" starttime="20220120 19:52:29.286" endtime="20220120 19:52:29.369"/>
</kw>
<kw name="Wait Until Element Is Visible" library="Selenium2Library">
<arg>//header[text()="Filters"]</arg>
<doc>Waits until the element ``locator`` is visible.</doc>
<status status="PASS" starttime="20220120 19:52:29.369" endtime="20220120 19:52:29.392"/>
</kw>
<kw name="Click Element" library="Selenium2Library">
<arg>//p[text()="${status}"]/../parent::label[starts-with(@class,"chakra-checkbox")]</arg>
<doc>Click the element identified by ``locator``.</doc>
<msg timestamp="20220120 19:52:29.393" level="INFO">Clicking element '//p[text()="Pending Confirmation"]/../parent::label[starts-with(@class,"chakra-checkbox")]'.</msg>
<status status="PASS" starttime="20220120 19:52:29.393" endtime="20220120 19:52:29.481"/>
</kw>
<kw name="Sleep" library="BuiltIn">
<arg>1</arg>
<doc>Pauses the test executed for the given time.</doc>
<msg timestamp="20220120 19:52:30.490" level="INFO">Slept 1 second</msg>
<status status="PASS" starttime="20220120 19:52:29.481" endtime="20220120 19:52:30.490"/>
</kw>
<kw name="Click Element" library="Selenium2Library">
<arg>//div[text()="View Results"]/parent::button</arg>
<doc>Click the element identified by ``locator``.</doc>
<msg timestamp="20220120 19:52:30.491" level="INFO">Clicking element '//div[text()="View Results"]/parent::button'.</msg>
<status status="PASS" starttime="20220120 19:52:30.490" endtime="20220120 19:52:30.592"/>
</kw>
<kw name="Wait Until Element Is Not Visible" library="Selenium2Library">
<arg>//header[text()="Filters"]</arg>
<doc>Waits until the element ``locator`` is not visible.</doc>
<status status="PASS" starttime="20220120 19:52:30.592" endtime="20220120 19:52:30.822"/>
</kw>
<kw name="Wait Loading Hidden" library="CommonKeywords">
<kw name="Sleep" library="BuiltIn">
<arg>0.5</arg>
<doc>Pauses the test executed for the given time.</doc>
<msg timestamp="20220120 19:52:31.332" level="INFO">Slept 500 milliseconds</msg>
<status status="PASS" starttime="20220120 19:52:30.823" endtime="20220120 19:52:31.333"/>
</kw>
<kw name="Wait Until Element Is Not Visible" library="Selenium2Library">
<arg>//*[@id="stepcolors"]</arg>
<doc>Waits until the element ``locator`` is not visible.</doc>
<status status="PASS" starttime="20220120 19:52:31.333" endtime="20220120 19:52:31.342"/>
</kw>
<kw name="Sleep" library="BuiltIn">
<arg>0.5</arg>
<doc>Pauses the test executed for the given time.</doc>
<msg timestamp="20220120 19:52:31.847" level="INFO">Slept 500 milliseconds</msg>
<status status="PASS" starttime="20220120 19:52:31.342" endtime="20220120 19:52:31.847"/>
</kw>
<status status="PASS" starttime="20220120 19:52:30.823" endtime="20220120 19:52:31.847"/>
</kw>
<status status="PASS" starttime="20220120 19:52:29.285" endtime="20220120 19:52:31.847"/>
</kw>
<kw name="Seller Order - Search Order By Search Value" library="SellerOrderManagementKeywords">
<arg>${name}</arg>
<kw name="Input Text" library="Selenium2Library">
<arg>//input[@id="searchOrders"]</arg>
<arg>${search_value}</arg>
<doc>Types the given ``text`` into the text field identified by ``locator``.</doc>
<msg timestamp="20220120 19:52:31.848" level="INFO">Typing text 'UITestBuyer' into text field '//input[@id="searchOrders"]'.</msg>
<status status="PASS" starttime="20220120 19:52:31.848" endtime="20220120 19:52:32.010"/>
</kw>
<kw name="Press Keys" library="Selenium2Library">
<arg>//input[@id="searchOrders"]</arg>
<arg>${RETURN_OR_ENTER}</arg>
<doc>Simulates the user pressing key(s) to an element or on the active browser.</doc>
<msg timestamp="20220120 19:52:32.011" level="INFO">Sending key(s) ('ENTER',) to //input[@id="searchOrders"] element.</msg>
<msg timestamp="20220120 19:52:32.290" level="INFO">Pressing special key ENTER to element.</msg>
<msg timestamp="20220120 19:52:32.290" level="INFO">Releasing special key ENTER.</msg>
<status status="PASS" starttime="20220120 19:52:32.010" endtime="20220120 19:52:32.293"/>
</kw>
<kw name="Wait Loading Hidden" library="CommonKeywords">
<kw name="Sleep" library="BuiltIn">
<arg>0.5</arg>
<doc>Pauses the test executed for the given time.</doc>
<msg timestamp="20220120 19:52:32.797" level="INFO">Slept 500 milliseconds</msg>
<status status="PASS" starttime="20220120 19:52:32.293" endtime="20220120 19:52:32.797"/>
</kw>
<kw name="Wait Until Element Is Not Visible" library="Selenium2Library">
<arg>//*[@id="stepcolors"]</arg>
<doc>Waits until the element ``locator`` is not visible.</doc>
<status status="PASS" starttime="20220120 19:52:32.797" endtime="20220120 19:52:32.804"/>
</kw>
<kw name="Sleep" library="BuiltIn">
<arg>0.5</arg>
<doc>Pauses the test executed for the given time.</doc>
<msg timestamp="20220120 19:52:33.312" level="INFO">Slept 500 milliseconds</msg>
<status status="PASS" starttime="20220120 19:52:32.804" endtime="20220120 19:52:33.312"/>
</kw>
<status status="PASS" starttime="20220120 19:52:32.293" endtime="20220120 19:52:33.312"/>
</kw>
<status status="PASS" starttime="20220120 19:52:31.847" endtime="20220120 19:52:33.312"/>
</kw>
<kw name="Seller Order - Enter To Order Detail Page By Line Index" library="SellerOrderManagementKeywords">
<arg>${index}</arg>
<kw name="Sleep" library="BuiltIn">
<arg>1</arg>
<doc>Pauses the test executed for the given time.</doc>
<msg timestamp="20220120 19:52:34.329" level="INFO">Slept 1 second</msg>
<status status="PASS" starttime="20220120 19:52:33.314" endtime="20220120 19:52:34.329"/>
</kw>
<kw name="Get Element Count" library="Selenium2Library">
<var>${count}</var>
<arg>//p[starts-with(text(),"THP")]/../parent::button</arg>
<doc>Returns the number of elements matching ``locator``.</doc>
<msg timestamp="20220120 19:52:34.340" level="INFO">${count} = 4</msg>
<status status="PASS" starttime="20220120 19:52:34.329" endtime="20220120 19:52:34.340"/>
</kw>
<if>
<branch type="IF" condition="'${count}'=='0'">
<kw name="Capture Page Screenshot" library="Selenium2Library">
<arg>on_order.png</arg>
<doc>Takes a screenshot of the current page and embeds it into a log file.</doc>
<status status="NOT RUN" starttime="20220120 19:52:34.340" endtime="20220120 19:52:34.340"/>
</kw>
<kw name="Skip" library="BuiltIn">
<arg>There are no order on list</arg>
<doc>Skips the rest of the current test.</doc>
<status status="NOT RUN" starttime="20220120 19:52:34.340" endtime="20220120 19:52:34.340"/>
</kw>
<status status="NOT RUN" starttime="20220120 19:52:34.340" endtime="20220120 19:52:34.340"/>
</branch>
<status status="PASS" starttime="20220120 19:52:34.340" endtime="20220120 19:52:34.340"/>
</if>
<kw name="Run Keyword If" library="BuiltIn">
<var>${count}</var>
<arg>${index}&gt;${count}</arg>
<arg>Set Variable</arg>
<arg>${count}</arg>
<arg>ELSE</arg>
<arg>Set Variable</arg>
<arg>${index}</arg>
<doc>Runs the given keyword with the given arguments, if ``condition`` is true.</doc>
<kw name="Set Variable" library="BuiltIn">
<arg>${index}</arg>
<doc>Returns the given values which can then be assigned to a variables.</doc>
<status status="PASS" starttime="20220120 19:52:34.341" endtime="20220120 19:52:34.341"/>
</kw>
<msg timestamp="20220120 19:52:34.341" level="INFO">${count} = 1</msg>
<status status="PASS" starttime="20220120 19:52:34.340" endtime="20220120 19:52:34.341"/>
</kw>
<kw name="Seller Order - Get Order Information By Line Index" library="SellerOrderManagementKeywords">
<arg>${count}</arg>
<kw name="Get Text" library="Selenium2Library">
<var>${Cur_Order_Number}</var>
<arg>(//p[starts-with(text(),"THP")])[${index}]</arg>
<doc>Returns the text value of the element identified by ``locator``.</doc>
<msg timestamp="20220120 19:52:34.358" level="INFO">${Cur_Order_Number} = THP5837692585894269-1</msg>
<status status="PASS" starttime="20220120 19:52:34.341" endtime="20220120 19:52:34.358"/>
</kw>
<kw name="Set Suite Variable" library="BuiltIn">
<arg>${Cur_Order_Number}</arg>
<arg>${Cur_Order_Number}</arg>
<doc>Makes a variable available everywhere within the scope of the current suite.</doc>
<msg timestamp="20220120 19:52:34.359" level="INFO">${Cur_Order_Number} = THP5837692585894269-1</msg>
<status status="PASS" starttime="20220120 19:52:34.358" endtime="20220120 19:52:34.359"/>
</kw>
<kw name="Get Text" library="Selenium2Library">
<var>${Cur_Order_Customer_Name}</var>
<arg>((//tbody/tr)[${index}]/td)[1]/p</arg>
<doc>Returns the text value of the element identified by ``locator``.</doc>
<msg timestamp="20220120 19:52:34.374" level="INFO">${Cur_Order_Customer_Name} = UITestBuyer pang</msg>
<status status="PASS" starttime="20220120 19:52:34.359" endtime="20220120 19:52:34.374"/>
</kw>
<kw name="Get Text" library="Selenium2Library">
<var>${Cur_Order_Status}</var>
<arg>(((//tbody/tr)[${index}]/td)[3]/div/span)[2]</arg>
<doc>Returns the text value of the element identified by ``locator``.</doc>
<msg timestamp="20220120 19:52:34.394" level="INFO">${Cur_Order_Status} = Pending Confirmation</msg>
<status status="PASS" starttime="20220120 19:52:34.374" endtime="20220120 19:52:34.394"/>
</kw>
<kw name="Get Text" library="Selenium2Library">
<var>${Cur_Order_Date}</var>
<arg>((//tbody/tr)[${index}]/td)[4]/div/p</arg>
<doc>Returns the text value of the element identified by ``locator``.</doc>
<msg timestamp="20220120 19:52:34.410" level="INFO">${Cur_Order_Date} = 1/20/2022</msg>
<status status="PASS" starttime="20220120 19:52:34.394" endtime="20220120 19:52:34.410"/>
</kw>
<kw name="Get Text" library="Selenium2Library">
<var>${Cur_Order_Total}</var>
<arg>((//tbody/tr)[1]/td)[5]/p</arg>
<doc>Returns the text value of the element identified by ``locator``.</doc>
<msg timestamp="20220120 19:52:34.423" level="INFO">${Cur_Order_Total} = $178.27</msg>
<status status="PASS" starttime="20220120 19:52:34.410" endtime="20220120 19:52:34.423"/>
</kw>
<kw name="Create Dictionary" library="BuiltIn">
<var>${Cur_Order_Information}</var>
<arg>Cur_Order_Customer_Name=${Cur_Order_Customer_Name}</arg>
<arg>Cur_Order_Status=${Cur_Order_Status}</arg>
<arg>Cur_Order_Date=${Cur_Order_Date}</arg>
<arg>Cur_Order_Total=${Cur_Order_Total}</arg>
<arg>Cur_Order_Number=${Cur_Order_Number}</arg>
<doc>Creates and returns a dictionary based on the given ``items``.</doc>
<msg timestamp="20220120 19:52:34.424" level="INFO">${Cur_Order_Information} = {'Cur_Order_Customer_Name': 'UITestBuyer pang', 'Cur_Order_Status': 'Pending Confirmation', 'Cur_Order_Date': '1/20/2022', 'Cur_Order_Total': '$178.27', 'Cur_Order_Number': 'THP5837692585894269-1'}</msg>
<status status="PASS" starttime="20220120 19:52:34.424" endtime="20220120 19:52:34.424"/>
</kw>
<kw name="Set Suite Variable" library="BuiltIn">
<arg>${Cur_Order_Information}</arg>
<arg>${Cur_Order_Information}</arg>
<doc>Makes a variable available everywhere within the scope of the current suite.</doc>
<msg timestamp="20220120 19:52:34.425" level="INFO">${Cur_Order_Information} = {'Cur_Order_Customer_Name': 'UITestBuyer pang', 'Cur_Order_Status': 'Pending Confirmation', 'Cur_Order_Date': '1/20/2022', 'Cur_Order_Total': '$178.27', 'Cur_Order_Number': 'THP5837692585894269-1'}</msg>
<status status="PASS" starttime="20220120 19:52:34.424" endtime="20220120 19:52:34.425"/>
</kw>
<kw name="Log Dictionary" library="Collections">
<arg>${Cur_Order_Information}</arg>
<doc>Logs the size and contents of the ``dictionary`` using given ``level``.</doc>
<msg timestamp="20220120 19:52:34.426" level="INFO">Dictionary size is 5 and it contains following items:
Cur_Order_Customer_Name: UITestBuyer pang
Cur_Order_Date: 1/20/2022
Cur_Order_Number: THP5837692585894269-1
Cur_Order_Status: Pending Confirmation
Cur_Order_Total: $178.27</msg>
<status status="PASS" starttime="20220120 19:52:34.425" endtime="20220120 19:52:34.426"/>
</kw>
<status status="PASS" starttime="20220120 19:52:34.341" endtime="20220120 19:52:34.426"/>
</kw>
<kw name="Click Element" library="Selenium2Library">
<arg>(//p[starts-with(text(),"THP")]/../parent::button)[${count}]</arg>
<doc>Click the element identified by ``locator``.</doc>
<msg timestamp="20220120 19:52:34.426" level="INFO">Clicking element '(//p[starts-with(text(),"THP")]/../parent::button)[1]'.</msg>
<status status="PASS" starttime="20220120 19:52:34.426" endtime="20220120 19:52:34.513"/>
</kw>
<kw name="Wait Until Element Is Visible" library="Selenium2Library">
<arg>//h1[text()="Order Details"]</arg>
<doc>Waits until the element ``locator`` is visible.</doc>
<status status="PASS" starttime="20220120 19:52:34.513" endtime="20220120 19:52:34.530"/>
</kw>
<kw name="Wait Until Element Is Visible" library="Selenium2Library">
<arg>//table//img[@alt="Product Image"]</arg>
<doc>Waits until the element ``locator`` is visible.</doc>
<status status="PASS" starttime="20220120 19:52:34.530" endtime="20220120 19:52:34.985"/>
</kw>
<kw name="Sleep" library="BuiltIn">
<arg>1</arg>
<doc>Pauses the test executed for the given time.</doc>
<msg timestamp="20220120 19:52:35.999" level="INFO">Slept 1 second</msg>
<status status="PASS" starttime="20220120 19:52:34.985" endtime="20220120 19:52:36.000"/>
</kw>
<status status="PASS" starttime="20220120 19:52:33.313" endtime="20220120 19:52:36.000"/>
</kw>
<kw name="Seller Order - Select All Item On Order Detail Page" library="SellerOrderManagementKeywords">
<kw name="Wait Until Element Is Enabled" library="Selenium2Library">
<arg>//table//th//*[contains(@class,"icon-tabler-square")]</arg>
<doc>Waits until the element ``locator`` is enabled.</doc>
<status status="PASS" starttime="20220120 19:52:36.001" endtime="20220120 19:52:36.022"/>
</kw>
<kw name="Wait Until Element Is Visible" library="Selenium2Library">
<arg>//table//th//*[contains(@class,"icon-tabler-square")]</arg>
<doc>Waits until the element ``locator`` is visible.</doc>
<status status="PASS" starttime="20220120 19:52:36.022" endtime="20220120 19:52:36.033"/>
</kw>
<kw name="Get Element Count" library="Selenium2Library">
<var>${count_checked}</var>
<arg>//table//th//*[contains(@class,"icon-tabler-square-check")]</arg>
<doc>Returns the number of elements matching ``locator``.</doc>
<msg timestamp="20220120 19:52:36.040" level="INFO">${count_checked} = 0</msg>
<status status="PASS" starttime="20220120 19:52:36.033" endtime="20220120 19:52:36.040"/>
</kw>
<kw name="Run Keyword If" library="BuiltIn">
<arg>'${count_checked}'=='0'</arg>
<arg>Click Element</arg>
<arg>//table//th//*[contains(@class,"icon-tabler-square")]</arg>
<doc>Runs the given keyword with the given arguments, if ``condition`` is true.</doc>
<kw name="Click Element" library="Selenium2Library">
<arg>//table//th//*[contains(@class,"icon-tabler-square")]</arg>
<doc>Click the element identified by ``locator``.</doc>
<msg timestamp="20220120 19:52:36.040" level="INFO">Clicking element '//table//th//*[contains(@class,"icon-tabler-square")]'.</msg>
<status status="PASS" starttime="20220120 19:52:36.040" endtime="20220120 19:52:36.081"/>
</kw>
<status status="PASS" starttime="20220120 19:52:36.040" endtime="20220120 19:52:36.082"/>
</kw>
<status status="PASS" starttime="20220120 19:52:36.000" endtime="20220120 19:52:36.082"/>
</kw>
<kw name="Seller Order - Confirm Order On Order Detail Page" library="SellerOrderManagementKeywords">
<kw name="Wait Until Element Is Visible" library="Selenium2Library">
<arg>//p[text()="New order waiting for confirmation."]</arg>
<doc>Waits until the element ``locator`` is visible.</doc>
<status status="PASS" starttime="20220120 19:52:36.082" endtime="20220120 19:52:36.097"/>
</kw>
<kw name="Click Element" library="Selenium2Library">
<arg>//div[text()="Confirm Order"]/parent::button</arg>
<doc>Click the element identified by ``locator``.</doc>
<msg timestamp="20220120 19:52:36.098" level="INFO">Clicking element '//div[text()="Confirm Order"]/parent::button'.</msg>
<status status="PASS" starttime="20220120 19:52:36.098" endtime="20220120 19:52:36.131"/>
</kw>
<kw name="Wait Until Element Is Not Visible" library="Selenium2Library">
<arg>//div[text()="Confirm Order"]/parent::button</arg>
<doc>Waits until the element ``locator`` is not visible.</doc>
<status status="PASS" starttime="20220120 19:52:36.131" endtime="20220120 19:52:36.803"/>
</kw>
<kw name="Wait Until Element Is Visible" library="Selenium2Library">
<arg>//p[text()="Ship your items"]</arg>
<doc>Waits until the element ``locator`` is visible.</doc>
<status status="PASS" starttime="20220120 19:52:36.803" endtime="20220120 19:52:36.817"/>
</kw>
<status status="PASS" starttime="20220120 19:52:36.082" endtime="20220120 19:52:36.817"/>
</kw>
<status status="PASS" starttime="20220120 19:52:28.909" endtime="20220120 19:52:36.817"/>
</kw>
<kw name="Go To Expect Url Page" library="CommonKeywords" type="TEARDOWN">
<arg>${TEST STATUS}</arg>
<arg>seller</arg>
<arg>ovr</arg>
<kw name="Set Variable" library="BuiltIn">
<var>${path}</var>
<doc>Returns the given values which can then be assigned to a variables.</doc>
<msg timestamp="20220120 19:52:36.819" level="INFO">${path} = </msg>
<status status="PASS" starttime="20220120 19:52:36.818" endtime="20220120 19:52:36.819"/>
</kw>
<if>
<branch type="IF" condition="'${type}'=='seller'">
<kw name="Set Variable" library="BuiltIn">
<var>${path}</var>
<arg>${SELLER_BASE_URL}${SELLER_URLS}[${key}]</arg>
<doc>Returns the given values which can then be assigned to a variables.</doc>
<msg timestamp="20220120 19:52:36.819" level="INFO">${path} = /mp/sellertools/overview</msg>
<status status="PASS" starttime="20220120 19:52:36.819" endtime="20220120 19:52:36.819"/>
</kw>
<status status="PASS" starttime="20220120 19:52:36.819" endtime="20220120 19:52:36.819"/>
</branch>
<branch type="ELSE IF" condition="'${type}'=='buyer'">
<kw name="Set Variable" library="BuiltIn">
<var>${path}</var>
<arg>${BUYER_BASE_URL}${BUYER_URLS}[${key}]</arg>
<doc>Returns the given values which can then be assigned to a variables.</doc>
<status status="NOT RUN" starttime="20220120 19:52:36.819" endtime="20220120 19:52:36.819"/>
</kw>
<status status="NOT RUN" starttime="20220120 19:52:36.819" endtime="20220120 19:52:36.819"/>
</branch>
<branch type="ELSE">
<kw name="Set Variable" library="BuiltIn">
<var>${path}</var>
<arg>${COMMON_URLS}[${key}]</arg>
<doc>Returns the given values which can then be assigned to a variables.</doc>
<status status="NOT RUN" starttime="20220120 19:52:36.819" endtime="20220120 19:52:36.819"/>
</kw>
<status status="NOT RUN" starttime="20220120 19:52:36.819" endtime="20220120 19:52:36.819"/>
</branch>
<status status="PASS" starttime="20220120 19:52:36.819" endtime="20220120 19:52:36.819"/>
</if>
<kw name="Set Variable" library="BuiltIn">
<var>${expect_url}</var>
<arg>${URL_MIK}${path}</arg>
<doc>Returns the given values which can then be assigned to a variables.</doc>
<msg timestamp="20220120 19:52:36.820" level="INFO">${expect_url} = https://mik.tst03.platform.michaels.com/mp/sellertools/overview</msg>
<status status="PASS" starttime="20220120 19:52:36.820" endtime="20220120 19:52:36.820"/>
</kw>
<if>
<branch type="IF" condition="'${status}'=='FAIL'">
<kw name="Get Location" library="Selenium2Library">
<var>${now_url}</var>
<doc>Returns the current browser window URL.</doc>
<status status="NOT RUN" starttime="20220120 19:52:36.820" endtime="20220120 19:52:36.820"/>
</kw>
<if>
<branch type="IF" condition="'${now_url}'!='${expect_url}'">
<kw name="Reload Page" library="Selenium2Library">
<doc>Simulates user reloading page.</doc>
<status status="NOT RUN" starttime="20220120 19:52:36.820" endtime="20220120 19:52:36.820"/>
</kw>
<kw name="Go To" library="Selenium2Library">
<arg>${expect_url}</arg>
<doc>Navigates the current browser window to the provided ``url``.</doc>
<status status="NOT RUN" starttime="20220120 19:52:36.820" endtime="20220120 19:52:36.820"/>
</kw>
<status status="NOT RUN" starttime="20220120 19:52:36.820" endtime="20220120 19:52:36.820"/>
</branch>
<branch type="ELSE">
<kw name="Reload Page" library="Selenium2Library">
<doc>Simulates user reloading page.</doc>
<status status="NOT RUN" starttime="20220120 19:52:36.820" endtime="20220120 19:52:36.820"/>
</kw>
<status status="NOT RUN" starttime="20220120 19:52:36.820" endtime="20220120 19:52:36.820"/>
</branch>
<status status="NOT RUN" starttime="20220120 19:52:36.820" endtime="20220120 19:52:36.820"/>
</if>
<status status="NOT RUN" starttime="20220120 19:52:36.820" endtime="20220120 19:52:36.820"/>
</branch>
<branch type="ELSE IF" condition="'${status}'=='DONE'">
<kw name="Go To" library="Selenium2Library">
<arg>${expect_url}</arg>
<doc>Navigates the current browser window to the provided ``url``.</doc>
<status status="NOT RUN" starttime="20220120 19:52:36.821" endtime="20220120 19:52:36.821"/>
</kw>
<status status="NOT RUN" starttime="20220120 19:52:36.820" endtime="20220120 19:52:36.821"/>
</branch>
<status status="PASS" starttime="20220120 19:52:36.820" endtime="20220120 19:52:36.821"/>
</if>
<status status="PASS" starttime="20220120 19:52:36.818" endtime="20220120 19:52:36.821"/>
</kw>
<doc>Search Pengding Confirmation order, then enter detail page by line one and confirm it</doc>
<tag>mp</tag>
<tag>mp-seller-order</tag>
<tag>mp-seller-order-confirm</tag>
<status status="PASS" starttime="20220120 19:52:27.591" endtime="20220120 19:52:36.821"/>
</test>
<test id="s1-s1-s1-t2" name="Test Confirm Last Order Which Status Is Pending Confirmation On Fisrt Page">
<kw name="Store Left Menu - Order Management - Overview" library="MenuKeywords">
<kw name="Store Left Menu - Open Order Management" library="MenuKeywords">
<kw name="Wait Until Element Is Visible" library="Selenium2Library">
<arg>//p[text()="Order Management"]/../..</arg>
<doc>Waits until the element ``locator`` is visible.</doc>
<kw name="Capture Page Screenshot" library="Selenium2Library">
<doc>Takes a screenshot of the current page and embeds it into a log file.</doc>
<msg timestamp="20220120 19:52:52.025" level="INFO" html="true">&lt;/td&gt;&lt;/tr&gt;&lt;tr&gt;&lt;td colspan="3"&gt;&lt;a href="selenium-screenshot-6.png"&gt;&lt;img src="selenium-screenshot-6.png" width="800px"&gt;&lt;/a&gt;</msg>
<status status="PASS" starttime="20220120 19:52:51.911" endtime="20220120 19:52:52.025"/>
</kw>
<msg timestamp="20220120 19:52:52.027" level="FAIL">Element '//p[text()="Order Management"]/../..' not visible after 15 seconds.</msg>
<status status="FAIL" starttime="20220120 19:52:36.824" endtime="20220120 19:52:52.027"/>
</kw>
<kw name="Get Element Count" library="Selenium2Library">
<var>${count}</var>
<arg>//p[text()="Order Management"]/../parent::button[@aria-expanded="false"]</arg>
<doc>Returns the number of elements matching ``locator``.</doc>
<status status="NOT RUN" starttime="20220120 19:52:52.027" endtime="20220120 19:52:52.027"/>
</kw>
<kw name="Run Keyword If" library="BuiltIn">
<arg>'${count}'=='1'</arg>
<arg>Click Element</arg>
<arg>//p[text()="Order Management"]/../..</arg>
<doc>Runs the given keyword with the given arguments, if ``condition`` is true.</doc>
<status status="NOT RUN" starttime="20220120 19:52:52.028" endtime="20220120 19:52:52.028"/>
</kw>
<kw name="Run Keyword If" library="BuiltIn">
<arg>'${count}'=='1'</arg>
<arg>Wait Until Element Is Visible</arg>
<arg>//p[text()="Overview"]/parent::button</arg>
<doc>Runs the given keyword with the given arguments, if ``condition`` is true.</doc>
<status status="NOT RUN" starttime="20220120 19:52:52.028" endtime="20220120 19:52:52.028"/>
</kw>
<status status="FAIL" starttime="20220120 19:52:36.824" endtime="20220120 19:52:52.028"/>
</kw>
<kw name="Click Element" library="Selenium2Library">
<arg>//p[text()="Overview"]/parent::button</arg>
<doc>Click the element identified by ``locator``.</doc>
<status status="NOT RUN" starttime="20220120 19:52:52.029" endtime="20220120 19:52:52.029"/>
</kw>
<kw name="Wait Until Element Is Visible" library="Selenium2Library">
<arg>//h2[text()="Order Management"]</arg>
<doc>Waits until the element ``locator`` is visible.</doc>
<status status="NOT RUN" starttime="20220120 19:52:52.029" endtime="20220120 19:52:52.029"/>
</kw>
<kw name="Wait Until Element Is Visible" library="Selenium2Library">
<arg>//p[text()="Filters "]</arg>
<doc>Waits until the element ``locator`` is visible.</doc>
<status status="NOT RUN" starttime="20220120 19:52:52.029" endtime="20220120 19:52:52.029"/>
</kw>
<status status="FAIL" starttime="20220120 19:52:36.823" endtime="20220120 19:52:52.029"/>
</kw>
<kw name="Flow - Seller Order - Confirm All Items By Buyer Name" library="SellerOrderManagementKeywords">
<arg>${BUYER_NAME}</arg>
<arg>15</arg>
<status status="NOT RUN" starttime="20220120 19:52:52.030" endtime="20220120 19:52:52.030"/>
</kw>
<kw name="Go To Expect Url Page" library="CommonKeywords" type="TEARDOWN">
<arg>${TEST STATUS}</arg>
<arg>seller</arg>
<arg>ovr</arg>
<kw name="Set Variable" library="BuiltIn">
<var>${path}</var>
<doc>Returns the given values which can then be assigned to a variables.</doc>
<msg timestamp="20220120 19:52:52.031" level="INFO">${path} = </msg>
<status status="PASS" starttime="20220120 19:52:52.031" endtime="20220120 19:52:52.031"/>
</kw>
<if>
<branch type="IF" condition="'${type}'=='seller'">
<kw name="Set Variable" library="BuiltIn">
<var>${path}</var>
<arg>${SELLER_BASE_URL}${SELLER_URLS}[${key}]</arg>
<doc>Returns the given values which can then be assigned to a variables.</doc>
<msg timestamp="20220120 19:52:52.032" level="INFO">${path} = /mp/sellertools/overview</msg>
<status status="PASS" starttime="20220120 19:52:52.032" endtime="20220120 19:52:52.032"/>
</kw>
<status status="PASS" starttime="20220120 19:52:52.032" endtime="20220120 19:52:52.032"/>
</branch>
<branch type="ELSE IF" condition="'${type}'=='buyer'">
<kw name="Set Variable" library="BuiltIn">
<var>${path}</var>
<arg>${BUYER_BASE_URL}${BUYER_URLS}[${key}]</arg>
<doc>Returns the given values which can then be assigned to a variables.</doc>
<status status="NOT RUN" starttime="20220120 19:52:52.032" endtime="20220120 19:52:52.032"/>
</kw>
<status status="NOT RUN" starttime="20220120 19:52:52.032" endtime="20220120 19:52:52.032"/>
</branch>
<branch type="ELSE">
<kw name="Set Variable" library="BuiltIn">
<var>${path}</var>
<arg>${COMMON_URLS}[${key}]</arg>
<doc>Returns the given values which can then be assigned to a variables.</doc>
<status status="NOT RUN" starttime="20220120 19:52:52.032" endtime="20220120 19:52:52.032"/>
</kw>
<status status="NOT RUN" starttime="20220120 19:52:52.032" endtime="20220120 19:52:52.032"/>
</branch>
<status status="PASS" starttime="20220120 19:52:52.031" endtime="20220120 19:52:52.032"/>
</if>
<kw name="Set Variable" library="BuiltIn">
<var>${expect_url}</var>
<arg>${URL_MIK}${path}</arg>
<doc>Returns the given values which can then be assigned to a variables.</doc>
<msg timestamp="20220120 19:52:52.032" level="INFO">${expect_url} = https://mik.tst03.platform.michaels.com/mp/sellertools/overview</msg>
<status status="PASS" starttime="20220120 19:52:52.032" endtime="20220120 19:52:52.032"/>
</kw>
<if>
<branch type="IF" condition="'${status}'=='FAIL'">
<kw name="Get Location" library="Selenium2Library">
<var>${now_url}</var>
<doc>Returns the current browser window URL.</doc>
<msg timestamp="20220120 19:52:52.040" level="INFO">${now_url} = https://mik.tst03.platform.michaels.com/mp/seller/order-details/THP5837692585894269-1</msg>
<status status="PASS" starttime="20220120 19:52:52.033" endtime="20220120 19:52:52.040"/>
</kw>
<if>
<branch type="IF" condition="'${now_url}'!='${expect_url}'">
<kw name="Reload Page" library="Selenium2Library">
<doc>Simulates user reloading page.</doc>
<status status="PASS" starttime="20220120 19:52:52.040" endtime="20220120 19:52:52.052"/>
</kw>
<kw name="Go To" library="Selenium2Library">
<arg>${expect_url}</arg>
<doc>Navigates the current browser window to the provided ``url``.</doc>
<msg timestamp="20220120 19:52:52.054" level="INFO">Opening url 'https://mik.tst03.platform.michaels.com/mp/sellertools/overview'</msg>
<status status="PASS" starttime="20220120 19:52:52.053" endtime="20220120 19:52:56.343"/>
</kw>
<status status="PASS" starttime="20220120 19:52:52.040" endtime="20220120 19:52:56.343"/>
</branch>
<branch type="ELSE">
<kw name="Reload Page" library="Selenium2Library">
<doc>Simulates user reloading page.</doc>
<status status="NOT RUN" starttime="20220120 19:52:56.343" endtime="20220120 19:52:56.344"/>
</kw>
<status status="NOT RUN" starttime="20220120 19:52:56.343" endtime="20220120 19:52:56.344"/>
</branch>
<status status="PASS" starttime="20220120 19:52:52.040" endtime="20220120 19:52:56.344"/>
</if>
<status status="PASS" starttime="20220120 19:52:52.033" endtime="20220120 19:52:56.344"/>
</branch>
<branch type="ELSE IF" condition="'${status}'=='DONE'">
<kw name="Go To" library="Selenium2Library">
<arg>${expect_url}</arg>
<doc>Navigates the current browser window to the provided ``url``.</doc>
<status status="NOT RUN" starttime="20220120 19:52:56.344" endtime="20220120 19:52:56.344"/>
</kw>
<status status="NOT RUN" starttime="20220120 19:52:56.344" endtime="20220120 19:52:56.344"/>
</branch>
<status status="PASS" starttime="20220120 19:52:52.033" endtime="20220120 19:52:56.344"/>
</if>
<status status="PASS" starttime="20220120 19:52:52.031" endtime="20220120 19:52:56.344"/>
</kw>
<doc>Search Pengding Confirmation order, then enter detail page by last line and confirm it</doc>
<tag>mp</tag>
<tag>mp-seller-order</tag>
<tag>mp-seller-order-confirm</tag>
<status status="FAIL" starttime="20220120 19:52:36.823" endtime="20220120 19:52:56.345">Element '//p[text()="Order Management"]/../..' not visible after 15 seconds.</status>
</test>
<test id="s1-s1-s1-t3" name="Test Ship Items Which Status Is Ready To Ship">
<kw name="Store Left Menu - Order Management - Overview" library="MenuKeywords">
<kw name="Store Left Menu - Open Order Management" library="MenuKeywords">
<kw name="Wait Until Element Is Visible" library="Selenium2Library">
<arg>//p[text()="Order Management"]/../..</arg>
<doc>Waits until the element ``locator`` is visible.</doc>
<status status="PASS" starttime="20220120 19:52:56.350" endtime="20220120 19:52:56.815"/>
</kw>
<kw name="Get Element Count" library="Selenium2Library">
<var>${count}</var>
<arg>//p[text()="Order Management"]/../parent::button[@aria-expanded="false"]</arg>
<doc>Returns the number of elements matching ``locator``.</doc>
<msg timestamp="20220120 19:52:56.823" level="INFO">${count} = 1</msg>
<status status="PASS" starttime="20220120 19:52:56.815" endtime="20220120 19:52:56.823"/>
</kw>
<kw name="Run Keyword If" library="BuiltIn">
<arg>'${count}'=='1'</arg>
<arg>Click Element</arg>
<arg>//p[text()="Order Management"]/../..</arg>
<doc>Runs the given keyword with the given arguments, if ``condition`` is true.</doc>
<kw name="Click Element" library="Selenium2Library">
<arg>//p[text()="Order Management"]/../..</arg>
<doc>Click the element identified by ``locator``.</doc>
<msg timestamp="20220120 19:52:56.824" level="INFO">Clicking element '//p[text()="Order Management"]/../..'.</msg>
<status status="PASS" starttime="20220120 19:52:56.823" endtime="20220120 19:52:57.023"/>
</kw>
<status status="PASS" starttime="20220120 19:52:56.823" endtime="20220120 19:52:57.023"/>
</kw>
<kw name="Run Keyword If" library="BuiltIn">
<arg>'${count}'=='1'</arg>
<arg>Wait Until Element Is Visible</arg>
<arg>//p[text()="Overview"]/parent::button</arg>
<doc>Runs the given keyword with the given arguments, if ``condition`` is true.</doc>
<kw name="Wait Until Element Is Visible" library="Selenium2Library">
<arg>//p[text()="Overview"]/parent::button</arg>
<doc>Waits until the element ``locator`` is visible.</doc>
<status status="PASS" starttime="20220120 19:52:57.023" endtime="20220120 19:52:57.052"/>
</kw>
<status status="PASS" starttime="20220120 19:52:57.023" endtime="20220120 19:52:57.052"/>
</kw>
<status status="PASS" starttime="20220120 19:52:56.349" endtime="20220120 19:52:57.052"/>
</kw>
<kw name="Click Element" library="Selenium2Library">
<arg>//p[text()="Overview"]/parent::button</arg>
<doc>Click the element identified by ``locator``.</doc>
<msg timestamp="20220120 19:52:57.052" level="INFO">Clicking element '//p[text()="Overview"]/parent::button'.</msg>
<status status="PASS" starttime="20220120 19:52:57.052" endtime="20220120 19:52:57.171"/>
</kw>
<kw name="Wait Until Element Is Visible" library="Selenium2Library">
<arg>//h2[text()="Order Management"]</arg>
<doc>Waits until the element ``locator`` is visible.</doc>
<status status="PASS" starttime="20220120 19:52:57.171" endtime="20220120 19:52:57.195"/>
</kw>
<kw name="Wait Until Element Is Visible" library="Selenium2Library">
<arg>//p[text()="Filters "]</arg>
<doc>Waits until the element ``locator`` is visible.</doc>
<status status="PASS" starttime="20220120 19:52:57.195" endtime="20220120 19:52:58.395"/>
</kw>
<status status="PASS" starttime="20220120 19:52:56.349" endtime="20220120 19:52:58.395"/>
</kw>
<kw name="Flow - Seller Order - Shipped All Items By Buyer Name" library="SellerOrderManagementKeywords">
<arg>${BUYER_NAME}</arg>
<arg>1</arg>
<kw name="Seller Order - Filters - Clear All Filters" library="SellerOrderManagementKeywords">
<kw name="Click Element" library="Selenium2Library">
<arg>//p[starts-with(text(),"Filters")]/following-sibling::button</arg>
<doc>Click the element identified by ``locator``.</doc>
<msg timestamp="20220120 19:52:58.397" level="INFO">Clicking element '//p[starts-with(text(),"Filters")]/following-sibling::button'.</msg>
<status status="PASS" starttime="20220120 19:52:58.397" endtime="20220120 19:52:58.505"/>
</kw>
<kw name="Wait Until Element Is Visible" library="Selenium2Library">
<arg>//header[text()="Filters"]</arg>
<doc>Waits until the element ``locator`` is visible.</doc>
<status status="PASS" starttime="20220120 19:52:58.505" endtime="20220120 19:52:58.526"/>
</kw>
<kw name="Click Element" library="Selenium2Library">
<arg>//div[text()="Clear All"]/parent::button</arg>
<doc>Click the element identified by ``locator``.</doc>
<msg timestamp="20220120 19:52:58.526" level="INFO">Clicking element '//div[text()="Clear All"]/parent::button'.</msg>
<status status="PASS" starttime="20220120 19:52:58.526" endtime="20220120 19:52:58.659"/>
</kw>
<kw name="Wait Until Element Is Not Visible" library="Selenium2Library">
<arg>//header[text()="Filters"]</arg>
<doc>Waits until the element ``locator`` is not visible.</doc>
<status status="PASS" starttime="20220120 19:52:58.660" endtime="20220120 19:52:58.903"/>
</kw>
<kw name="Wait Until Element Is Visible" library="Selenium2Library">
<arg>//p[text()="Customer Name"]</arg>
<doc>Waits until the element ``locator`` is visible.</doc>
<status status="PASS" starttime="20220120 19:52:58.903" endtime="20220120 19:52:58.918"/>
</kw>
<status status="PASS" starttime="20220120 19:52:58.396" endtime="20220120 19:52:58.918"/>
</kw>
<kw name="Seller Order - Filters - Search Order By Status Single" library="SellerOrderManagementKeywords">
<arg>Ready to Ship</arg>
<doc>Pending Confirmation,Ready to Ship,Partial Shipped,
Shipped, Delivered, Cancelled,Completed</doc>
<kw name="Click Element" library="Selenium2Library">
<arg>//p[starts-with(text(),"Filters")]/following-sibling::button</arg>
<doc>Click the element identified by ``locator``.</doc>
<msg timestamp="20220120 19:52:58.919" level="INFO">Clicking element '//p[starts-with(text(),"Filters")]/following-sibling::button'.</msg>
<status status="PASS" starttime="20220120 19:52:58.919" endtime="20220120 19:52:58.997"/>
</kw>
<kw name="Wait Until Element Is Visible" library="Selenium2Library">
<arg>//header[text()="Filters"]</arg>
<doc>Waits until the element ``locator`` is visible.</doc>
<status status="PASS" starttime="20220120 19:52:58.998" endtime="20220120 19:52:59.014"/>
</kw>
<kw name="Click Element" library="Selenium2Library">
<arg>//p[text()="${status}"]/../parent::label[starts-with(@class,"chakra-checkbox")]</arg>
<doc>Click the element identified by ``locator``.</doc>
<msg timestamp="20220120 19:52:59.016" level="INFO">Clicking element '//p[text()="Ready to Ship"]/../parent::label[starts-with(@class,"chakra-checkbox")]'.</msg>
<status status="PASS" starttime="20220120 19:52:59.015" endtime="20220120 19:52:59.215"/>
</kw>
<kw name="Sleep" library="BuiltIn">
<arg>1</arg>
<doc>Pauses the test executed for the given time.</doc>
<msg timestamp="20220120 19:53:00.225" level="INFO">Slept 1 second</msg>
<status status="PASS" starttime="20220120 19:52:59.216" endtime="20220120 19:53:00.225"/>
</kw>
<kw name="Click Element" library="Selenium2Library">
<arg>//div[text()="View Results"]/parent::button</arg>
<doc>Click the element identified by ``locator``.</doc>
<msg timestamp="20220120 19:53:00.226" level="INFO">Clicking element '//div[text()="View Results"]/parent::button'.</msg>
<status status="PASS" starttime="20220120 19:53:00.226" endtime="20220120 19:53:00.315"/>
</kw>
<kw name="Wait Until Element Is Not Visible" library="Selenium2Library">
<arg>//header[text()="Filters"]</arg>
<doc>Waits until the element ``locator`` is not visible.</doc>
<status status="PASS" starttime="20220120 19:53:00.316" endtime="20220120 19:53:00.563"/>
</kw>
<kw name="Wait Loading Hidden" library="CommonKeywords">
<kw name="Sleep" library="BuiltIn">
<arg>0.5</arg>
<doc>Pauses the test executed for the given time.</doc>
<msg timestamp="20220120 19:53:01.066" level="INFO">Slept 500 milliseconds</msg>
<status status="PASS" starttime="20220120 19:53:00.563" endtime="20220120 19:53:01.066"/>
</kw>
<kw name="Wait Until Element Is Not Visible" library="Selenium2Library">
<arg>//*[@id="stepcolors"]</arg>
<doc>Waits until the element ``locator`` is not visible.</doc>
<status status="PASS" starttime="20220120 19:53:01.066" endtime="20220120 19:53:01.076"/>
</kw>
<kw name="Sleep" library="BuiltIn">
<arg>0.5</arg>
<doc>Pauses the test executed for the given time.</doc>
<msg timestamp="20220120 19:53:01.579" level="INFO">Slept 500 milliseconds</msg>
<status status="PASS" starttime="20220120 19:53:01.077" endtime="20220120 19:53:01.580"/>
</kw>
<status status="PASS" starttime="20220120 19:53:00.563" endtime="20220120 19:53:01.580"/>
</kw>
<status status="PASS" starttime="20220120 19:52:58.918" endtime="20220120 19:53:01.580"/>
</kw>
<kw name="Seller Order - Search Order By Search Value" library="SellerOrderManagementKeywords">
<arg>${name}</arg>
<kw name="Input Text" library="Selenium2Library">
<arg>//input[@id="searchOrders"]</arg>
<arg>${search_value}</arg>
<doc>Types the given ``text`` into the text field identified by ``locator``.</doc>
<msg timestamp="20220120 19:53:01.581" level="INFO">Typing text 'UITestBuyer' into text field '//input[@id="searchOrders"]'.</msg>
<status status="PASS" starttime="20220120 19:53:01.581" endtime="20220120 19:53:01.741"/>
</kw>
<kw name="Press Keys" library="Selenium2Library">
<arg>//input[@id="searchOrders"]</arg>
<arg>${RETURN_OR_ENTER}</arg>
<doc>Simulates the user pressing key(s) to an element or on the active browser.</doc>
<msg timestamp="20220120 19:53:01.743" level="INFO">Sending key(s) ('ENTER',) to //input[@id="searchOrders"] element.</msg>
<msg timestamp="20220120 19:53:02.037" level="INFO">Pressing special key ENTER to element.</msg>
<msg timestamp="20220120 19:53:02.038" level="INFO">Releasing special key ENTER.</msg>
<status status="PASS" starttime="20220120 19:53:01.743" endtime="20220120 19:53:02.041"/>
</kw>
<kw name="Wait Loading Hidden" library="CommonKeywords">
<kw name="Sleep" library="BuiltIn">
<arg>0.5</arg>
<doc>Pauses the test executed for the given time.</doc>
<msg timestamp="20220120 19:53:02.546" level="INFO">Slept 500 milliseconds</msg>
<status status="PASS" starttime="20220120 19:53:02.041" endtime="20220120 19:53:02.546"/>
</kw>
<kw name="Wait Until Element Is Not Visible" library="Selenium2Library">
<arg>//*[@id="stepcolors"]</arg>
<doc>Waits until the element ``locator`` is not visible.</doc>
<status status="PASS" starttime="20220120 19:53:02.546" endtime="20220120 19:53:02.554"/>
</kw>
<kw name="Sleep" library="BuiltIn">
<arg>0.5</arg>
<doc>Pauses the test executed for the given time.</doc>
<msg timestamp="20220120 19:53:03.063" level="INFO">Slept 500 milliseconds</msg>
<status status="PASS" starttime="20220120 19:53:02.554" endtime="20220120 19:53:03.064"/>
</kw>
<status status="PASS" starttime="20220120 19:53:02.041" endtime="20220120 19:53:03.064"/>
</kw>
<status status="PASS" starttime="20220120 19:53:01.580" endtime="20220120 19:53:03.064"/>
</kw>
<kw name="Seller Order - Enter To Order Detail Page By Line Index" library="SellerOrderManagementKeywords">
<arg>${index}</arg>
<kw name="Sleep" library="BuiltIn">
<arg>1</arg>
<doc>Pauses the test executed for the given time.</doc>
<msg timestamp="20220120 19:53:04.079" level="INFO">Slept 1 second</msg>
<status status="PASS" starttime="20220120 19:53:03.065" endtime="20220120 19:53:04.079"/>
</kw>
<kw name="Get Element Count" library="Selenium2Library">
<var>${count}</var>
<arg>//p[starts-with(text(),"THP")]/../parent::button</arg>
<doc>Returns the number of elements matching ``locator``.</doc>
<msg timestamp="20220120 19:53:04.088" level="INFO">${count} = 4</msg>
<status status="PASS" starttime="20220120 19:53:04.079" endtime="20220120 19:53:04.089"/>
</kw>
<if>
<branch type="IF" condition="'${count}'=='0'">
<kw name="Capture Page Screenshot" library="Selenium2Library">
<arg>on_order.png</arg>
<doc>Takes a screenshot of the current page and embeds it into a log file.</doc>
<status status="NOT RUN" starttime="20220120 19:53:04.089" endtime="20220120 19:53:04.089"/>
</kw>
<kw name="Skip" library="BuiltIn">
<arg>There are no order on list</arg>
<doc>Skips the rest of the current test.</doc>
<status status="NOT RUN" starttime="20220120 19:53:04.089" endtime="20220120 19:53:04.089"/>
</kw>
<status status="NOT RUN" starttime="20220120 19:53:04.089" endtime="20220120 19:53:04.089"/>
</branch>
<status status="PASS" starttime="20220120 19:53:04.089" endtime="20220120 19:53:04.089"/>
</if>
<kw name="Run Keyword If" library="BuiltIn">
<var>${count}</var>
<arg>${index}&gt;${count}</arg>
<arg>Set Variable</arg>
<arg>${count}</arg>
<arg>ELSE</arg>
<arg>Set Variable</arg>
<arg>${index}</arg>
<doc>Runs the given keyword with the given arguments, if ``condition`` is true.</doc>
<kw name="Set Variable" library="BuiltIn">
<arg>${index}</arg>
<doc>Returns the given values which can then be assigned to a variables.</doc>
<status status="PASS" starttime="20220120 19:53:04.089" endtime="20220120 19:53:04.090"/>
</kw>
<msg timestamp="20220120 19:53:04.090" level="INFO">${count} = 1</msg>
<status status="PASS" starttime="20220120 19:53:04.089" endtime="20220120 19:53:04.090"/>
</kw>
<kw name="Seller Order - Get Order Information By Line Index" library="SellerOrderManagementKeywords">
<arg>${count}</arg>
<kw name="Get Text" library="Selenium2Library">
<var>${Cur_Order_Number}</var>
<arg>(//p[starts-with(text(),"THP")])[${index}]</arg>
<doc>Returns the text value of the element identified by ``locator``.</doc>
<msg timestamp="20220120 19:53:04.105" level="INFO">${Cur_Order_Number} = THP1042037708543594-1</msg>
<status status="PASS" starttime="20220120 19:53:04.090" endtime="20220120 19:53:04.105"/>
</kw>
<kw name="Set Suite Variable" library="BuiltIn">
<arg>${Cur_Order_Number}</arg>
<arg>${Cur_Order_Number}</arg>
<doc>Makes a variable available everywhere within the scope of the current suite.</doc>
<msg timestamp="20220120 19:53:04.105" level="INFO">${Cur_Order_Number} = THP1042037708543594-1</msg>
<status status="PASS" starttime="20220120 19:53:04.105" endtime="20220120 19:53:04.105"/>
</kw>
<kw name="Get Text" library="Selenium2Library">
<var>${Cur_Order_Customer_Name}</var>
<arg>((//tbody/tr)[${index}]/td)[1]/p</arg>
<doc>Returns the text value of the element identified by ``locator``.</doc>
<msg timestamp="20220120 19:53:04.122" level="INFO">${Cur_Order_Customer_Name} = UITestBuyer pang</msg>
<status status="PASS" starttime="20220120 19:53:04.106" endtime="20220120 19:53:04.122"/>
</kw>
<kw name="Get Text" library="Selenium2Library">
<var>${Cur_Order_Status}</var>
<arg>(((//tbody/tr)[${index}]/td)[3]/div/span)[2]</arg>
<doc>Returns the text value of the element identified by ``locator``.</doc>
<msg timestamp="20220120 19:53:04.136" level="INFO">${Cur_Order_Status} = Ready to Ship</msg>
<status status="PASS" starttime="20220120 19:53:04.122" endtime="20220120 19:53:04.136"/>
</kw>
<kw name="Get Text" library="Selenium2Library">
<var>${Cur_Order_Date}</var>
<arg>((//tbody/tr)[${index}]/td)[4]/div/p</arg>
<doc>Returns the text value of the element identified by ``locator``.</doc>
<msg timestamp="20220120 19:53:04.151" level="INFO">${Cur_Order_Date} = 1/20/2022</msg>
<status status="PASS" starttime="20220120 19:53:04.136" endtime="20220120 19:53:04.152"/>
</kw>
<kw name="Get Text" library="Selenium2Library">
<var>${Cur_Order_Total}</var>
<arg>((//tbody/tr)[1]/td)[5]/p</arg>
<doc>Returns the text value of the element identified by ``locator``.</doc>
<msg timestamp="20220120 19:53:04.165" level="INFO">${Cur_Order_Total} = $351.13</msg>
<status status="PASS" starttime="20220120 19:53:04.152" endtime="20220120 19:53:04.166"/>
</kw>
<kw name="Create Dictionary" library="BuiltIn">
<var>${Cur_Order_Information}</var>
<arg>Cur_Order_Customer_Name=${Cur_Order_Customer_Name}</arg>
<arg>Cur_Order_Status=${Cur_Order_Status}</arg>
<arg>Cur_Order_Date=${Cur_Order_Date}</arg>
<arg>Cur_Order_Total=${Cur_Order_Total}</arg>
<arg>Cur_Order_Number=${Cur_Order_Number}</arg>
<doc>Creates and returns a dictionary based on the given ``items``.</doc>
<msg timestamp="20220120 19:53:04.166" level="INFO">${Cur_Order_Information} = {'Cur_Order_Customer_Name': 'UITestBuyer pang', 'Cur_Order_Status': 'Ready to Ship', 'Cur_Order_Date': '1/20/2022', 'Cur_Order_Total': '$351.13', 'Cur_Order_Number': 'THP1042037708543594-1'}</msg>
<status status="PASS" starttime="20220120 19:53:04.166" endtime="20220120 19:53:04.166"/>
</kw>
<kw name="Set Suite Variable" library="BuiltIn">
<arg>${Cur_Order_Information}</arg>
<arg>${Cur_Order_Information}</arg>
<doc>Makes a variable available everywhere within the scope of the current suite.</doc>
<msg timestamp="20220120 19:53:04.167" level="INFO">${Cur_Order_Information} = {'Cur_Order_Customer_Name': 'UITestBuyer pang', 'Cur_Order_Status': 'Ready to Ship', 'Cur_Order_Date': '1/20/2022', 'Cur_Order_Total': '$351.13', 'Cur_Order_Number': 'THP1042037708543594-1'}</msg>
<status status="PASS" starttime="20220120 19:53:04.166" endtime="20220120 19:53:04.167"/>
</kw>
<kw name="Log Dictionary" library="Collections">
<arg>${Cur_Order_Information}</arg>
<doc>Logs the size and contents of the ``dictionary`` using given ``level``.</doc>
<msg timestamp="20220120 19:53:04.167" level="INFO">Dictionary size is 5 and it contains following items:
Cur_Order_Customer_Name: UITestBuyer pang
Cur_Order_Date: 1/20/2022
Cur_Order_Number: THP1042037708543594-1
Cur_Order_Status: Ready to Ship
Cur_Order_Total: $351.13</msg>
<status status="PASS" starttime="20220120 19:53:04.167" endtime="20220120 19:53:04.167"/>
</kw>
<status status="PASS" starttime="20220120 19:53:04.090" endtime="20220120 19:53:04.167"/>
</kw>
<kw name="Click Element" library="Selenium2Library">
<arg>(//p[starts-with(text(),"THP")]/../parent::button)[${count}]</arg>
<doc>Click the element identified by ``locator``.</doc>
<msg timestamp="20220120 19:53:04.167" level="INFO">Clicking element '(//p[starts-with(text(),"THP")]/../parent::button)[1]'.</msg>
<status status="PASS" starttime="20220120 19:53:04.167" endtime="20220120 19:53:04.248"/>
</kw>
<kw name="Wait Until Element Is Visible" library="Selenium2Library">
<arg>//h1[text()="Order Details"]</arg>
<doc>Waits until the element ``locator`` is visible.</doc>
<status status="PASS" starttime="20220120 19:53:04.248" endtime="20220120 19:53:04.268"/>
</kw>
<kw name="Wait Until Element Is Visible" library="Selenium2Library">
<arg>//table//img[@alt="Product Image"]</arg>
<doc>Waits until the element ``locator`` is visible.</doc>
<status status="PASS" starttime="20220120 19:53:04.269" endtime="20220120 19:53:04.714"/>
</kw>
<kw name="Sleep" library="BuiltIn">
<arg>1</arg>
<doc>Pauses the test executed for the given time.</doc>
<msg timestamp="20220120 19:53:05.729" level="INFO">Slept 1 second</msg>
<status status="PASS" starttime="20220120 19:53:04.714" endtime="20220120 19:53:05.730"/>
</kw>
<status status="PASS" starttime="20220120 19:53:03.064" endtime="20220120 19:53:05.730"/>
</kw>
<kw name="Seller Order - Select All Item On Order Detail Page" library="SellerOrderManagementKeywords">
<kw name="Wait Until Element Is Enabled" library="Selenium2Library">
<arg>//table//th//*[contains(@class,"icon-tabler-square")]</arg>
<doc>Waits until the element ``locator`` is enabled.</doc>
<status status="PASS" starttime="20220120 19:53:05.731" endtime="20220120 19:53:05.748"/>
</kw>
<kw name="Wait Until Element Is Visible" library="Selenium2Library">
<arg>//table//th//*[contains(@class,"icon-tabler-square")]</arg>
<doc>Waits until the element ``locator`` is visible.</doc>
<status status="PASS" starttime="20220120 19:53:05.748" endtime="20220120 19:53:05.757"/>
</kw>
<kw name="Get Element Count" library="Selenium2Library">
<var>${count_checked}</var>
<arg>//table//th//*[contains(@class,"icon-tabler-square-check")]</arg>
<doc>Returns the number of elements matching ``locator``.</doc>
<msg timestamp="20220120 19:53:05.764" level="INFO">${count_checked} = 0</msg>
<status status="PASS" starttime="20220120 19:53:05.757" endtime="20220120 19:53:05.764"/>
</kw>
<kw name="Run Keyword If" library="BuiltIn">
<arg>'${count_checked}'=='0'</arg>
<arg>Click Element</arg>
<arg>//table//th//*[contains(@class,"icon-tabler-square")]</arg>
<doc>Runs the given keyword with the given arguments, if ``condition`` is true.</doc>
<kw name="Click Element" library="Selenium2Library">
<arg>//table//th//*[contains(@class,"icon-tabler-square")]</arg>
<doc>Click the element identified by ``locator``.</doc>
<msg timestamp="20220120 19:53:05.765" level="INFO">Clicking element '//table//th//*[contains(@class,"icon-tabler-square")]'.</msg>
<status status="PASS" starttime="20220120 19:53:05.764" endtime="20220120 19:53:05.807"/>
</kw>
<status status="PASS" starttime="20220120 19:53:05.764" endtime="20220120 19:53:05.807"/>
</kw>
<status status="PASS" starttime="20220120 19:53:05.730" endtime="20220120 19:53:05.807"/>
</kw>
<kw name="Seller Order - Ship Item On Order Detail Page" library="SellerOrderManagementKeywords">
<kw name="Click Element" library="Selenium2Library">
<arg>//div[starts-with(text(),"Ship Item ")]/parent::button</arg>
<doc>Click the element identified by ``locator``.</doc>
<msg timestamp="20220120 19:53:05.808" level="INFO">Clicking element '//div[starts-with(text(),"Ship Item ")]/parent::button'.</msg>
<status status="PASS" starttime="20220120 19:53:05.808" endtime="20220120 19:53:05.891"/>
</kw>
<kw name="Wait Until Element Is Visible" library="Selenium2Library">
<arg>//p[text()="Ship Item"]</arg>
<doc>Waits until the element ``locator`` is visible.</doc>
<status status="PASS" starttime="20220120 19:53:05.891" endtime="20220120 19:53:05.914"/>
</kw>
<kw name="Click Element" library="Selenium2Library">
<arg>//select[@id="carrier"]</arg>
<doc>Click the element identified by ``locator``.</doc>
<msg timestamp="20220120 19:53:05.915" level="INFO">Clicking element '//select[@id="carrier"]'.</msg>
<status status="PASS" starttime="20220120 19:53:05.914" endtime="20220120 19:53:05.989"/>
</kw>
<kw name="Wait Until Element Is Visible" library="Selenium2Library">
<arg>//option[text()="${carrier}"]</arg>
<doc>Waits until the element ``locator`` is visible.</doc>
<status status="PASS" starttime="20220120 19:53:05.989" endtime="20220120 19:53:06.005"/>
</kw>
<kw name="Click Element" library="Selenium2Library">
<arg>//option[text()="${carrier}"]</arg>
<doc>Click the element identified by ``locator``.</doc>
<msg timestamp="20220120 19:53:06.006" level="INFO">Clicking element '//option[text()="UPS"]'.</msg>
<status status="PASS" starttime="20220120 19:53:06.006" endtime="20220120 19:53:06.029"/>
</kw>
<kw name="Evaluate" library="BuiltIn">
<var>${number}</var>
<arg>random.randint(1000000000,9999999999)</arg>
<doc>Evaluates the given expression in Python and returns the result.</doc>
<msg timestamp="20220120 19:53:06.030" level="INFO">${number} = 7516963872</msg>
<status status="PASS" starttime="20220120 19:53:06.029" endtime="20220120 19:53:06.030"/>
</kw>
<kw name="Input Text" library="Selenium2Library">
<arg>//input[@id="trackingNumber"]</arg>
<arg>${number}</arg>
<doc>Types the given ``text`` into the text field identified by ``locator``.</doc>
<msg timestamp="20220120 19:53:06.030" level="INFO">Typing text '7516963872' into text field '//input[@id="trackingNumber"]'.</msg>
<status status="PASS" starttime="20220120 19:53:06.030" endtime="20220120 19:53:06.275"/>
</kw>
<kw name="Run Keyword If" library="BuiltIn">
<arg>'${sure}'=='${True}'</arg>
<arg>CLick Element</arg>
<arg>//div[text()="Add Tracking Number"]/parent::button</arg>
<doc>Runs the given keyword with the given arguments, if ``condition`` is true.</doc>
<kw name="Click Element" library="Selenium2Library">
<arg>//div[text()="Add Tracking Number"]/parent::button</arg>
<doc>Click the element identified by ``locator``.</doc>
<msg timestamp="20220120 19:53:06.276" level="INFO">Clicking element '//div[text()="Add Tracking Number"]/parent::button'.</msg>
<status status="PASS" starttime="20220120 19:53:06.276" endtime="20220120 19:53:06.366"/>
</kw>
<status status="PASS" starttime="20220120 19:53:06.275" endtime="20220120 19:53:06.366"/>
</kw>
<kw name="Run Keyword If" library="BuiltIn">
<arg>'${sure}'=='${False}'</arg>
<arg>CLick Element</arg>
<arg>//div[text()="Cancel"]/parent::button</arg>
<doc>Runs the given keyword with the given arguments, if ``condition`` is true.</doc>
<status status="PASS" starttime="20220120 19:53:06.366" endtime="20220120 19:53:06.366"/>
</kw>
<kw name="Wait Until Element Is Not Visible" library="Selenium2Library">
<arg>//p[text()="Ship Item"]</arg>
<doc>Waits until the element ``locator`` is not visible.</doc>
<status status="PASS" starttime="20220120 19:53:06.366" endtime="20220120 19:53:08.990"/>
</kw>
<kw name="Run Keyword If" library="BuiltIn">
<arg>'${sure}'=='${True}'</arg>
<arg>Wait Until Element Is Visible</arg>
<arg>//a[text()="${number}"]</arg>
<doc>Runs the given keyword with the given arguments, if ``condition`` is true.</doc>
<kw name="Wait Until Element Is Visible" library="Selenium2Library">
<arg>//a[text()="${number}"]</arg>
<doc>Waits until the element ``locator`` is visible.</doc>
<status status="PASS" starttime="20220120 19:53:08.991" endtime="20220120 19:53:09.212"/>
</kw>
<status status="PASS" starttime="20220120 19:53:08.991" endtime="20220120 19:53:09.212"/>
</kw>
<kw name="Wait Until Element Is Visible" library="Selenium2Library">
<arg>//*[contains(text(),"Shipment created successfully")]</arg>
<doc>Waits until the element ``locator`` is visible.</doc>
<status status="PASS" starttime="20220120 19:53:09.212" endtime="20220120 19:53:09.226"/>
</kw>
<kw name="Wait Until Element Is Not Visible" library="Selenium2Library">
<arg>//*[contains(text(),"Shipment created successfully")]</arg>
<doc>Waits until the element ``locator`` is not visible.</doc>
<status status="PASS" starttime="20220120 19:53:09.227" endtime="20220120 19:53:14.038"/>
</kw>
<status status="PASS" starttime="20220120 19:53:05.807" endtime="20220120 19:53:14.038"/>
</kw>
<kw name="Seller Order - Back To Order List On Order Detail Page" library="SellerOrderManagementKeywords">
<kw name="Click Element" library="Selenium2Library">
<arg>//p[text()="Back"]/parent::button</arg>
<doc>Click the element identified by ``locator``.</doc>
<msg timestamp="20220120 19:53:14.038" level="INFO">Clicking element '//p[text()="Back"]/parent::button'.</msg>
<status status="PASS" starttime="20220120 19:53:14.038" endtime="20220120 19:53:14.186"/>
</kw>
<kw name="Wait Until Element Is Visible" library="Selenium2Library">
<arg>//p[text()="Customer Name"]</arg>
<doc>Waits until the element ``locator`` is visible.</doc>
[...]
</kw>
<if>
<branch type="IF" condition="'${now_url}'!='${expect_url}'">
<kw name="Reload Page" library="Selenium2Library">
<doc>Simulates user reloading page.</doc>
<status status="NOT RUN" starttime="20220120 19:54:03.236" endtime="20220120 19:54:03.236"/>
</kw>
<kw name="Go To" library="Selenium2Library">
<arg>${expect_url}</arg>
<doc>Navigates the current browser window to the provided ``url``.</doc>
<status status="NOT RUN" starttime="20220120 19:54:03.236" endtime="20220120 19:54:03.236"/>
</kw>
<status status="NOT RUN" starttime="20220120 19:54:03.236" endtime="20220120 19:54:03.236"/>
</branch>
<branch type="ELSE">
<kw name="Reload Page" library="Selenium2Library">
<doc>Simulates user reloading page.</doc>
<status status="NOT RUN" starttime="20220120 19:54:03.237" endtime="20220120 19:54:03.238"/>
</kw>
<status status="NOT RUN" starttime="20220120 19:54:03.236" endtime="20220120 19:54:03.238"/>
</branch>
<status status="NOT RUN" starttime="20220120 19:54:03.236" endtime="20220120 19:54:03.238"/>
</if>
<status status="NOT RUN" starttime="20220120 19:54:03.236" endtime="20220120 19:54:03.238"/>
</branch>
<branch type="ELSE IF" condition="'${status}'=='DONE'">
<kw name="Go To" library="Selenium2Library">
<arg>${expect_url}</arg>
<doc>Navigates the current browser window to the provided ``url``.</doc>
<status status="NOT RUN" starttime="20220120 19:54:03.238" endtime="20220120 19:54:03.238"/>
</kw>
<status status="NOT RUN" starttime="20220120 19:54:03.238" endtime="20220120 19:54:03.238"/>
</branch>
<status status="PASS" starttime="20220120 19:54:03.235" endtime="20220120 19:54:03.238"/>
</if>
<status status="PASS" starttime="20220120 19:54:03.230" endtime="20220120 19:54:03.238"/>
</kw>
<doc>Filter the Order List By Order Status</doc>
<tag>mp</tag>
<tag>mp-seller-order</tag>
<tag>mp-seller-order-filters</tag>
<status status="PASS" starttime="20220120 19:54:02.030" endtime="20220120 19:54:03.239"/>
</test>
<test id="s1-s1-s1-t8" name="Test Search Order By Customer Name">
<kw name="Seller Order - Get Order Information By Line Index" library="SellerOrderManagementKeywords">
<arg>1</arg>
<kw name="Get Text" library="Selenium2Library">
<var>${Cur_Order_Number}</var>
<arg>(//p[starts-with(text(),"THP")])[${index}]</arg>
<doc>Returns the text value of the element identified by ``locator``.</doc>
<msg timestamp="20220120 19:54:03.305" level="INFO">${Cur_Order_Number} = THP1042037708543594-1</msg>
<status status="PASS" starttime="20220120 19:54:03.242" endtime="20220120 19:54:03.305"/>
</kw>
<kw name="Set Suite Variable" library="BuiltIn">
<arg>${Cur_Order_Number}</arg>
<arg>${Cur_Order_Number}</arg>
<doc>Makes a variable available everywhere within the scope of the current suite.</doc>
<msg timestamp="20220120 19:54:03.306" level="INFO">${Cur_Order_Number} = THP1042037708543594-1</msg>
<status status="PASS" starttime="20220120 19:54:03.306" endtime="20220120 19:54:03.306"/>
</kw>
<kw name="Get Text" library="Selenium2Library">
<var>${Cur_Order_Customer_Name}</var>
<arg>((//tbody/tr)[${index}]/td)[1]/p</arg>
<doc>Returns the text value of the element identified by ``locator``.</doc>
<msg timestamp="20220120 19:54:03.348" level="INFO">${Cur_Order_Customer_Name} = UITestBuyer pang</msg>
<status status="PASS" starttime="20220120 19:54:03.307" endtime="20220120 19:54:03.348"/>
</kw>
<kw name="Get Text" library="Selenium2Library">
<var>${Cur_Order_Status}</var>
<arg>(((//tbody/tr)[${index}]/td)[3]/div/span)[2]</arg>
<doc>Returns the text value of the element identified by ``locator``.</doc>
<msg timestamp="20220120 19:54:03.390" level="INFO">${Cur_Order_Status} = Shipped</msg>
<status status="PASS" starttime="20220120 19:54:03.349" endtime="20220120 19:54:03.390"/>
</kw>
<kw name="Get Text" library="Selenium2Library">
<var>${Cur_Order_Date}</var>
<arg>((//tbody/tr)[${index}]/td)[4]/div/p</arg>
<doc>Returns the text value of the element identified by ``locator``.</doc>
<msg timestamp="20220120 19:54:03.482" level="INFO">${Cur_Order_Date} = 1/20/2022</msg>
<status status="PASS" starttime="20220120 19:54:03.391" endtime="20220120 19:54:03.482"/>
</kw>
<kw name="Get Text" library="Selenium2Library">
<var>${Cur_Order_Total}</var>
<arg>((//tbody/tr)[1]/td)[5]/p</arg>
<doc>Returns the text value of the element identified by ``locator``.</doc>
<msg timestamp="20220120 19:54:03.528" level="INFO">${Cur_Order_Total} = $351.13</msg>
<status status="PASS" starttime="20220120 19:54:03.483" endtime="20220120 19:54:03.528"/>
</kw>
<kw name="Create Dictionary" library="BuiltIn">
<var>${Cur_Order_Information}</var>
<arg>Cur_Order_Customer_Name=${Cur_Order_Customer_Name}</arg>
<arg>Cur_Order_Status=${Cur_Order_Status}</arg>
<arg>Cur_Order_Date=${Cur_Order_Date}</arg>
<arg>Cur_Order_Total=${Cur_Order_Total}</arg>
<arg>Cur_Order_Number=${Cur_Order_Number}</arg>
<doc>Creates and returns a dictionary based on the given ``items``.</doc>
<msg timestamp="20220120 19:54:03.531" level="INFO">${Cur_Order_Information} = {'Cur_Order_Customer_Name': 'UITestBuyer pang', 'Cur_Order_Status': 'Shipped', 'Cur_Order_Date': '1/20/2022', 'Cur_Order_Total': '$351.13', 'Cur_Order_Number': 'THP1042037708543594-1'}</msg>
<status status="PASS" starttime="20220120 19:54:03.529" endtime="20220120 19:54:03.531"/>
</kw>
<kw name="Set Suite Variable" library="BuiltIn">
<arg>${Cur_Order_Information}</arg>
<arg>${Cur_Order_Information}</arg>
<doc>Makes a variable available everywhere within the scope of the current suite.</doc>
<msg timestamp="20220120 19:54:03.532" level="INFO">${Cur_Order_Information} = {'Cur_Order_Customer_Name': 'UITestBuyer pang', 'Cur_Order_Status': 'Shipped', 'Cur_Order_Date': '1/20/2022', 'Cur_Order_Total': '$351.13', 'Cur_Order_Number': 'THP1042037708543594-1'}</msg>
<status status="PASS" starttime="20220120 19:54:03.531" endtime="20220120 19:54:03.532"/>
</kw>
<kw name="Log Dictionary" library="Collections">
<arg>${Cur_Order_Information}</arg>
<doc>Logs the size and contents of the ``dictionary`` using given ``level``.</doc>
<msg timestamp="20220120 19:54:03.533" level="INFO">Dictionary size is 5 and it contains following items:
Cur_Order_Customer_Name: UITestBuyer pang
Cur_Order_Date: 1/20/2022
Cur_Order_Number: THP1042037708543594-1
Cur_Order_Status: Shipped
Cur_Order_Total: $351.13</msg>
<status status="PASS" starttime="20220120 19:54:03.532" endtime="20220120 19:54:03.533"/>
</kw>
<status status="PASS" starttime="20220120 19:54:03.241" endtime="20220120 19:54:03.533"/>
</kw>
<kw name="Get From Dictionary" library="Collections">
<var>${customer_name}</var>
<arg>${Cur_Order_Information}</arg>
<arg>Cur_Order_Customer_Name</arg>
<doc>Returns a value from the given ``dictionary`` based on the given ``key``.</doc>
<msg timestamp="20220120 19:54:03.535" level="INFO">${customer_name} = UITestBuyer pang</msg>
<status status="PASS" starttime="20220120 19:54:03.534" endtime="20220120 19:54:03.535"/>
</kw>
<kw name="Log" library="BuiltIn">
<arg>${customer_name}</arg>
<doc>Logs the given message with the given level.</doc>
<msg timestamp="20220120 19:54:03.535" level="INFO">UITestBuyer pang</msg>
<status status="PASS" starttime="20220120 19:54:03.535" endtime="20220120 19:54:03.535"/>
</kw>
<kw name="Seller Order - Search Order By Search Value" library="SellerOrderManagementKeywords">
<arg>${customer_name}</arg>
<kw name="Input Text" library="Selenium2Library">
<arg>//input[@id="searchOrders"]</arg>
<arg>${search_value}</arg>
<doc>Types the given ``text`` into the text field identified by ``locator``.</doc>
<msg timestamp="20220120 19:54:03.537" level="INFO">Typing text 'UITestBuyer pang' into text field '//input[@id="searchOrders"]'.</msg>
<status status="PASS" starttime="20220120 19:54:03.536" endtime="20220120 19:54:04.417"/>
</kw>
<kw name="Press Keys" library="Selenium2Library">
<arg>//input[@id="searchOrders"]</arg>
<arg>${RETURN_OR_ENTER}</arg>
<doc>Simulates the user pressing key(s) to an element or on the active browser.</doc>
<msg timestamp="20220120 19:54:04.418" level="INFO">Sending key(s) ('ENTER',) to //input[@id="searchOrders"] element.</msg>
<msg timestamp="20220120 19:54:04.693" level="INFO">Pressing special key ENTER to element.</msg>
<msg timestamp="20220120 19:54:04.693" level="INFO">Releasing special key ENTER.</msg>
<status status="PASS" starttime="20220120 19:54:04.418" endtime="20220120 19:54:04.698"/>
</kw>
<kw name="Wait Loading Hidden" library="CommonKeywords">
<kw name="Sleep" library="BuiltIn">
<arg>0.5</arg>
<doc>Pauses the test executed for the given time.</doc>
<msg timestamp="20220120 19:54:05.213" level="INFO">Slept 500 milliseconds</msg>
<status status="PASS" starttime="20220120 19:54:04.698" endtime="20220120 19:54:05.213"/>
</kw>
<kw name="Wait Until Element Is Not Visible" library="Selenium2Library">
<arg>//*[@id="stepcolors"]</arg>
<doc>Waits until the element ``locator`` is not visible.</doc>
<status status="PASS" starttime="20220120 19:54:05.214" endtime="20220120 19:54:05.221"/>
</kw>
<kw name="Sleep" library="BuiltIn">
<arg>0.5</arg>
<doc>Pauses the test executed for the given time.</doc>
<msg timestamp="20220120 19:54:05.725" level="INFO">Slept 500 milliseconds</msg>
<status status="PASS" starttime="20220120 19:54:05.221" endtime="20220120 19:54:05.725"/>
</kw>
<status status="PASS" starttime="20220120 19:54:04.698" endtime="20220120 19:54:05.725"/>
</kw>
<status status="PASS" starttime="20220120 19:54:03.536" endtime="20220120 19:54:05.726"/>
</kw>
<kw name="Check The Order List Is Not Empty" library="SellerOrderManagementKeywords">
<kw name="Wait Until Element Is Visible" library="Selenium2Library">
<arg>//p[starts-with(text(),"THP")]/../parent::button</arg>
<doc>Waits until the element ``locator`` is visible.</doc>
<status status="PASS" starttime="20220120 19:54:05.727" endtime="20220120 19:54:05.747"/>
</kw>
<kw name="Get Element Count" library="Selenium2Library">
<var>${count}</var>
<arg>//p[starts-with(text(),"THP")]/../parent::button</arg>
<doc>Returns the number of elements matching ``locator``.</doc>
<msg timestamp="20220120 19:54:05.753" level="INFO">${count} = 10</msg>
<status status="PASS" starttime="20220120 19:54:05.747" endtime="20220120 19:54:05.753"/>
</kw>
<kw name="Should Be True" library="BuiltIn">
<arg>${count}</arg>
<doc>Fails if the given condition is not true.</doc>
<status status="PASS" starttime="20220120 19:54:05.753" endtime="20220120 19:54:05.753"/>
</kw>
<status status="PASS" starttime="20220120 19:54:05.726" endtime="20220120 19:54:05.753"/>
</kw>
<kw name="Seller Order - Clear Search Value" library="SellerOrderManagementKeywords">
<kw name="Clear Element Value" library="CommonKeywords">
<arg>//input[@id="searchOrders"]</arg>
<kw name="Click Element" library="Selenium2Library">
<arg>${element}</arg>
<doc>Click the element identified by ``locator``.</doc>
<msg timestamp="20220120 19:54:05.754" level="INFO">Clicking element '//input[@id="searchOrders"]'.</msg>
<status status="PASS" starttime="20220120 19:54:05.754" endtime="20220120 19:54:05.785"/>
</kw>
<kw name="Press Keys" library="Selenium2Library">
<arg>None</arg>
<arg>${CTRL_OR_COMMAND}+A</arg>
<doc>Simulates the user pressing key(s) to an element or on the active browser.</doc>
<msg timestamp="20220120 19:54:05.786" level="INFO">Sending key(s) ('CONTROL+A',) to page.</msg>
<msg timestamp="20220120 19:54:05.786" level="INFO">Pressing special key CONTROL down.</msg>
<msg timestamp="20220120 19:54:05.786" level="INFO">Sending key A</msg>
<msg timestamp="20220120 19:54:05.786" level="INFO">Releasing special key CONTROL.</msg>
<status status="PASS" starttime="20220120 19:54:05.785" endtime="20220120 19:54:05.796"/>
</kw>
<kw name="Press Keys" library="Selenium2Library">
<arg>None</arg>
<arg>DELETE</arg>
<doc>Simulates the user pressing key(s) to an element or on the active browser.</doc>
<msg timestamp="20220120 19:54:05.796" level="INFO">Sending key(s) ('DELETE',) to page.</msg>
<msg timestamp="20220120 19:54:05.796" level="INFO">Pressing special key DELETE to browser.</msg>
<msg timestamp="20220120 19:54:05.796" level="INFO">Releasing special key DELETE.</msg>
<status status="PASS" starttime="20220120 19:54:05.796" endtime="20220120 19:54:05.832"/>
</kw>
<status status="PASS" starttime="20220120 19:54:05.754" endtime="20220120 19:54:05.833"/>
</kw>
<kw name="Wait Loading Hidden" library="CommonKeywords">
<kw name="Sleep" library="BuiltIn">
<arg>0.5</arg>
<doc>Pauses the test executed for the given time.</doc>
<msg timestamp="20220120 19:54:06.337" level="INFO">Slept 500 milliseconds</msg>
<status status="PASS" starttime="20220120 19:54:05.833" endtime="20220120 19:54:06.337"/>
</kw>
<kw name="Wait Until Element Is Not Visible" library="Selenium2Library">
<arg>//*[@id="stepcolors"]</arg>
<doc>Waits until the element ``locator`` is not visible.</doc>
<status status="PASS" starttime="20220120 19:54:06.338" endtime="20220120 19:54:06.346"/>
</kw>
<kw name="Sleep" library="BuiltIn">
<arg>0.5</arg>
<doc>Pauses the test executed for the given time.</doc>
<msg timestamp="20220120 19:54:06.847" level="INFO">Slept 500 milliseconds</msg>
<status status="PASS" starttime="20220120 19:54:06.346" endtime="20220120 19:54:06.847"/>
</kw>
<status status="PASS" starttime="20220120 19:54:05.833" endtime="20220120 19:54:06.847"/>
</kw>
<status status="PASS" starttime="20220120 19:54:05.754" endtime="20220120 19:54:06.848"/>
</kw>
<kw name="Go To Expect Url Page" library="CommonKeywords" type="TEARDOWN">
<arg>${TEST STATUS}</arg>
<arg>seller</arg>
<arg>ovr</arg>
<kw name="Set Variable" library="BuiltIn">
<var>${path}</var>
<doc>Returns the given values which can then be assigned to a variables.</doc>
<msg timestamp="20220120 19:54:06.849" level="INFO">${path} = </msg>
<status status="PASS" starttime="20220120 19:54:06.849" endtime="20220120 19:54:06.849"/>
</kw>
<if>
<branch type="IF" condition="'${type}'=='seller'">
<kw name="Set Variable" library="BuiltIn">
<var>${path}</var>
<arg>${SELLER_BASE_URL}${SELLER_URLS}[${key}]</arg>
<doc>Returns the given values which can then be assigned to a variables.</doc>
<msg timestamp="20220120 19:54:06.850" level="INFO">${path} = /mp/sellertools/overview</msg>
<status status="PASS" starttime="20220120 19:54:06.849" endtime="20220120 19:54:06.850"/>
</kw>
<status status="PASS" starttime="20220120 19:54:06.849" endtime="20220120 19:54:06.850"/>
</branch>
<branch type="ELSE IF" condition="'${type}'=='buyer'">
<kw name="Set Variable" library="BuiltIn">
<var>${path}</var>
<arg>${BUYER_BASE_URL}${BUYER_URLS}[${key}]</arg>
<doc>Returns the given values which can then be assigned to a variables.</doc>
<status status="NOT RUN" starttime="20220120 19:54:06.850" endtime="20220120 19:54:06.850"/>
</kw>
<status status="NOT RUN" starttime="20220120 19:54:06.850" endtime="20220120 19:54:06.850"/>
</branch>
<branch type="ELSE">
<kw name="Set Variable" library="BuiltIn">
<var>${path}</var>
<arg>${COMMON_URLS}[${key}]</arg>
<doc>Returns the given values which can then be assigned to a variables.</doc>
<status status="NOT RUN" starttime="20220120 19:54:06.850" endtime="20220120 19:54:06.850"/>
</kw>
<status status="NOT RUN" starttime="20220120 19:54:06.850" endtime="20220120 19:54:06.850"/>
</branch>
<status status="PASS" starttime="20220120 19:54:06.849" endtime="20220120 19:54:06.850"/>
</if>
<kw name="Set Variable" library="BuiltIn">
<var>${expect_url}</var>
<arg>${URL_MIK}${path}</arg>
<doc>Returns the given values which can then be assigned to a variables.</doc>
<msg timestamp="20220120 19:54:06.850" level="INFO">${expect_url} = https://mik.tst03.platform.michaels.com/mp/sellertools/overview</msg>
<status status="PASS" starttime="20220120 19:54:06.850" endtime="20220120 19:54:06.850"/>
</kw>
<if>
<branch type="IF" condition="'${status}'=='FAIL'">
<kw name="Get Location" library="Selenium2Library">
<var>${now_url}</var>
<doc>Returns the current browser window URL.</doc>
<status status="NOT RUN" starttime="20220120 19:54:06.850" endtime="20220120 19:54:06.850"/>
</kw>
<if>
<branch type="IF" condition="'${now_url}'!='${expect_url}'">
<kw name="Reload Page" library="Selenium2Library">
<doc>Simulates user reloading page.</doc>
<status status="NOT RUN" starttime="20220120 19:54:06.851" endtime="20220120 19:54:06.851"/>
</kw>
<kw name="Go To" library="Selenium2Library">
<arg>${expect_url}</arg>
<doc>Navigates the current browser window to the provided ``url``.</doc>
<status status="NOT RUN" starttime="20220120 19:54:06.851" endtime="20220120 19:54:06.851"/>
</kw>
<status status="NOT RUN" starttime="20220120 19:54:06.850" endtime="20220120 19:54:06.851"/>
</branch>
<branch type="ELSE">
<kw name="Reload Page" library="Selenium2Library">
<doc>Simulates user reloading page.</doc>
<status status="NOT RUN" starttime="20220120 19:54:06.851" endtime="20220120 19:54:06.851"/>
</kw>
<status status="NOT RUN" starttime="20220120 19:54:06.851" endtime="20220120 19:54:06.851"/>
</branch>
<status status="NOT RUN" starttime="20220120 19:54:06.850" endtime="20220120 19:54:06.851"/>
</if>
<status status="NOT RUN" starttime="20220120 19:54:06.850" endtime="20220120 19:54:06.851"/>
</branch>
<branch type="ELSE IF" condition="'${status}'=='DONE'">
<kw name="Go To" library="Selenium2Library">
<arg>${expect_url}</arg>
<doc>Navigates the current browser window to the provided ``url``.</doc>
<status status="NOT RUN" starttime="20220120 19:54:06.851" endtime="20220120 19:54:06.851"/>
</kw>
<status status="NOT RUN" starttime="20220120 19:54:06.851" endtime="20220120 19:54:06.851"/>
</branch>
<status status="PASS" starttime="20220120 19:54:06.850" endtime="20220120 19:54:06.851"/>
</if>
<status status="PASS" starttime="20220120 19:54:06.848" endtime="20220120 19:54:06.851"/>
</kw>
<doc>Search order by customer name</doc>
<tag>mp</tag>
<tag>mp-seller-order</tag>
<tag>mp-seller-order-search</tag>
<status status="PASS" starttime="20220120 19:54:03.241" endtime="20220120 19:54:06.852"/>
</test>
<test id="s1-s1-s1-t9" name="Test Search Order By Sku Name">
<doc>Search order by sku name</doc>
<tag>mp</tag>
<tag>mp-seller-order</tag>
<tag>mp-seller-order-search</tag>
<tag>mp-seller-order-test2</tag>
<status status="FAIL" starttime="20220120 19:54:06.853" endtime="20220120 19:54:06.853">Test case contains no keywords.</status>
</test>
<test id="s1-s1-s1-t10" name="Test Search Order By Sku Number">
<doc>Search order by sku number</doc>
<tag>mp</tag>
<tag>mp-seller-order</tag>
<tag>mp-seller-order-search</tag>
<status status="FAIL" starttime="20220120 19:54:06.855" endtime="20220120 19:54:06.855">Test case contains no keywords.</status>
</test>
<kw name="Close All Browsers" library="Selenium2Library" type="TEARDOWN">
<doc>Closes all open browsers and resets the browser cache.</doc>
<status status="PASS" starttime="20220120 19:54:06.856" endtime="20220120 19:54:09.046"/>
</kw>
<status status="FAIL" starttime="20220120 19:52:10.227" endtime="20220120 19:54:09.046"/>
</suite>
<status status="FAIL" starttime="20220120 19:52:10.224" endtime="20220120 19:54:09.050"/>
</suite>
<status status="FAIL" starttime="20220120 19:52:10.199" endtime="20220120 19:54:09.053"/>
</suite>
<statistics>
<total>
<stat pass="6" fail="4" skip="0">All Tests</stat>
</total>
<tag>
<stat pass="6" fail="4" skip="0">mp</stat>
<stat pass="6" fail="4" skip="0">mp-seller-order</stat>
<stat pass="1" fail="1" skip="0">mp-seller-order-confirm</stat>
<stat pass="1" fail="0" skip="0">mp-seller-order-filters</stat>
<stat pass="2" fail="2" skip="0">mp-seller-order-search</stat>
<stat pass="2" fail="1" skip="0">mp-seller-order-ship</stat>
<stat pass="0" fail="1" skip="0">mp-seller-order-test2</stat>
</tag>
<suite>
<stat pass="6" fail="4" skip="0" id="s1" name="TestCase">TestCase</stat>
<stat pass="6" fail="4" skip="0" id="s1-s1" name="MP">TestCase.MP</stat>
<stat pass="6" fail="4" skip="0" id="s1-s1-s1" name="501 SellerOrderManagementCase">TestCase.MP.501 SellerOrderManagementCase</stat>
</suite>
</statistics>
<errors>
</errors>
</robot>
