<?xml version="1.0" encoding="UTF-8"?>
<robot generator="Robot 4.1.2 (Python 3.8.5 on win32)" generated="20211226 21:08:17.174" rpa="false" schemaversion="2">
<suite id="s1" name="TestCase" source="C:\AppDocument\PyCharm\automation-robot-ui\TestCase">
<suite id="s1-s1" name="MP" source="C:\AppDocument\PyCharm\automation-robot-ui\TestCase\MP">
<suite id="s1-s1-s1" name="801 SellerMarketingCase" source="C:\AppDocument\PyCharm\automation-robot-ui\TestCase\MP\801_SellerMarketingCase.robot">
<kw name="Run Keyword" library="BuiltIn" type="SETUP">
<arg>Initial Data And Open Browser</arg>
<arg>${URL_MIK}</arg>
<doc>Executes the given keyword with the given arguments.</doc>
<kw name="Initial Data And Open Browser" library="CommonKeywords">
<arg>${URL_MIK}</arg>
<kw name="Initial Env Data" library="CommonKeywords">
<kw name="Set Selenium Timeout" library="Selenium2Library">
<arg>${TIME_OUT}</arg>
<doc>Sets the timeout that is used by various keywords.</doc>
<status status="PASS" starttime="20211226 21:08:17.420" endtime="20211226 21:08:17.420"/>
</kw>
<kw name="Get Config Ini" library="CommonLibrary">
<var>${config}</var>
<arg>${ENV}</arg>
<msg timestamp="20211226 21:08:17.421" level="INFO">${config} = {'seller_email': 'sellerTst03@snapmail.cc', 'seller_name': 'seller', 'seller_pwd': 'Password123', 'map_email': 'shengyuan@michaels.com', 'map_pwd': 'Hello543207a', 'buyer_email_return': 'jr_tst03_buye...</msg>
<status status="PASS" starttime="20211226 21:08:17.421" endtime="20211226 21:08:17.421"/>
</kw>
<kw name="Set Variable" library="BuiltIn">
<var>${item}</var>
<doc>Returns the given values which can then be assigned to a variables.</doc>
<msg timestamp="20211226 21:08:17.422" level="INFO">${item} = </msg>
<status status="PASS" starttime="20211226 21:08:17.422" endtime="20211226 21:08:17.422"/>
</kw>
<for flavor="IN">
<var>${item}</var>
<value>&amp;{config}</value>
<iter>
<var name="${item}">('seller_email', 'sellerTst03@snapmail.cc')</var>
<kw name="Log" library="BuiltIn">
<arg>${item[0]}</arg>
<doc>Logs the given message with the given level.</doc>
<msg timestamp="20211226 21:08:17.423" level="INFO">seller_email</msg>
<status status="PASS" starttime="20211226 21:08:17.422" endtime="20211226 21:08:17.423"/>
</kw>
<kw name="Set Suite Variable" library="BuiltIn">
<arg>${${item[0]}}</arg>
<arg>${item[1]}</arg>
<doc>Makes a variable available everywhere within the scope of the current suite.</doc>
<msg timestamp="20211226 21:08:17.424" level="INFO">${seller_email} = sellerTst03@snapmail.cc</msg>
<status status="PASS" starttime="20211226 21:08:17.423" endtime="20211226 21:08:17.424"/>
</kw>
<status status="PASS" starttime="20211226 21:08:17.422" endtime="20211226 21:08:17.425"/>
</iter>
<iter>
<var name="${item}">('seller_name', 'seller')</var>
<kw name="Log" library="BuiltIn">
<arg>${item[0]}</arg>
<doc>Logs the given message with the given level.</doc>
<msg timestamp="20211226 21:08:17.425" level="INFO">seller_name</msg>
<status status="PASS" starttime="20211226 21:08:17.425" endtime="20211226 21:08:17.425"/>
</kw>
<kw name="Set Suite Variable" library="BuiltIn">
<arg>${${item[0]}}</arg>
<arg>${item[1]}</arg>
<doc>Makes a variable available everywhere within the scope of the current suite.</doc>
<msg timestamp="20211226 21:08:17.428" level="INFO">${seller_name} = seller</msg>
<status status="PASS" starttime="20211226 21:08:17.425" endtime="20211226 21:08:17.428"/>
</kw>
<status status="PASS" starttime="20211226 21:08:17.425" endtime="20211226 21:08:17.428"/>
</iter>
<iter>
<var name="${item}">('seller_pwd', 'Password123')</var>
<kw name="Log" library="BuiltIn">
<arg>${item[0]}</arg>
<doc>Logs the given message with the given level.</doc>
<msg timestamp="20211226 21:08:17.429" level="INFO">seller_pwd</msg>
<status status="PASS" starttime="20211226 21:08:17.428" endtime="20211226 21:08:17.429"/>
</kw>
<kw name="Set Suite Variable" library="BuiltIn">
<arg>${${item[0]}}</arg>
<arg>${item[1]}</arg>
<doc>Makes a variable available everywhere within the scope of the current suite.</doc>
<msg timestamp="20211226 21:08:17.430" level="INFO">${seller_pwd} = Password123</msg>
<status status="PASS" starttime="20211226 21:08:17.429" endtime="20211226 21:08:17.430"/>
</kw>
<status status="PASS" starttime="20211226 21:08:17.428" endtime="20211226 21:08:17.430"/>
</iter>
<iter>
<var name="${item}">('map_email', 'shengyuan@michaels.com')</var>
<kw name="Log" library="BuiltIn">
<arg>${item[0]}</arg>
<doc>Logs the given message with the given level.</doc>
<msg timestamp="20211226 21:08:17.431" level="INFO">map_email</msg>
<status status="PASS" starttime="20211226 21:08:17.430" endtime="20211226 21:08:17.431"/>
</kw>
<kw name="Set Suite Variable" library="BuiltIn">
<arg>${${item[0]}}</arg>
<arg>${item[1]}</arg>
<doc>Makes a variable available everywhere within the scope of the current suite.</doc>
<msg timestamp="20211226 21:08:17.432" level="INFO">${map_email} = shengyuan@michaels.com</msg>
<status status="PASS" starttime="20211226 21:08:17.431" endtime="20211226 21:08:17.432"/>
</kw>
<status status="PASS" starttime="20211226 21:08:17.430" endtime="20211226 21:08:17.432"/>
</iter>
<iter>
<var name="${item}">('map_pwd', 'Hello543207a')</var>
<kw name="Log" library="BuiltIn">
<arg>${item[0]}</arg>
<doc>Logs the given message with the given level.</doc>
<msg timestamp="20211226 21:08:17.433" level="INFO">map_pwd</msg>
<status status="PASS" starttime="20211226 21:08:17.432" endtime="20211226 21:08:17.433"/>
</kw>
<kw name="Set Suite Variable" library="BuiltIn">
<arg>${${item[0]}}</arg>
<arg>${item[1]}</arg>
<doc>Makes a variable available everywhere within the scope of the current suite.</doc>
<msg timestamp="20211226 21:08:17.435" level="INFO">${map_pwd} = Hello543207a</msg>
<status status="PASS" starttime="20211226 21:08:17.433" endtime="20211226 21:08:17.435"/>
</kw>
<status status="PASS" starttime="20211226 21:08:17.432" endtime="20211226 21:08:17.435"/>
</iter>
<iter>
<var name="${item}">('buyer_email_return', 'jr_tst03_buyer001@snapmail.cc')</var>
<kw name="Log" library="BuiltIn">
<arg>${item[0]}</arg>
<doc>Logs the given message with the given level.</doc>
<msg timestamp="20211226 21:08:17.435" level="INFO">buyer_email_return</msg>
<status status="PASS" starttime="20211226 21:08:17.435" endtime="20211226 21:08:17.435"/>
</kw>
<kw name="Set Suite Variable" library="BuiltIn">
<arg>${${item[0]}}</arg>
<arg>${item[1]}</arg>
<doc>Makes a variable available everywhere within the scope of the current suite.</doc>
<msg timestamp="20211226 21:08:17.438" level="INFO">${buyer_email_return} = jr_tst03_buyer001@snapmail.cc</msg>
<status status="PASS" starttime="20211226 21:08:17.436" endtime="20211226 21:08:17.438"/>
</kw>
<status status="PASS" starttime="20211226 21:08:17.435" endtime="20211226 21:08:17.438"/>
</iter>
<iter>
<var name="${item}">('buyer_name_return', 'BuyerAAA')</var>
<kw name="Log" library="BuiltIn">
<arg>${item[0]}</arg>
<doc>Logs the given message with the given level.</doc>
<msg timestamp="20211226 21:08:17.439" level="INFO">buyer_name_return</msg>
<status status="PASS" starttime="20211226 21:08:17.438" endtime="20211226 21:08:17.439"/>
</kw>
<kw name="Set Suite Variable" library="BuiltIn">
<arg>${${item[0]}}</arg>
<arg>${item[1]}</arg>
<doc>Makes a variable available everywhere within the scope of the current suite.</doc>
<msg timestamp="20211226 21:08:17.442" level="INFO">${buyer_name_return} = BuyerAAA</msg>
<status status="PASS" starttime="20211226 21:08:17.439" endtime="20211226 21:08:17.442"/>
</kw>
<status status="PASS" starttime="20211226 21:08:17.438" endtime="20211226 21:08:17.442"/>
</iter>
<iter>
<var name="${item}">('buyer_pwd_return', 'Rsc123456')</var>
<kw name="Log" library="BuiltIn">
<arg>${item[0]}</arg>
<doc>Logs the given message with the given level.</doc>
<msg timestamp="20211226 21:08:17.442" level="INFO">buyer_pwd_return</msg>
<status status="PASS" starttime="20211226 21:08:17.442" endtime="20211226 21:08:17.442"/>
</kw>
<kw name="Set Suite Variable" library="BuiltIn">
<arg>${${item[0]}}</arg>
<arg>${item[1]}</arg>
<doc>Makes a variable available everywhere within the scope of the current suite.</doc>
<msg timestamp="20211226 21:08:17.446" level="INFO">${buyer_pwd_return} = Rsc123456</msg>
<status status="PASS" starttime="20211226 21:08:17.442" endtime="20211226 21:08:17.446"/>
</kw>
<status status="PASS" starttime="20211226 21:08:17.442" endtime="20211226 21:08:17.446"/>
</iter>
<iter>
<var name="${item}">('buyer_parent_order_number', '4365657901921978')</var>
<kw name="Log" library="BuiltIn">
<arg>${item[0]}</arg>
<doc>Logs the given message with the given level.</doc>
<msg timestamp="20211226 21:08:17.446" level="INFO">buyer_parent_order_number</msg>
<status status="PASS" starttime="20211226 21:08:17.446" endtime="20211226 21:08:17.447"/>
</kw>
<kw name="Set Suite Variable" library="BuiltIn">
<arg>${${item[0]}}</arg>
<arg>${item[1]}</arg>
<doc>Makes a variable available everywhere within the scope of the current suite.</doc>
<msg timestamp="20211226 21:08:17.450" level="INFO">${buyer_parent_order_number} = 4365657901921978</msg>
<status status="PASS" starttime="20211226 21:08:17.447" endtime="20211226 21:08:17.450"/>
</kw>
<status status="PASS" starttime="20211226 21:08:17.446" endtime="20211226 21:08:17.450"/>
</iter>
<iter>
<var name="${item}">('product_sku_return', '10504082')</var>
<kw name="Log" library="BuiltIn">
<arg>${item[0]}</arg>
<doc>Logs the given message with the given level.</doc>
<msg timestamp="20211226 21:08:17.450" level="INFO">product_sku_return</msg>
<status status="PASS" starttime="20211226 21:08:17.450" endtime="20211226 21:08:17.451"/>
</kw>
<kw name="Set Suite Variable" library="BuiltIn">
<arg>${${item[0]}}</arg>
<arg>${item[1]}</arg>
<doc>Makes a variable available everywhere within the scope of the current suite.</doc>
<msg timestamp="20211226 21:08:17.453" level="INFO">${product_sku_return} = 10504082</msg>
<status status="PASS" starttime="20211226 21:08:17.451" endtime="20211226 21:08:17.454"/>
</kw>
<status status="PASS" starttime="20211226 21:08:17.450" endtime="20211226 21:08:17.454"/>
</iter>
<iter>
<var name="${item}">('product_name_return', 'Watercolor Paper Pad by Recollections®, 12" x 12"')</var>
<kw name="Log" library="BuiltIn">
<arg>${item[0]}</arg>
<doc>Logs the given message with the given level.</doc>
<msg timestamp="20211226 21:08:17.454" level="INFO">product_name_return</msg>
<status status="PASS" starttime="20211226 21:08:17.454" endtime="20211226 21:08:17.454"/>
</kw>
<kw name="Set Suite Variable" library="BuiltIn">
<arg>${${item[0]}}</arg>
<arg>${item[1]}</arg>
<doc>Makes a variable available everywhere within the scope of the current suite.</doc>
<msg timestamp="20211226 21:08:17.459" level="INFO">${product_name_return} = Watercolor Paper Pad by Recollections®, 12" x 12"</msg>
<status status="PASS" starttime="20211226 21:08:17.455" endtime="20211226 21:08:17.459"/>
</kw>
<status status="PASS" starttime="20211226 21:08:17.454" endtime="20211226 21:08:17.459"/>
</iter>
<iter>
<var name="${item}">('seller_email_return', 'rsc_tst03_seller01@snapmail.cc')</var>
<kw name="Log" library="BuiltIn">
<arg>${item[0]}</arg>
<doc>Logs the given message with the given level.</doc>
<msg timestamp="20211226 21:08:17.460" level="INFO">seller_email_return</msg>
<status status="PASS" starttime="20211226 21:08:17.459" endtime="20211226 21:08:17.460"/>
</kw>
<kw name="Set Suite Variable" library="BuiltIn">
<arg>${${item[0]}}</arg>
<arg>${item[1]}</arg>
<doc>Makes a variable available everywhere within the scope of the current suite.</doc>
<msg timestamp="20211226 21:08:17.463" level="INFO">${seller_email_return} = rsc_tst03_seller01@snapmail.cc</msg>
<status status="PASS" starttime="20211226 21:08:17.460" endtime="20211226 21:08:17.463"/>
</kw>
<status status="PASS" starttime="20211226 21:08:17.459" endtime="20211226 21:08:17.463"/>
</iter>
<iter>
<var name="${item}">('seller_name_return', 'SellerAAA')</var>
<kw name="Log" library="BuiltIn">
<arg>${item[0]}</arg>
<doc>Logs the given message with the given level.</doc>
<msg timestamp="20211226 21:08:17.464" level="INFO">seller_name_return</msg>
<status status="PASS" starttime="20211226 21:08:17.463" endtime="20211226 21:08:17.464"/>
</kw>
<kw name="Set Suite Variable" library="BuiltIn">
<arg>${${item[0]}}</arg>
<arg>${item[1]}</arg>
<doc>Makes a variable available everywhere within the scope of the current suite.</doc>
<msg timestamp="20211226 21:08:17.468" level="INFO">${seller_name_return} = SellerAAA</msg>
<status status="PASS" starttime="20211226 21:08:17.464" endtime="20211226 21:08:17.468"/>
</kw>
<status status="PASS" starttime="20211226 21:08:17.463" endtime="20211226 21:08:17.468"/>
</iter>
<iter>
<var name="${item}">('seller_pwd_return', 'Rsc123456')</var>
<kw name="Log" library="BuiltIn">
<arg>${item[0]}</arg>
<doc>Logs the given message with the given level.</doc>
<msg timestamp="20211226 21:08:17.469" level="INFO">seller_pwd_return</msg>
<status status="PASS" starttime="20211226 21:08:17.468" endtime="20211226 21:08:17.469"/>
</kw>
<kw name="Set Suite Variable" library="BuiltIn">
<arg>${${item[0]}}</arg>
<arg>${item[1]}</arg>
<doc>Makes a variable available everywhere within the scope of the current suite.</doc>
<msg timestamp="20211226 21:08:17.472" level="INFO">${seller_pwd_return} = Rsc123456</msg>
<status status="PASS" starttime="20211226 21:08:17.469" endtime="20211226 21:08:17.472"/>
</kw>
<status status="PASS" starttime="20211226 21:08:17.468" endtime="20211226 21:08:17.472"/>
</iter>
<status status="PASS" starttime="20211226 21:08:17.422" endtime="20211226 21:08:17.472"/>
</for>
<kw name="Return Or Enter Key" library="CommonLibrary">
<var>${RETURN_OR_ENTER}</var>
<msg timestamp="20211226 21:08:17.472" level="INFO">${RETURN_OR_ENTER} = ENTER</msg>
<status status="PASS" starttime="20211226 21:08:17.472" endtime="20211226 21:08:17.472"/>
</kw>
<kw name="Set Suite Variable" library="BuiltIn">
<arg>${RETURN_OR_ENTER}</arg>
<arg>${RETURN_OR_ENTER}</arg>
<doc>Makes a variable available everywhere within the scope of the current suite.</doc>
<msg timestamp="20211226 21:08:17.473" level="INFO">${RETURN_OR_ENTER} = ENTER</msg>
<status status="PASS" starttime="20211226 21:08:17.472" endtime="20211226 21:08:17.473"/>
</kw>
<kw name="Ctrl Or Command Key" library="CommonLibrary">
<var>${CTRL_OR_COMMAND}</var>
<msg timestamp="20211226 21:08:17.474" level="INFO">${CTRL_OR_COMMAND} = CONTROL</msg>
<status status="PASS" starttime="20211226 21:08:17.473" endtime="20211226 21:08:17.474"/>
</kw>
<kw name="Set Suite Variable" library="BuiltIn">
<arg>${CTRL_OR_COMMAND}</arg>
<arg>${CTRL_OR_COMMAND}</arg>
<doc>Makes a variable available everywhere within the scope of the current suite.</doc>
<msg timestamp="20211226 21:08:17.474" level="INFO">${CTRL_OR_COMMAND} = CONTROL</msg>
<status status="PASS" starttime="20211226 21:08:17.474" endtime="20211226 21:08:17.474"/>
</kw>
<status status="PASS" starttime="20211226 21:08:17.420" endtime="20211226 21:08:17.474"/>
</kw>
<kw name="Set Selenium Timeout" library="Selenium2Library">
<arg>${TIME_OUT}</arg>
<doc>Sets the timeout that is used by various keywords.</doc>
<status status="PASS" starttime="20211226 21:08:17.474" endtime="20211226 21:08:17.474"/>
</kw>
<kw name="Open Browser" library="Selenium2Library">
<arg>${url}</arg>
<arg>${BROWSER}</arg>
<arg>${brower_name}</arg>
<doc>Opens a new browser instance to the optional ``url``.</doc>
<msg timestamp="20211226 21:08:17.474" level="INFO">Opening browser 'Chrome' to base url 'https://mik.qa.platform.michaels.com/'.</msg>
<status status="PASS" starttime="20211226 21:08:17.474" endtime="20211226 21:08:21.026"/>
</kw>
<kw name="Sleep" library="BuiltIn">
<arg>1</arg>
<doc>Pauses the test executed for the given time.</doc>
<msg timestamp="20211226 21:08:22.028" level="INFO">Slept 1 second</msg>
<status status="PASS" starttime="20211226 21:08:21.026" endtime="20211226 21:08:22.028"/>
</kw>
<kw name="Maximize Browser Window" library="Selenium2Library">
<doc>Maximizes current browser window.</doc>
<status status="PASS" starttime="20211226 21:08:22.028" endtime="20211226 21:08:22.156"/>
</kw>
<kw name="Wait Until Element Is Visible" library="Selenium2Library">
<arg>//p[text()='Sign In']</arg>
<doc>Waits until the element ``locator`` is visible.</doc>
<status status="PASS" starttime="20211226 21:08:22.157" endtime="20211226 21:08:22.171"/>
</kw>
<status status="PASS" starttime="20211226 21:08:17.420" endtime="20211226 21:08:22.171"/>
</kw>
<status status="PASS" starttime="20211226 21:08:17.420" endtime="20211226 21:08:22.171"/>
</kw>
<test id="s1-s1-s1-t1" name="Test Seller Sign In And Enter Storefront">
<kw name="Skip If" library="BuiltIn" type="SETUP">
<arg>'${Login_Status}'=='FAIL'</arg>
<doc>Skips the rest of the current test if the ``condition`` is True.</doc>
<status status="PASS" starttime="20211226 21:08:22.173" endtime="20211226 21:08:22.173"/>
</kw>
<kw name="Set Suite Variable" library="BuiltIn">
<arg>${Cur_User_Name}</arg>
<arg>${SELLER_NAME}</arg>
<doc>Makes a variable available everywhere within the scope of the current suite.</doc>
<msg timestamp="20211226 21:08:22.174" level="INFO">${Cur_User_Name} = seller</msg>
<status status="PASS" starttime="20211226 21:08:22.173" endtime="20211226 21:08:22.174"/>
</kw>
<kw name="User Sign In - MP" library="CommonKeywords">
<arg>${SELLER_EMAIL}</arg>
<arg>${SELLER_PWD}</arg>
<arg>${Cur_User_Name}</arg>
<kw name="Click Element" library="Selenium2Library">
<arg>//*[text()='Sign In']</arg>
<doc>Click the element identified by ``locator``.</doc>
<msg timestamp="20211226 21:08:22.174" level="INFO">Clicking element '//*[text()='Sign In']'.</msg>
<status status="PASS" starttime="20211226 21:08:22.174" endtime="20211226 21:08:22.244"/>
</kw>
<kw name="Wait Until Element Is Visible" library="Selenium2Library">
<arg>//input[@id="email"]</arg>
<doc>Waits until the element ``locator`` is visible.</doc>
<status status="PASS" starttime="20211226 21:08:22.244" endtime="20211226 21:08:23.850"/>
</kw>
<kw name="Input Text" library="Selenium2Library">
<arg>//input[@id="email"]</arg>
<arg>${email}</arg>
<doc>Types the given ``text`` into the text field identified by ``locator``.</doc>
<msg timestamp="20211226 21:08:23.850" level="INFO">Typing text 'sellerTst03@snapmail.cc' into text field '//input[@id="email"]'.</msg>
<status status="PASS" starttime="20211226 21:08:23.850" endtime="20211226 21:08:24.088"/>
</kw>
<kw name="Sleep" library="BuiltIn">
<arg>1</arg>
<doc>Pauses the test executed for the given time.</doc>
<msg timestamp="20211226 21:08:25.097" level="INFO">Slept 1 second</msg>
<status status="PASS" starttime="20211226 21:08:24.090" endtime="20211226 21:08:25.097"/>
</kw>
<kw name="Input Text" library="Selenium2Library">
<arg>//input[@id="password"]</arg>
<arg>${pwd}</arg>
<doc>Types the given ``text`` into the text field identified by ``locator``.</doc>
<msg timestamp="20211226 21:08:25.098" level="INFO">Typing text 'Password123' into text field '//input[@id="password"]'.</msg>
<status status="PASS" starttime="20211226 21:08:25.097" endtime="20211226 21:08:25.216"/>
</kw>
<kw name="Sleep" library="BuiltIn">
<arg>1</arg>
<doc>Pauses the test executed for the given time.</doc>
<msg timestamp="20211226 21:08:26.227" level="INFO">Slept 1 second</msg>
<status status="PASS" starttime="20211226 21:08:25.217" endtime="20211226 21:08:26.228"/>
</kw>
<kw name="Click Button" library="Selenium2Library">
<arg>//*[@type="submit"]</arg>
<doc>Clicks the button identified by ``locator``.</doc>
<msg timestamp="20211226 21:08:26.228" level="INFO">Clicking button '//*[@type="submit"]'.</msg>
<status status="PASS" starttime="20211226 21:08:26.228" endtime="20211226 21:08:26.282"/>
</kw>
<kw name="Wait Until Element Is Visible" library="Selenium2Library">
<arg>//p[text()='${name}']</arg>
<doc>Waits until the element ``locator`` is visible.</doc>
<status status="PASS" starttime="20211226 21:08:26.282" endtime="20211226 21:08:27.926"/>
</kw>
<status status="PASS" starttime="20211226 21:08:22.174" endtime="20211226 21:08:27.926"/>
</kw>
<kw name="Main Menu - Storefront Page" library="MenuKeywords">
<kw name="Open User Menu List" library="MenuKeywords">
<kw name="Mouse Over" library="Selenium2Library">
<arg>//p[text()='${Cur_User_Name}']</arg>
<doc>Simulates hovering the mouse over the element ``locator``.</doc>
<msg timestamp="20211226 21:08:27.927" level="INFO">Simulating Mouse Over on element '//p[text()='seller']'.</msg>
<status status="PASS" starttime="20211226 21:08:27.927" endtime="20211226 21:08:28.207"/>
</kw>
<kw name="Sleep" library="BuiltIn">
<arg>1</arg>
<doc>Pauses the test executed for the given time.</doc>
<msg timestamp="20211226 21:08:29.217" level="INFO">Slept 1 second</msg>
<status status="PASS" starttime="20211226 21:08:28.207" endtime="20211226 21:08:29.217"/>
</kw>
<status status="PASS" starttime="20211226 21:08:27.927" endtime="20211226 21:08:29.217"/>
</kw>
<kw name="Click Element" library="Selenium2Library">
<arg>//p[text()="Storefront"]</arg>
<doc>Click the element identified by ``locator``.</doc>
<msg timestamp="20211226 21:08:29.218" level="INFO">Clicking element '//p[text()="Storefront"]'.</msg>
<status status="PASS" starttime="20211226 21:08:29.217" endtime="20211226 21:08:29.395"/>
</kw>
<kw name="Wait Until Element Is Visible" library="Selenium2Library">
<arg>//h1[starts-with(text(),"Welcome to your Dashboard")]</arg>
<doc>Waits until the element ``locator`` is visible.</doc>
<status status="PASS" starttime="20211226 21:08:29.395" endtime="20211226 21:08:30.914"/>
</kw>
<status status="PASS" starttime="20211226 21:08:27.926" endtime="20211226 21:08:30.914"/>
</kw>
<kw name="Set Suite Variable" library="BuiltIn" type="TEARDOWN">
<arg>${Login_Status}</arg>
<arg>${TEST STATUS}</arg>
<doc>Makes a variable available everywhere within the scope of the current suite.</doc>
<msg timestamp="20211226 21:08:30.915" level="INFO">${Login_Status} = PASS</msg>
<status status="PASS" starttime="20211226 21:08:30.915" endtime="20211226 21:08:30.915"/>
</kw>
<doc>Seller Sign In and enter Storefront Page</doc>
<tag>mp</tag>
<tag>mp-marketing</tag>
<tag>mp-marketing-create-test</tag>
<tag>mp-marketing-list</tag>
<tag>mp-mk1-2</tag>
<tag>mp-mk3</tag>
<tag>mp-mk4</tag>
<tag>mp-mk5</tag>
<tag>mp-mk6</tag>
<status status="PASS" starttime="20211226 21:08:22.171" endtime="20211226 21:08:30.916"/>
</test>
<test id="s1-s1-s1-t2" name="Test Create New Customer Promotion - Spend &amp; Get - % Off">
<kw name="Skip If" library="BuiltIn" type="SETUP">
<arg>'${Login_Status}'=='FAIL'</arg>
<doc>Skips the rest of the current test if the ``condition`` is True.</doc>
<status status="PASS" starttime="20211226 21:08:30.917" endtime="20211226 21:08:30.918"/>
</kw>
<kw name="Store Left Menu - Marketing" library="MenuKeywords">
<kw name="Wait Until Element Is Visible" library="Selenium2Library">
<arg>//p[text()="Marketing"]</arg>
<doc>Waits until the element ``locator`` is visible.</doc>
<status status="PASS" starttime="20211226 21:08:30.918" endtime="20211226 21:08:30.936"/>
</kw>
<kw name="Get Element Count" library="Selenium2Library">
<var>${count}</var>
<arg>//p[text()="Marketing"]/../parent::button[@aria-expanded="true"]</arg>
<doc>Returns the number of elements matching ``locator``.</doc>
<msg timestamp="20211226 21:08:30.943" level="INFO">${count} = 0</msg>
<status status="PASS" starttime="20211226 21:08:30.936" endtime="20211226 21:08:30.943"/>
</kw>
<kw name="Run Keyword If" library="BuiltIn">
<arg>'${count}'=='0'</arg>
<arg>Click Element</arg>
<arg>//p[text()="Marketing"]/../parent::button</arg>
<doc>Runs the given keyword with the given arguments, if ``condition`` is true.</doc>
<kw name="Click Element" library="Selenium2Library">
<arg>//p[text()="Marketing"]/../parent::button</arg>
<doc>Click the element identified by ``locator``.</doc>
<msg timestamp="20211226 21:08:30.943" level="INFO">Clicking element '//p[text()="Marketing"]/../parent::button'.</msg>
<status status="PASS" starttime="20211226 21:08:30.943" endtime="20211226 21:08:31.076"/>
</kw>
<status status="PASS" starttime="20211226 21:08:30.943" endtime="20211226 21:08:31.076"/>
</kw>
<kw name="Run Keyword If" library="BuiltIn">
<arg>'${count}'=='1'</arg>
<arg>Click Element</arg>
<arg>//p[text()="Marketing Overview"]/parent::button</arg>
<doc>Runs the given keyword with the given arguments, if ``condition`` is true.</doc>
<status status="PASS" starttime="20211226 21:08:31.076" endtime="20211226 21:08:31.077"/>
</kw>
<kw name="Wait Until Element Is Visible" library="Selenium2Library">
<arg>//h2[text()="Marketing"]</arg>
<doc>Waits until the element ``locator`` is visible.</doc>
<status status="PASS" starttime="20211226 21:08:31.077" endtime="20211226 21:08:31.106"/>
</kw>
<kw name="Wait Until Page Contains Element" library="Selenium2Library">
<arg>//*[@id="searchOrders"]/preceding-sibling::div//*[contains(@class,"icon-tabler-search")]</arg>
<doc>Waits until the element ``locator`` appears on the current page.</doc>
<status status="PASS" starttime="20211226 21:08:31.106" endtime="20211226 21:08:32.861"/>
</kw>
<kw name="Sleep" library="BuiltIn">
<arg>1</arg>
<doc>Pauses the test executed for the given time.</doc>
<msg timestamp="20211226 21:08:33.864" level="INFO">Slept 1 second</msg>
<status status="PASS" starttime="20211226 21:08:32.862" endtime="20211226 21:08:33.865"/>
</kw>
<status status="PASS" starttime="20211226 21:08:30.918" endtime="20211226 21:08:33.865"/>
</kw>
<kw name="Seller Marketing - Click Button Create Customer Promotion" library="SellerMarketingKeywords">
<kw name="Wait Until Element Is Visible" library="Selenium2Library">
<arg>//div[text()="CREATE A PROMOTION"]/parent::button</arg>
<doc>Waits until the element ``locator`` is visible.</doc>
<status status="PASS" starttime="20211226 21:08:33.867" endtime="20211226 21:08:33.879"/>
</kw>
<kw name="Click Element" library="Selenium2Library">
<arg>//div[text()="CREATE A PROMOTION"]/parent::button</arg>
<doc>Click the element identified by ``locator``.</doc>
<msg timestamp="20211226 21:08:33.880" level="INFO">Clicking element '//div[text()="CREATE A PROMOTION"]/parent::button'.</msg>
<status status="PASS" starttime="20211226 21:08:33.880" endtime="20211226 21:08:34.029"/>
</kw>
<kw name="Sleep" library="BuiltIn">
<arg>1</arg>
<doc>Pauses the test executed for the given time.</doc>
<msg timestamp="20211226 21:08:35.032" level="INFO">Slept 1 second</msg>
<status status="PASS" starttime="20211226 21:08:34.030" endtime="20211226 21:08:35.032"/>
</kw>
<status status="PASS" starttime="20211226 21:08:33.866" endtime="20211226 21:08:35.032"/>
</kw>
<kw name="Set Variable" library="BuiltIn">
<var>${Promotion_Type}</var>
<arg>1</arg>
<doc>Returns the given values which can then be assigned to a variables.</doc>
<msg timestamp="20211226 21:08:35.035" level="INFO">${Promotion_Type} = 1</msg>
<status status="PASS" starttime="20211226 21:08:35.034" endtime="20211226 21:08:35.035"/>
</kw>
<kw name="Seller Marketing - Promotion Type - Select By Index" library="SellerMarketingKeywords">
<arg>${Promotion_Type}</arg>
<doc>1-Spend &amp; Get - % Off;2-Spend &amp; Get - $ Amount Off;3-Buy &amp; Get - % Off;
4-Buy A &amp; Get B - Free;5-Percent Off;6-BMSM - % Off</doc>
<kw name="Wait Until Element Is Visible" library="Selenium2Library">
<arg>//header[contains(@id,"chakra-modal--header")]/following-sibling::button</arg>
<doc>Waits until the element ``locator`` is visible.</doc>
<status status="PASS" starttime="20211226 21:08:35.037" endtime="20211226 21:08:35.053"/>
</kw>
<kw name="Sleep" library="BuiltIn">
<arg>1</arg>
<doc>Pauses the test executed for the given time.</doc>
<msg timestamp="20211226 21:08:36.069" level="INFO">Slept 1 second</msg>
<status status="PASS" starttime="20211226 21:08:35.054" endtime="20211226 21:08:36.069"/>
</kw>
<kw name="Click Element" library="Selenium2Library">
<arg>//header[contains(@id,"chakra-modal--header")]/following-sibling::div/div/div[${index}]</arg>
<doc>Click the element identified by ``locator``.</doc>
<msg timestamp="20211226 21:08:36.070" level="INFO">Clicking element '//header[contains(@id,"chakra-modal--header")]/following-sibling::div/div/div[1]'.</msg>
<status status="PASS" starttime="20211226 21:08:36.069" endtime="20211226 21:08:36.139"/>
</kw>
<kw name="Wait Until Element Is Not Visible" library="Selenium2Library">
<arg>//header[contains(@id,"chakra-modal--header")]/following-sibling::button</arg>
<doc>Waits until the element ``locator`` is not visible.</doc>
<status status="PASS" starttime="20211226 21:08:36.139" endtime="20211226 21:08:36.143"/>
</kw>
<kw name="Sleep" library="BuiltIn">
<arg>1</arg>
<doc>Pauses the test executed for the given time.</doc>
<msg timestamp="20211226 21:08:37.156" level="INFO">Slept 1 second</msg>
<status status="PASS" starttime="20211226 21:08:36.143" endtime="20211226 21:08:37.156"/>
</kw>
<kw name="Wait Until Element Is Visible" library="Selenium2Library">
<arg>//h2[text()="Promotion Details"]</arg>
<doc>Waits until the element ``locator`` is visible.</doc>
<status status="PASS" starttime="20211226 21:08:37.156" endtime="20211226 21:08:37.169"/>
</kw>
<kw name="Sleep" library="BuiltIn">
<arg>1</arg>
<doc>Pauses the test executed for the given time.</doc>
<msg timestamp="20211226 21:08:38.183" level="INFO">Slept 1 second</msg>
<status status="PASS" starttime="20211226 21:08:37.169" endtime="20211226 21:08:38.183"/>
</kw>
<status status="PASS" starttime="20211226 21:08:35.036" endtime="20211226 21:08:38.183"/>
</kw>
<kw name="Seller Marketing - Click Link Change Promotion Type" library="SellerMarketingKeywords">
<kw name="Click Element" library="Selenium2Library">
<arg>//form[@id="promotionDetails"]//div[text()="Change "]/parent::button</arg>
<doc>Click the element identified by ``locator``.</doc>
<msg timestamp="20211226 21:08:38.184" level="INFO">Clicking element '//form[@id="promotionDetails"]//div[text()="Change "]/parent::button'.</msg>
<status status="PASS" starttime="20211226 21:08:38.184" endtime="20211226 21:08:38.236"/>
</kw>
<kw name="Wait Until Element Is Visible" library="Selenium2Library">
<arg>//header[contains(@id,"chakra-modal--header")]/following-sibling::button</arg>
<doc>Waits until the element ``locator`` is visible.</doc>
<status status="PASS" starttime="20211226 21:08:38.236" endtime="20211226 21:08:38.250"/>
</kw>
<status status="PASS" starttime="20211226 21:08:38.184" endtime="20211226 21:08:38.250"/>
</kw>
<kw name="Seller Marketing - Promotion Type - Select By Index" library="SellerMarketingKeywords">
<arg>${Promotion_Type}</arg>
<doc>1-Spend &amp; Get - % Off;2-Spend &amp; Get - $ Amount Off;3-Buy &amp; Get - % Off;
4-Buy A &amp; Get B - Free;5-Percent Off;6-BMSM - % Off</doc>
<kw name="Wait Until Element Is Visible" library="Selenium2Library">
<arg>//header[contains(@id,"chakra-modal--header")]/following-sibling::button</arg>
<doc>Waits until the element ``locator`` is visible.</doc>
<status status="PASS" starttime="20211226 21:08:38.251" endtime="20211226 21:08:38.259"/>
</kw>
<kw name="Sleep" library="BuiltIn">
<arg>1</arg>
<doc>Pauses the test executed for the given time.</doc>
<msg timestamp="20211226 21:08:39.269" level="INFO">Slept 1 second</msg>
<status status="PASS" starttime="20211226 21:08:38.259" endtime="20211226 21:08:39.269"/>
</kw>
<kw name="Click Element" library="Selenium2Library">
<arg>//header[contains(@id,"chakra-modal--header")]/following-sibling::div/div/div[${index}]</arg>
<doc>Click the element identified by ``locator``.</doc>
<msg timestamp="20211226 21:08:39.269" level="INFO">Clicking element '//header[contains(@id,"chakra-modal--header")]/following-sibling::div/div/div[1]'.</msg>
<status status="PASS" starttime="20211226 21:08:39.269" endtime="20211226 21:08:39.305"/>
</kw>
<kw name="Wait Until Element Is Not Visible" library="Selenium2Library">
<arg>//header[contains(@id,"chakra-modal--header")]/following-sibling::button</arg>
<doc>Waits until the element ``locator`` is not visible.</doc>
<status status="PASS" starttime="20211226 21:08:39.305" endtime="20211226 21:08:39.526"/>
</kw>
<kw name="Sleep" library="BuiltIn">
<arg>1</arg>
<doc>Pauses the test executed for the given time.</doc>
<msg timestamp="20211226 21:08:40.533" level="INFO">Slept 1 second</msg>
<status status="PASS" starttime="20211226 21:08:39.526" endtime="20211226 21:08:40.534"/>
</kw>
<kw name="Wait Until Element Is Visible" library="Selenium2Library">
<arg>//h2[text()="Promotion Details"]</arg>
<doc>Waits until the element ``locator`` is visible.</doc>
<status status="PASS" starttime="20211226 21:08:40.534" endtime="20211226 21:08:40.547"/>
</kw>
<kw name="Sleep" library="BuiltIn">
<arg>1</arg>
<doc>Pauses the test executed for the given time.</doc>
<msg timestamp="20211226 21:08:41.561" level="INFO">Slept 1 second</msg>
<status status="PASS" starttime="20211226 21:08:40.547" endtime="20211226 21:08:41.561"/>
</kw>
<status status="PASS" starttime="20211226 21:08:38.250" endtime="20211226 21:08:41.561"/>
</kw>
<kw name="Seller Marketing - Input Promotion Name" library="SellerMarketingKeywords">
<kw name="Get Uuid Split" library="CommonLibrary">
<var>${Promotion_Code}</var>
<msg timestamp="20211226 21:08:41.563" level="INFO">${Promotion_Code} = 4b5badd0</msg>
<status status="PASS" starttime="20211226 21:08:41.562" endtime="20211226 21:08:41.563"/>
</kw>
<kw name="Set Suite Variable" library="BuiltIn">
<arg>${Promotion_Code}</arg>
<arg>${Promotion_Code}</arg>
<doc>Makes a variable available everywhere within the scope of the current suite.</doc>
<msg timestamp="20211226 21:08:41.564" level="INFO">${Promotion_Code} = 4b5badd0</msg>
<status status="PASS" starttime="20211226 21:08:41.563" endtime="20211226 21:08:41.564"/>
</kw>
<kw name="Clear Element Value" library="CommonKeywords">
<arg>//*[@id="title"]</arg>
<kw name="Click Element" library="Selenium2Library">
<arg>${element}</arg>
<doc>Click the element identified by ``locator``.</doc>
<msg timestamp="20211226 21:08:41.564" level="INFO">Clicking element '//*[@id="title"]'.</msg>
<status status="PASS" starttime="20211226 21:08:41.564" endtime="20211226 21:08:41.604"/>
</kw>
<kw name="Press Keys" library="Selenium2Library">
<arg>None</arg>
<arg>${CTRL_OR_COMMAND}+A</arg>
<doc>Simulates the user pressing key(s) to an element or on the active browser.</doc>
<msg timestamp="20211226 21:08:41.605" level="INFO">Sending key(s) ('CONTROL+A',) to page.</msg>
<msg timestamp="20211226 21:08:41.605" level="INFO">Pressing special key CONTROL down.</msg>
<msg timestamp="20211226 21:08:41.605" level="INFO">Sending key A</msg>
<msg timestamp="20211226 21:08:41.605" level="INFO">Releasing special key CONTROL.</msg>
<status status="PASS" starttime="20211226 21:08:41.604" endtime="20211226 21:08:41.609"/>
</kw>
<kw name="Press Keys" library="Selenium2Library">
<arg>None</arg>
<arg>DELETE</arg>
<doc>Simulates the user pressing key(s) to an element or on the active browser.</doc>
<msg timestamp="20211226 21:08:41.610" level="INFO">Sending key(s) ('DELETE',) to page.</msg>
<msg timestamp="20211226 21:08:41.610" level="INFO">Pressing special key DELETE to browser.</msg>
<msg timestamp="20211226 21:08:41.610" level="INFO">Releasing special key DELETE.</msg>
<status status="PASS" starttime="20211226 21:08:41.609" endtime="20211226 21:08:41.613"/>
</kw>
<status status="PASS" starttime="20211226 21:08:41.564" endtime="20211226 21:08:41.614"/>
</kw>
<kw name="Input Text" library="Selenium2Library">
<arg>//*[@id="title"]</arg>
<arg>Promotion ${Promotion_Code}</arg>
<doc>Types the given ``text`` into the text field identified by ``locator``.</doc>
<msg timestamp="20211226 21:08:41.614" level="INFO">Typing text 'Promotion 4b5badd0' into text field '//*[@id="title"]'.</msg>
<status status="PASS" starttime="20211226 21:08:41.614" endtime="20211226 21:08:41.827"/>
</kw>
<status status="PASS" starttime="20211226 21:08:41.561" endtime="20211226 21:08:41.827"/>
</kw>
<kw name="Seller Marketing - Set Start And End Time" library="SellerMarketingKeywords">
<arg>1</arg>
<arg>3</arg>
<kw name="Get Current Date" library="DateTime">
<var>${now_tiem}</var>
<doc>Returns current local or UTC time with an optional increment.</doc>
<msg timestamp="20211226 21:08:41.829" level="INFO">${now_tiem} = 2021-12-26 21:08:41.828</msg>
<status status="PASS" starttime="20211226 21:08:41.828" endtime="20211226 21:08:41.829"/>
</kw>
<kw name="Add Time To Date" library="DateTime">
<var>${abFrom}</var>
<arg>${now_tiem}</arg>
<arg>${start_day_add} days</arg>
<doc>Adds time to date and returns the resulting date.</doc>
<msg timestamp="20211226 21:08:41.830" level="INFO">${abFrom} = 2021-12-27 21:08:41.828</msg>
<status status="PASS" starttime="20211226 21:08:41.829" endtime="20211226 21:08:41.831"/>
</kw>
<kw name="Add Time To Date" library="DateTime">
<var>${abTo}</var>
<arg>${abFrom}</arg>
<arg>${end_day_add} days</arg>
<doc>Adds time to date and returns the resulting date.</doc>
<msg timestamp="20211226 21:08:41.831" level="INFO">${abTo} = 2021-12-30 21:08:41.828</msg>
<status status="PASS" starttime="20211226 21:08:41.831" endtime="20211226 21:08:41.831"/>
</kw>
<kw name="Convert Date" library="DateTime">
<var>${s_t}</var>
<arg>${abFrom}</arg>
<arg>datetime</arg>
<doc>Converts between supported `date formats`.</doc>
<msg timestamp="20211226 21:08:41.831" level="INFO">${s_t} = 2021-12-27 21:08:41.828000</msg>
<status status="PASS" starttime="20211226 21:08:41.831" endtime="20211226 21:08:41.831"/>
</kw>
<kw name="Convert Date" library="DateTime">
<var>${e_t}</var>
<arg>${abTo}</arg>
<arg>datetime</arg>
<doc>Converts between supported `date formats`.</doc>
<msg timestamp="20211226 21:08:41.831" level="INFO">${e_t} = 2021-12-30 21:08:41.828000</msg>
<status status="PASS" starttime="20211226 21:08:41.831" endtime="20211226 21:08:41.831"/>
</kw>
<kw name="Get En Month" library="CommonLibrary">
<var>${s_month}</var>
<arg>${s_t.month}</arg>
<msg timestamp="20211226 21:08:41.833" level="INFO">${s_month} = December</msg>
<status status="PASS" starttime="20211226 21:08:41.831" endtime="20211226 21:08:41.833"/>
</kw>
<kw name="Get En Month" library="CommonLibrary">
<var>${e_month}</var>
<arg>${e_t.month}</arg>
<msg timestamp="20211226 21:08:41.834" level="INFO">${e_month} = December</msg>
<status status="PASS" starttime="20211226 21:08:41.833" endtime="20211226 21:08:41.834"/>
</kw>
<kw name="Seller Marketing - Clear Start Time" library="SellerMarketingKeywords">
<kw name="Mouse Over" library="Selenium2Library">
<arg>//input[@placeholder="Start Time"]</arg>
<doc>Simulates hovering the mouse over the element ``locator``.</doc>
<msg timestamp="20211226 21:08:41.835" level="INFO">Simulating Mouse Over on element '//input[@placeholder="Start Time"]'.</msg>
<status status="PASS" starttime="20211226 21:08:41.834" endtime="20211226 21:08:42.126"/>
</kw>
<kw name="Click Element" library="Selenium2Library">
<arg>//input[@placeholder="Start Time"]/following-sibling::div//*[contains(@class,"icon-tabler-x")]</arg>
<doc>Click the element identified by ``locator``.</doc>
<msg timestamp="20211226 21:08:42.127" level="INFO">Clicking element '//input[@placeholder="Start Time"]/following-sibling::div//*[contains(@class,"icon-tabler-x")]'.</msg>
<status status="PASS" starttime="20211226 21:08:42.126" endtime="20211226 21:08:42.203"/>
</kw>
<status status="PASS" starttime="20211226 21:08:41.834" endtime="20211226 21:08:42.203"/>
</kw>
<kw name="Seller Marketing - Click Start Time" library="SellerMarketingKeywords">
<kw name="Click Element" library="Selenium2Library">
<arg>//input[@placeholder="Start Time"]</arg>
<doc>Click the element identified by ``locator``.</doc>
<msg timestamp="20211226 21:08:42.204" level="INFO">Clicking element '//input[@placeholder="Start Time"]'.</msg>
<status status="PASS" starttime="20211226 21:08:42.204" endtime="20211226 21:08:42.246"/>
</kw>
<status status="PASS" starttime="20211226 21:08:42.204" endtime="20211226 21:08:42.246"/>
</kw>
<kw name="Seller Marketing - Select Timeframe" library="SellerMarketingKeywords">
<arg>${s_t.year}</arg>
<arg>${s_month}</arg>
<arg>${s_t.day}</arg>
<arg>${s_t.hour}</arg>
<arg>${s_t.minute}</arg>
<arg>${s_t.second}</arg>
<kw name="Click Element" library="Selenium2Library">
<arg>//div[contains(@class,"rmdp-header-values")]//span[2]</arg>
<doc>Click the element identified by ``locator``.</doc>
<msg timestamp="20211226 21:08:42.252" level="INFO">Clicking element '//div[contains(@class,"rmdp-header-values")]//span[2]'.</msg>
<status status="PASS" starttime="20211226 21:08:42.251" endtime="20211226 21:08:42.287"/>
</kw>
<kw name="Sleep" library="BuiltIn">
<arg>0.5</arg>
<doc>Pauses the test executed for the given time.</doc>
<msg timestamp="20211226 21:08:42.801" level="INFO">Slept 500 milliseconds</msg>
<status status="PASS" starttime="20211226 21:08:42.288" endtime="20211226 21:08:42.802"/>
</kw>
<kw name="Click Element" library="Selenium2Library">
<arg>//div[contains(@class,"rmdp-year-picker")]//span[text()="${year}"]/parent::div</arg>
<doc>Click the element identified by ``locator``.</doc>
<msg timestamp="20211226 21:08:42.803" level="INFO">Clicking element '//div[contains(@class,"rmdp-year-picker")]//span[text()="2021"]/parent::div'.</msg>
<status status="PASS" starttime="20211226 21:08:42.802" endtime="20211226 21:08:42.839"/>
</kw>
<kw name="Sleep" library="BuiltIn">
<arg>0.5</arg>
<doc>Pauses the test executed for the given time.</doc>
<msg timestamp="20211226 21:08:43.347" level="INFO">Slept 500 milliseconds</msg>
<status status="PASS" starttime="20211226 21:08:42.839" endtime="20211226 21:08:43.347"/>
</kw>
<kw name="Click Element" library="Selenium2Library">
<arg>//div[contains(@class,"rmdp-header-values")]//span[1]</arg>
<doc>Click the element identified by ``locator``.</doc>
<msg timestamp="20211226 21:08:43.348" level="INFO">Clicking element '//div[contains(@class,"rmdp-header-values")]//span[1]'.</msg>
<status status="PASS" starttime="20211226 21:08:43.348" endtime="20211226 21:08:43.383"/>
</kw>
<kw name="Sleep" library="BuiltIn">
<arg>0.5</arg>
<doc>Pauses the test executed for the given time.</doc>
<msg timestamp="20211226 21:08:43.889" level="INFO">Slept 500 milliseconds</msg>
<status status="PASS" starttime="20211226 21:08:43.383" endtime="20211226 21:08:43.889"/>
</kw>
<kw name="Click Element" library="Selenium2Library">
<arg>//div[contains(@class,"rmdp-month-picker")]//span[contains(text(),"${month}")]/parent::div</arg>
<doc>Click the element identified by ``locator``.</doc>
<msg timestamp="20211226 21:08:43.889" level="INFO">Clicking element '//div[contains(@class,"rmdp-month-picker")]//span[contains(text(),"December")]/parent::div'.</msg>
<status status="PASS" starttime="20211226 21:08:43.889" endtime="20211226 21:08:43.920"/>
</kw>
<kw name="Sleep" library="BuiltIn">
<arg>0.5</arg>
<doc>Pauses the test executed for the given time.</doc>
<msg timestamp="20211226 21:08:44.430" level="INFO">Slept 500 milliseconds</msg>
<status status="PASS" starttime="20211226 21:08:43.921" endtime="20211226 21:08:44.430"/>
</kw>
<kw name="Double Click Element" library="Selenium2Library">
<arg>//div[contains(@class,"rmdp-time-picker")]//input[@name="hour"]</arg>
<doc>Double clicks the element identified by ``locator``.</doc>
<msg timestamp="20211226 21:08:44.431" level="INFO">Double clicking element '//div[contains(@class,"rmdp-time-picker")]//input[@name="hour"]'.</msg>
<status status="PASS" starttime="20211226 21:08:44.431" endtime="20211226 21:08:44.714"/>
</kw>
<kw name="Input Text" library="Selenium2Library">
<arg>//div[contains(@class,"rmdp-time-picker")]//input[@name="hour"]</arg>
<arg>${hour}</arg>
<doc>Types the given ``text`` into the text field identified by ``locator``.</doc>
<msg timestamp="20211226 21:08:44.715" level="INFO">Typing text '21' into text field '//div[contains(@class,"rmdp-time-picker")]//input[@name="hour"]'.</msg>
<status status="PASS" starttime="20211226 21:08:44.714" endtime="20211226 21:08:44.807"/>
</kw>
<kw name="Double Click Element" library="Selenium2Library">
<arg>//div[contains(@class,"rmdp-time-picker")]//input[@name="minute"]</arg>
<doc>Double clicks the element identified by ``locator``.</doc>
<msg timestamp="20211226 21:08:44.807" level="INFO">Double clicking element '//div[contains(@class,"rmdp-time-picker")]//input[@name="minute"]'.</msg>
<status status="PASS" starttime="20211226 21:08:44.807" endtime="20211226 21:08:45.107"/>
</kw>
<kw name="Input Text" library="Selenium2Library">
<arg>//div[contains(@class,"rmdp-time-picker")]//input[@name="minute"]</arg>
<arg>${minute}</arg>
<doc>Types the given ``text`` into the text field identified by ``locator``.</doc>
<msg timestamp="20211226 21:08:45.107" level="INFO">Typing text '8' into text field '//div[contains(@class,"rmdp-time-picker")]//input[@name="minute"]'.</msg>
<status status="PASS" starttime="20211226 21:08:45.107" endtime="20211226 21:08:45.174"/>
</kw>
<kw name="Double Click Element" library="Selenium2Library">
<arg>//div[contains(@class,"rmdp-time-picker")]//input[@name="second"]</arg>
<doc>Double clicks the element identified by ``locator``.</doc>
<msg timestamp="20211226 21:08:45.174" level="INFO">Double clicking element '//div[contains(@class,"rmdp-time-picker")]//input[@name="second"]'.</msg>
<status status="PASS" starttime="20211226 21:08:45.174" endtime="20211226 21:08:45.472"/>
</kw>
<kw name="Input Text" library="Selenium2Library">
<arg>//div[contains(@class,"rmdp-time-picker")]//input[@name="second"]</arg>
<arg>${second}</arg>
<doc>Types the given ``text`` into the text field identified by ``locator``.</doc>
<msg timestamp="20211226 21:08:45.473" level="INFO">Typing text '41' into text field '//div[contains(@class,"rmdp-time-picker")]//input[@name="second"]'.</msg>
<status status="PASS" starttime="20211226 21:08:45.472" endtime="20211226 21:08:45.564"/>
</kw>
<kw name="Sleep" library="BuiltIn">
<arg>0.5</arg>
<doc>Pauses the test executed for the given time.</doc>
<msg timestamp="20211226 21:08:46.079" level="INFO">Slept 500 milliseconds</msg>
<status status="PASS" starttime="20211226 21:08:45.565" endtime="20211226 21:08:46.080"/>
</kw>
<kw name="Click Element" library="Selenium2Library">
<arg>//div[contains(@class,"rmdp-calendar")]//span[text()="${day}"]</arg>
<doc>Click the element identified by ``locator``.</doc>
<msg timestamp="20211226 21:08:46.080" level="INFO">Clicking element '//div[contains(@class,"rmdp-calendar")]//span[text()="27"]'.</msg>
<status status="PASS" starttime="20211226 21:08:46.080" endtime="20211226 21:08:46.131"/>
</kw>
<status status="PASS" starttime="20211226 21:08:42.247" endtime="20211226 21:08:46.131"/>
</kw>
<kw name="Seller Marketing - Clear End Time" library="SellerMarketingKeywords">
<kw name="Mouse Over" library="Selenium2Library">
<arg>//input[@placeholder="End Time"]</arg>
<doc>Simulates hovering the mouse over the element ``locator``.</doc>
<msg timestamp="20211226 21:08:46.132" level="INFO">Simulating Mouse Over on element '//input[@placeholder="End Time"]'.</msg>
<status status="PASS" starttime="20211226 21:08:46.131" endtime="20211226 21:08:46.406"/>
</kw>
<kw name="Click Element" library="Selenium2Library">
<arg>//input[@placeholder="End Time"]/following-sibling::div//*[contains(@class,"icon-tabler-x")]</arg>
<doc>Click the element identified by ``locator``.</doc>
<msg timestamp="20211226 21:08:46.407" level="INFO">Clicking element '//input[@placeholder="End Time"]/following-sibling::div//*[contains(@class,"icon-tabler-x")]'.</msg>
<status status="PASS" starttime="20211226 21:08:46.407" endtime="20211226 21:08:46.453"/>
</kw>
<status status="PASS" starttime="20211226 21:08:46.131" endtime="20211226 21:08:46.454"/>
</kw>
<kw name="Seller Marketing - Click End Time" library="SellerMarketingKeywords">
<kw name="Click Element" library="Selenium2Library">
<arg>//input[@placeholder="End Time"]</arg>
<doc>Click the element identified by ``locator``.</doc>
<msg timestamp="20211226 21:08:46.455" level="INFO">Clicking element '//input[@placeholder="End Time"]'.</msg>
<status status="PASS" starttime="20211226 21:08:46.454" endtime="20211226 21:08:46.482"/>
</kw>
<status status="PASS" starttime="20211226 21:08:46.454" endtime="20211226 21:08:46.482"/>
</kw>
<kw name="Seller Marketing - Select Timeframe" library="SellerMarketingKeywords">
<arg>${e_t.year}</arg>
<arg>${e_month}</arg>
<arg>${e_t.day}</arg>
<arg>${e_t.hour}</arg>
<arg>${e_t.minute}</arg>
<arg>${e_t.second}</arg>
<kw name="Click Element" library="Selenium2Library">
<arg>//div[contains(@class,"rmdp-header-values")]//span[2]</arg>
<doc>Click the element identified by ``locator``.</doc>
<msg timestamp="20211226 21:08:46.486" level="INFO">Clicking element '//div[contains(@class,"rmdp-header-values")]//span[2]'.</msg>
<status status="PASS" starttime="20211226 21:08:46.486" endtime="20211226 21:08:46.516"/>
</kw>
<kw name="Sleep" library="BuiltIn">
<arg>0.5</arg>
<doc>Pauses the test executed for the given time.</doc>
<msg timestamp="20211226 21:08:47.027" level="INFO">Slept 500 milliseconds</msg>
<status status="PASS" starttime="20211226 21:08:46.516" endtime="20211226 21:08:47.027"/>
</kw>
<kw name="Click Element" library="Selenium2Library">
<arg>//div[contains(@class,"rmdp-year-picker")]//span[text()="${year}"]/parent::div</arg>
<doc>Click the element identified by ``locator``.</doc>
<msg timestamp="20211226 21:08:47.027" level="INFO">Clicking element '//div[contains(@class,"rmdp-year-picker")]//span[text()="2021"]/parent::div'.</msg>
<status status="PASS" starttime="20211226 21:08:47.027" endtime="20211226 21:08:47.057"/>
</kw>
<kw name="Sleep" library="BuiltIn">
<arg>0.5</arg>
<doc>Pauses the test executed for the given time.</doc>
<msg timestamp="20211226 21:08:47.570" level="INFO">Slept 500 milliseconds</msg>
<status status="PASS" starttime="20211226 21:08:47.057" endtime="20211226 21:08:47.570"/>
</kw>
<kw name="Click Element" library="Selenium2Library">
<arg>//div[contains(@class,"rmdp-header-values")]//span[1]</arg>
<doc>Click the element identified by ``locator``.</doc>
<msg timestamp="20211226 21:08:47.570" level="INFO">Clicking element '//div[contains(@class,"rmdp-header-values")]//span[1]'.</msg>
<status status="PASS" starttime="20211226 21:08:47.570" endtime="20211226 21:08:47.599"/>
</kw>
<kw name="Sleep" library="BuiltIn">
<arg>0.5</arg>
<doc>Pauses the test executed for the given time.</doc>
<msg timestamp="20211226 21:08:48.114" level="INFO">Slept 500 milliseconds</msg>
<status status="PASS" starttime="20211226 21:08:47.599" endtime="20211226 21:08:48.114"/>
</kw>
<kw name="Click Element" library="Selenium2Library">
<arg>//div[contains(@class,"rmdp-month-picker")]//span[contains(text(),"${month}")]/parent::div</arg>
<doc>Click the element identified by ``locator``.</doc>
<msg timestamp="20211226 21:08:48.115" level="INFO">Clicking element '//div[contains(@class,"rmdp-month-picker")]//span[contains(text(),"December")]/parent::div'.</msg>
<status status="PASS" starttime="20211226 21:08:48.114" endtime="20211226 21:08:48.152"/>
</kw>
<kw name="Sleep" library="BuiltIn">
<arg>0.5</arg>
<doc>Pauses the test executed for the given time.</doc>
<msg timestamp="20211226 21:08:48.657" level="INFO">Slept 500 milliseconds</msg>
<status status="PASS" starttime="20211226 21:08:48.152" endtime="20211226 21:08:48.658"/>
</kw>
<kw name="Double Click Element" library="Selenium2Library">
<arg>//div[contains(@class,"rmdp-time-picker")]//input[@name="hour"]</arg>
<doc>Double clicks the element identified by ``locator``.</doc>
<msg timestamp="20211226 21:08:48.659" level="INFO">Double clicking element '//div[contains(@class,"rmdp-time-picker")]//input[@name="hour"]'.</msg>
<status status="PASS" starttime="20211226 21:08:48.658" endtime="20211226 21:08:48.953"/>
</kw>
<kw name="Input Text" library="Selenium2Library">
<arg>//div[contains(@class,"rmdp-time-picker")]//input[@name="hour"]</arg>
<arg>${hour}</arg>
<doc>Types the given ``text`` into the text field identified by ``locator``.</doc>
<msg timestamp="20211226 21:08:48.954" level="INFO">Typing text '21' into text field '//div[contains(@class,"rmdp-time-picker")]//input[@name="hour"]'.</msg>
<status status="PASS" starttime="20211226 21:08:48.953" endtime="20211226 21:08:49.013"/>
</kw>
<kw name="Double Click Element" library="Selenium2Library">
<arg>//div[contains(@class,"rmdp-time-picker")]//input[@name="minute"]</arg>
<doc>Double clicks the element identified by ``locator``.</doc>
<msg timestamp="20211226 21:08:49.014" level="INFO">Double clicking element '//div[contains(@class,"rmdp-time-picker")]//input[@name="minute"]'.</msg>
<status status="PASS" starttime="20211226 21:08:49.014" endtime="20211226 21:08:49.303"/>
</kw>
<kw name="Input Text" library="Selenium2Library">
<arg>//div[contains(@class,"rmdp-time-picker")]//input[@name="minute"]</arg>
<arg>${minute}</arg>
<doc>Types the given ``text`` into the text field identified by ``locator``.</doc>
<msg timestamp="20211226 21:08:49.304" level="INFO">Typing text '8' into text field '//div[contains(@class,"rmdp-time-picker")]//input[@name="minute"]'.</msg>
<status status="PASS" starttime="20211226 21:08:49.304" endtime="20211226 21:08:49.359"/>
</kw>
<kw name="Double Click Element" library="Selenium2Library">
<arg>//div[contains(@class,"rmdp-time-picker")]//input[@name="second"]</arg>
<doc>Double clicks the element identified by ``locator``.</doc>
<msg timestamp="20211226 21:08:49.359" level="INFO">Double clicking element '//div[contains(@class,"rmdp-time-picker")]//input[@name="second"]'.</msg>
<status status="PASS" starttime="20211226 21:08:49.359" endtime="20211226 21:08:49.666"/>
</kw>
<kw name="Input Text" library="Selenium2Library">
<arg>//div[contains(@class,"rmdp-time-picker")]//input[@name="second"]</arg>
<arg>${second}</arg>
<doc>Types the given ``text`` into the text field identified by ``locator``.</doc>
<msg timestamp="20211226 21:08:49.667" level="INFO">Typing text '41' into text field '//div[contains(@class,"rmdp-time-picker")]//input[@name="second"]'.</msg>
<status status="PASS" starttime="20211226 21:08:49.667" endtime="20211226 21:08:49.747"/>
</kw>
<kw name="Sleep" library="BuiltIn">
<arg>0.5</arg>
<doc>Pauses the test executed for the given time.</doc>
<msg timestamp="20211226 21:08:50.250" level="INFO">Slept 500 milliseconds</msg>
<status status="PASS" starttime="20211226 21:08:49.747" endtime="20211226 21:08:50.250"/>
</kw>
<kw name="Click Element" library="Selenium2Library">
<arg>//div[contains(@class,"rmdp-calendar")]//span[text()="${day}"]</arg>
<doc>Click the element identified by ``locator``.</doc>
<msg timestamp="20211226 21:08:50.251" level="INFO">Clicking element '//div[contains(@class,"rmdp-calendar")]//span[text()="30"]'.</msg>
<status status="PASS" starttime="20211226 21:08:50.250" endtime="20211226 21:08:50.306"/>
</kw>
<status status="PASS" starttime="20211226 21:08:46.482" endtime="20211226 21:08:50.306"/>
</kw>
<status status="PASS" starttime="20211226 21:08:41.828" endtime="20211226 21:08:50.306"/>
</kw>
<kw name="Seller Marketing - Click Button Select Product" library="SellerMarketingKeywords">
<kw name="Scroll Element Into View" library="Selenium2Library">
<arg>//div[text()="Select Product"]/parent::button</arg>
<doc>Scrolls the element identified by ``locator`` into view.</doc>
<status status="PASS" starttime="20211226 21:08:50.307" endtime="20211226 21:08:50.594"/>
</kw>
<kw name="Click Element" library="Selenium2Library">
<arg>//div[text()="Select Product"]/parent::button</arg>
<doc>Click the element identified by ``locator``.</doc>
<msg timestamp="20211226 21:08:50.594" level="INFO">Clicking element '//div[text()="Select Product"]/parent::button'.</msg>
<status status="PASS" starttime="20211226 21:08:50.594" endtime="20211226 21:08:50.655"/>
</kw>
<kw name="Wait Until Element Is Visible" library="Selenium2Library">
<arg>//h3[text()="Choose Products to add"]</arg>
<doc>Waits until the element ``locator`` is visible.</doc>
<status status="PASS" starttime="20211226 21:08:50.655" endtime="20211226 21:08:50.674"/>
</kw>
<kw name="Wait Until Element Is Visible" library="Selenium2Library">
<arg>//table//tbody//td[4]//p</arg>
<doc>Waits until the element ``locator`` is visible.</doc>
<status status="PASS" starttime="20211226 21:08:50.674" endtime="20211226 21:08:50.697"/>
</kw>
<kw name="Sleep" library="BuiltIn">
<arg>1</arg>
<doc>Pauses the test executed for the given time.</doc>
<msg timestamp="20211226 21:08:51.709" level="INFO">Slept 1 second</msg>
<status status="PASS" starttime="20211226 21:08:50.697" endtime="20211226 21:08:51.710"/>
</kw>
<status status="PASS" starttime="20211226 21:08:50.307" endtime="20211226 21:08:51.710"/>
</kw>
<kw name="Seller Marketing - Select Product - Selected By Index" library="SellerMarketingKeywords">
<doc>index:=0 - select all; &gt;0 - select by line index</doc>
<if>
<branch type="IF" condition="'${index}'=='0'">
<kw name="Click Element" library="Selenium2Library">
<arg>//table//thead//th//*[@stroke="currentColor"]</arg>
<doc>Click the element identified by ``locator``.</doc>
<status status="NOT RUN" starttime="20211226 21:08:51.711" endtime="20211226 21:08:51.711"/>
</kw>
<status status="NOT RUN" starttime="20211226 21:08:51.711" endtime="20211226 21:08:51.711"/>
</branch>
<branch type="ELSE">
<kw name="Click Element" library="Selenium2Library">
<arg>(//table//tbody//td//*[@stroke="currentColor"])[${index}]</arg>
<doc>Click the element identified by ``locator``.</doc>
<msg timestamp="20211226 21:08:51.712" level="INFO">Clicking element '(//table//tbody//td//*[@stroke="currentColor"])[1]'.</msg>
<status status="PASS" starttime="20211226 21:08:51.711" endtime="20211226 21:08:51.746"/>
</kw>
<status status="PASS" starttime="20211226 21:08:51.711" endtime="20211226 21:08:51.746"/>
</branch>
<status status="PASS" starttime="20211226 21:08:51.711" endtime="20211226 21:08:51.746"/>
</if>
<status status="PASS" starttime="20211226 21:08:51.711" endtime="20211226 21:08:51.746"/>
</kw>
<kw name="Seller Marketing - Select Product - Add" library="SellerMarketingKeywords">
<kw name="Click Element" library="Selenium2Library">
<arg>//div[text()="ADD"]/parent::button</arg>
<doc>Click the element identified by ``locator``.</doc>
<msg timestamp="20211226 21:08:51.747" level="INFO">Clicking element '//div[text()="ADD"]/parent::button'.</msg>
<status status="PASS" starttime="20211226 21:08:51.747" endtime="20211226 21:08:51.822"/>
</kw>
<kw name="Wait Until Element Is Not Visible" library="Selenium2Library">
<arg>//div[text()="ADD"]/parent::button</arg>
<doc>Waits until the element ``locator`` is not visible.</doc>
<status status="PASS" starttime="20211226 21:08:51.822" endtime="20211226 21:08:52.056"/>
</kw>
<kw name="Sleep" library="BuiltIn">
<arg>1</arg>
<doc>Pauses the test executed for the given time.</doc>
<msg timestamp="20211226 21:08:53.069" level="INFO">Slept 1 second</msg>
<status status="PASS" starttime="20211226 21:08:52.056" endtime="20211226 21:08:53.069"/>
</kw>
<status status="PASS" starttime="20211226 21:08:51.747" endtime="20211226 21:08:53.070"/>
</kw>
<kw name="Seller Marketing - Input Conditions Value" library="SellerMarketingKeywords">
<arg>99</arg>
<kw name="Clear Element Value" library="CommonKeywords">
<arg>//*[@id="initBuyValue"]</arg>
<kw name="Click Element" library="Selenium2Library">
<arg>${element}</arg>
<doc>Click the element identified by ``locator``.</doc>
<msg timestamp="20211226 21:08:53.072" level="INFO">Clicking element '//*[@id="initBuyValue"]'.</msg>
<status status="PASS" starttime="20211226 21:08:53.071" endtime="20211226 21:08:53.106"/>
</kw>
<kw name="Press Keys" library="Selenium2Library">
<arg>None</arg>
<arg>${CTRL_OR_COMMAND}+A</arg>
<doc>Simulates the user pressing key(s) to an element or on the active browser.</doc>
<msg timestamp="20211226 21:08:53.108" level="INFO">Sending key(s) ('CONTROL+A',) to page.</msg>
<msg timestamp="20211226 21:08:53.108" level="INFO">Pressing special key CONTROL down.</msg>
<msg timestamp="20211226 21:08:53.108" level="INFO">Sending key A</msg>
<msg timestamp="20211226 21:08:53.108" level="INFO">Releasing special key CONTROL.</msg>
<status status="PASS" starttime="20211226 21:08:53.107" endtime="20211226 21:08:53.114"/>
</kw>
<kw name="Press Keys" library="Selenium2Library">
<arg>None</arg>
<arg>DELETE</arg>
<doc>Simulates the user pressing key(s) to an element or on the active browser.</doc>
<msg timestamp="20211226 21:08:53.116" level="INFO">Sending key(s) ('DELETE',) to page.</msg>
<msg timestamp="20211226 21:08:53.116" level="INFO">Pressing special key DELETE to browser.</msg>
<msg timestamp="20211226 21:08:53.116" level="INFO">Releasing special key DELETE.</msg>
<status status="PASS" starttime="20211226 21:08:53.115" endtime="20211226 21:08:53.135"/>
</kw>
<status status="PASS" starttime="20211226 21:08:53.071" endtime="20211226 21:08:53.135"/>
</kw>
<kw name="Input Text" library="Selenium2Library">
<arg>//*[@id="initBuyValue"]</arg>
<arg>${buy_value}</arg>
<doc>Types the given ``text`` into the text field identified by ``locator``.</doc>
<msg timestamp="20211226 21:08:53.136" level="INFO">Typing text '99' into text field '//*[@id="initBuyValue"]'.</msg>
<status status="PASS" starttime="20211226 21:08:53.135" endtime="20211226 21:08:53.263"/>
</kw>
<kw name="Sleep" library="BuiltIn">
<arg>0.5</arg>
<doc>Pauses the test executed for the given time.</doc>
<msg timestamp="20211226 21:08:53.765" level="INFO">Slept 500 milliseconds</msg>
<status status="PASS" starttime="20211226 21:08:53.264" endtime="20211226 21:08:53.765"/>
</kw>
<status status="PASS" starttime="20211226 21:08:53.070" endtime="20211226 21:08:53.765"/>
</kw>
<kw name="Seller Marketing - Input Get Value" library="SellerMarketingKeywords">
<arg>9</arg>
<kw name="Clear Element Value" library="CommonKeywords">
<arg>//*[@id="initGetValue"]</arg>
<kw name="Click Element" library="Selenium2Library">
<arg>${element}</arg>
<doc>Click the element identified by ``locator``.</doc>
<msg timestamp="20211226 21:08:53.766" level="INFO">Clicking element '//*[@id="initGetValue"]'.</msg>
<status status="PASS" starttime="20211226 21:08:53.766" endtime="20211226 21:08:53.816"/>
</kw>
<kw name="Press Keys" library="Selenium2Library">
<arg>None</arg>
<arg>${CTRL_OR_COMMAND}+A</arg>
<doc>Simulates the user pressing key(s) to an element or on the active browser.</doc>
<msg timestamp="20211226 21:08:53.817" level="INFO">Sending key(s) ('CONTROL+A',) to page.</msg>
<msg timestamp="20211226 21:08:53.817" level="INFO">Pressing special key CONTROL down.</msg>
<msg timestamp="20211226 21:08:53.817" level="INFO">Sending key A</msg>
<msg timestamp="20211226 21:08:53.817" level="INFO">Releasing special key CONTROL.</msg>
<status status="PASS" starttime="20211226 21:08:53.816" endtime="20211226 21:08:53.823"/>
</kw>
<kw name="Press Keys" library="Selenium2Library">
<arg>None</arg>
<arg>DELETE</arg>
<doc>Simulates the user pressing key(s) to an element or on the active browser.</doc>
<msg timestamp="20211226 21:08:53.823" level="INFO">Sending key(s) ('DELETE',) to page.</msg>
<msg timestamp="20211226 21:08:53.823" level="INFO">Pressing special key DELETE to browser.</msg>
<msg timestamp="20211226 21:08:53.823" level="INFO">Releasing special key DELETE.</msg>
<status status="PASS" starttime="20211226 21:08:53.823" endtime="20211226 21:08:53.844"/>
</kw>
<status status="PASS" starttime="20211226 21:08:53.766" endtime="20211226 21:08:53.844"/>
</kw>
<kw name="Input Text" library="Selenium2Library">
<arg>//*[@id="initGetValue"]</arg>
<arg>${get_value}</arg>
<doc>Types the given ``text`` into the text field identified by ``locator``.</doc>
<msg timestamp="20211226 21:08:53.844" level="INFO">Typing text '9' into text field '//*[@id="initGetValue"]'.</msg>
<status status="PASS" starttime="20211226 21:08:53.844" endtime="20211226 21:08:53.924"/>
</kw>
<kw name="Sleep" library="BuiltIn">
<arg>0.5</arg>
<doc>Pauses the test executed for the given time.</doc>
<msg timestamp="20211226 21:08:54.433" level="INFO">Slept 500 milliseconds</msg>
<status status="PASS" starttime="20211226 21:08:53.925" endtime="20211226 21:08:54.433"/>
</kw>
<status status="PASS" starttime="20211226 21:08:53.766" endtime="20211226 21:08:54.433"/>
</kw>
<kw name="Seller Marketing - Check For Example Text By Promotion Type" library="SellerMarketingKeywords">
<arg>${Promotion_Type}</arg>
<arg>99</arg>
<arg>9</arg>
<kw name="Scroll Element Into View" library="Selenium2Library">
<arg>//div[text()="BACK"]</arg>
<doc>Scrolls the element identified by ``locator`` into view.</doc>
<status status="PASS" starttime="20211226 21:08:54.434" endtime="20211226 21:08:54.717"/>
</kw>
<kw name="Sleep" library="BuiltIn">
<arg>1</arg>
<doc>Pauses the test executed for the given time.</doc>
<msg timestamp="20211226 21:08:55.721" level="INFO">Slept 1 second</msg>
<status status="PASS" starttime="20211226 21:08:54.717" endtime="20211226 21:08:55.721"/>
</kw>
<if>
<branch type="IF" condition="'${pom_type}'=='1'">
<kw name="Page Should Contain Element" library="Selenium2Library">
<arg>//h4[text()="For example: Spend $${buy_value} or more get ${get_value}% Off"]</arg>
<doc>Verifies that element ``locator`` is found on the current page.</doc>
<msg timestamp="20211226 21:08:55.730" level="INFO">Current page contains element '//h4[text()="For example: Spend $99 or more get 9% Off"]'.</msg>
<status status="PASS" starttime="20211226 21:08:55.722" endtime="20211226 21:08:55.730"/>
</kw>
<status status="PASS" starttime="20211226 21:08:55.721" endtime="20211226 21:08:55.730"/>
</branch>
<branch type="ELSE IF" condition="'${pom_type}'=='2'">
<kw name="Page Should Contain Element" library="Selenium2Library">
<arg>//h4[text()="For example: Spend $${buy_value} get $${get_value} amount Off"]</arg>
<doc>Verifies that element ``locator`` is found on the current page.</doc>
<status status="NOT RUN" starttime="20211226 21:08:55.730" endtime="20211226 21:08:55.730"/>
</kw>
<status status="NOT RUN" starttime="20211226 21:08:55.730" endtime="20211226 21:08:55.730"/>
</branch>
<branch type="ELSE IF" condition="'${pom_type}'=='3'">
<kw name="Page Should Contain Element" library="Selenium2Library">
<arg>//h4[text()="For example: Buy ${buy_value} get ${get_value} piece ${off_value}% Off"]</arg>
<doc>Verifies that element ``locator`` is found on the current page.</doc>
<status status="NOT RUN" starttime="20211226 21:08:55.731" endtime="20211226 21:08:55.731"/>
</kw>
<status status="NOT RUN" starttime="20211226 21:08:55.730" endtime="20211226 21:08:55.731"/>
</branch>
<branch type="ELSE IF" condition="'${pom_type}'=='4'">
<kw name="Page Should Contain Element" library="Selenium2Library">
<arg>//h4[text()="For example: Buy ${buy_value} get ${get_value} piece free"]</arg>
<doc>Verifies that element ``locator`` is found on the current page.</doc>
<status status="NOT RUN" starttime="20211226 21:08:55.731" endtime="20211226 21:08:55.731"/>
</kw>
<status status="NOT RUN" starttime="20211226 21:08:55.731" endtime="20211226 21:08:55.731"/>
</branch>
<branch type="ELSE IF" condition="'${pom_type}'=='5'">
<kw name="Page Should Contain Element" library="Selenium2Library">
<arg>//h4[text()="For example: get ${buy_value} %Off "]</arg>
<doc>Verifies that element ``locator`` is found on the current page.</doc>
<status status="NOT RUN" starttime="20211226 21:08:55.731" endtime="20211226 21:08:55.731"/>
</kw>
<status status="NOT RUN" starttime="20211226 21:08:55.731" endtime="20211226 21:08:55.731"/>
</branch>
<branch type="ELSE IF" condition="'${pom_type}'=='6'">
<kw name="Page Should Contain Element" library="Selenium2Library">
<arg>//h4[text()="For example: Buy ${buy_value} Pieces or more for${SPACE_*_2}${get_value} % Off"]</arg>
<doc>Verifies that element ``locator`` is found on the current page.</doc>
<status status="NOT RUN" starttime="20211226 21:08:55.731" endtime="20211226 21:08:55.731"/>
</kw>
<status status="NOT RUN" starttime="20211226 21:08:55.731" endtime="20211226 21:08:55.731"/>
</branch>
<branch type="ELSE">
<kw name="Log" library="BuiltIn">
<arg>${pom_type}</arg>
<doc>Logs the given message with the given level.</doc>
<status status="NOT RUN" starttime="20211226 21:08:55.731" endtime="20211226 21:08:55.731"/>
</kw>
<status status="NOT RUN" starttime="20211226 21:08:55.731" endtime="20211226 21:08:55.731"/>
</branch>
<status status="PASS" starttime="20211226 21:08:55.721" endtime="20211226 21:08:55.731"/>
</if>
<kw name="Capture Page Screenshot" library="Selenium2Library">
<arg>example-${pom_type}.png</arg>
<doc>Takes a screenshot of the current page and embeds it into a log file.</doc>
<msg timestamp="20211226 21:08:55.881" level="INFO" html="true">&lt;/td&gt;&lt;/tr&gt;&lt;tr&gt;&lt;td colspan="3"&gt;&lt;a href="example-1.png"&gt;&lt;img src="example-1.png" width="800px"&gt;&lt;/a&gt;</msg>
<status status="PASS" starttime="20211226 21:08:55.731" endtime="20211226 21:08:55.881"/>
</kw>
<status status="PASS" starttime="20211226 21:08:54.433" endtime="20211226 21:08:55.881"/>
</kw>
<doc>Create new customer promotion by type - spend &amp; get - % off</doc>
<tag>mp</tag>
<tag>mp-marketing</tag>
<tag>mp-marketing-create-test</tag>
<tag>mp-mk1-2</tag>
<status status="PASS" starttime="20211226 21:08:30.917" endtime="20211226 21:08:55.881"/>
</test>
<status status="PASS" starttime="20211226 21:08:17.198" endtime="20211226 21:08:55.882"/>
</suite>
<status status="PASS" starttime="20211226 21:08:17.196" endtime="20211226 21:08:55.884"/>
</suite>
<status status="PASS" starttime="20211226 21:08:17.176" endtime="20211226 21:08:55.885"/>
</suite>
<statistics>
<total>
<stat pass="2" fail="0" skip="0">All Tests</stat>
</total>
<tag>
<stat pass="2" fail="0" skip="0">mp</stat>
<stat pass="2" fail="0" skip="0">mp-marketing</stat>
<stat pass="2" fail="0" skip="0">mp-marketing-create-test</stat>
<stat pass="1" fail="0" skip="0">mp-marketing-list</stat>
<stat pass="2" fail="0" skip="0">mp-mk1-2</stat>
<stat pass="1" fail="0" skip="0">mp-mk3</stat>
<stat pass="1" fail="0" skip="0">mp-mk4</stat>
<stat pass="1" fail="0" skip="0">mp-mk5</stat>
<stat pass="1" fail="0" skip="0">mp-mk6</stat>
</tag>
<suite>
<stat pass="2" fail="0" skip="0" id="s1" name="TestCase">TestCase</stat>
<stat pass="2" fail="0" skip="0" id="s1-s1" name="MP">TestCase.MP</stat>
<stat pass="2" fail="0" skip="0" id="s1-s1-s1" name="801 SellerMarketingCase">TestCase.MP.801 SellerMarketingCase</stat>
</suite>
</statistics>
<errors>
</errors>
</robot>
